[2024-08-27T01:24:53.345+0000] {local_task_job_runner.py:120} INFO - ::group::Pre task execution logs
[2024-08-27T01:24:53.615+0000] {taskinstance.py:2076} INFO - Dependencies all met for dep_context=non-requeueable deps ti=<TaskInstance: postgres_operator_dag.insertar_en_tabla manual__2024-08-27T01:19:25.390676+00:00 [queued]>
[2024-08-27T01:24:53.663+0000] {taskinstance.py:2076} INFO - Dependencies all met for dep_context=requeueable deps ti=<TaskInstance: postgres_operator_dag.insertar_en_tabla manual__2024-08-27T01:19:25.390676+00:00 [queued]>
[2024-08-27T01:24:53.664+0000] {taskinstance.py:2306} INFO - Starting attempt 1 of 4
[2024-08-27T01:24:53.778+0000] {taskinstance.py:2330} INFO - Executing <Task(SQLExecuteQueryOperator): insertar_en_tabla> on 2024-08-27 01:19:25.390676+00:00
[2024-08-27T01:24:53.810+0000] {warnings.py:112} WARNING - /home/***/.local/lib/python3.12/site-packages/***/task/task_runner/standard_task_runner.py:61: DeprecationWarning: This process (pid=1307) is multi-threaded, use of fork() may lead to deadlocks in the child.
  pid = os.fork()

[2024-08-27T01:24:53.819+0000] {standard_task_runner.py:63} INFO - Started process 1310 to run task
[2024-08-27T01:24:53.828+0000] {standard_task_runner.py:90} INFO - Running: ['***', 'tasks', 'run', 'postgres_operator_dag', 'insertar_en_tabla', 'manual__2024-08-27T01:19:25.390676+00:00', '--job-id', '499', '--raw', '--subdir', 'DAGS_FOLDER/dag_creation.py', '--cfg-path', '/tmp/tmpwnfe1vdt']
[2024-08-27T01:24:53.833+0000] {standard_task_runner.py:91} INFO - Job 499: Subtask insertar_en_tabla
[2024-08-27T01:24:54.076+0000] {task_command.py:426} INFO - Running <TaskInstance: postgres_operator_dag.insertar_en_tabla manual__2024-08-27T01:19:25.390676+00:00 [running]> on host 6a900cf20cab
[2024-08-27T01:24:54.525+0000] {taskinstance.py:2648} INFO - Exporting env vars: AIRFLOW_CTX_DAG_OWNER='anderson_oca' AIRFLOW_CTX_DAG_ID='postgres_operator_dag' AIRFLOW_CTX_TASK_ID='insertar_en_tabla' AIRFLOW_CTX_EXECUTION_DATE='2024-08-27T01:19:25.390676+00:00' AIRFLOW_CTX_TRY_NUMBER='1' AIRFLOW_CTX_DAG_RUN_ID='manual__2024-08-27T01:19:25.390676+00:00'
[2024-08-27T01:24:54.526+0000] {taskinstance.py:430} INFO - ::endgroup::
[2024-08-27T01:24:54.626+0000] {sql.py:276} INFO - Executing: 
            INSERT INTO fin_mundo 
            (dt,pais)
            values 
                ('2025-12-12', 'Colombia'),
                ('2035-08-15', 'Brasil'),
                ('2030-09-21', 'Argentina'),
                ('2045-07-13', 'Chile'),
                ('2028-11-17', 'Ecuador'),
                ('2032-03-19', 'Peru'),
                ('2026-08-18', 'Uruguay'),
                ('2037-05-22', 'Paraguay'),
                ('2080-12-12', 'Venezuela'),
                ('2071-12-12', 'Mexico');
        
[2024-08-27T01:24:54.647+0000] {base.py:84} INFO - Using connection ID '***_operator_dag' for task execution.
[2024-08-27T01:24:54.678+0000] {base.py:84} INFO - Using connection ID '***_operator_dag' for task execution.
[2024-08-27T01:24:54.686+0000] {sql.py:487} INFO - Running statement: 
            INSERT INTO fin_mundo 
            (dt,pais)
            values 
                ('2025-12-12', 'Colombia'),
                ('2035-08-15', 'Brasil'),
                ('2030-09-21', 'Argentina'),
                ('2045-07-13', 'Chile'),
                ('2028-11-17', 'Ecuador'),
                ('2032-03-19', 'Peru'),
                ('2026-08-18', 'Uruguay'),
                ('2037-05-22', 'Paraguay'),
                ('2080-12-12', 'Venezuela'),
                ('2071-12-12', 'Mexico');
        , parameters: None
[2024-08-27T01:24:54.688+0000] {sql.py:496} INFO - Rows affected: 10
[2024-08-27T01:24:54.701+0000] {taskinstance.py:441} INFO - ::group::Post task execution logs
[2024-08-27T01:24:54.722+0000] {taskinstance.py:1206} INFO - Marking task as SUCCESS. dag_id=***_operator_dag, task_id=insertar_en_tabla, run_id=manual__2024-08-27T01:19:25.390676+00:00, execution_date=20240827T011925, start_date=20240827T012453, end_date=20240827T012454
[2024-08-27T01:24:54.778+0000] {local_task_job_runner.py:240} INFO - Task exited with return code 0
[2024-08-27T01:24:54.795+0000] {local_task_job_runner.py:222} INFO - ::endgroup::
