[2024-09-02T22:33:44.620+0000] {local_task_job_runner.py:120} INFO - ::group::Pre task execution logs
[2024-09-02T22:33:44.674+0000] {taskinstance.py:2076} INFO - Dependencies all met for dep_context=non-requeueable deps ti=<TaskInstance: data_sensors_DBU.sensar_archivo manual__2024-09-02T22:33:43.327276+00:00 [queued]>
[2024-09-02T22:33:44.685+0000] {taskinstance.py:2076} INFO - Dependencies all met for dep_context=requeueable deps ti=<TaskInstance: data_sensors_DBU.sensar_archivo manual__2024-09-02T22:33:43.327276+00:00 [queued]>
[2024-09-02T22:33:44.686+0000] {taskinstance.py:2306} INFO - Starting attempt 1 of 11
[2024-09-02T22:33:44.708+0000] {taskinstance.py:2330} INFO - Executing <Task(FileSensor): sensar_archivo> on 2024-09-02 22:33:43.327276+00:00
[2024-09-02T22:33:44.731+0000] {warnings.py:112} WARNING - /home/***/.local/lib/python3.12/site-packages/***/task/task_runner/standard_task_runner.py:61: DeprecationWarning: This process (pid=86) is multi-threaded, use of fork() may lead to deadlocks in the child.
  pid = os.fork()

[2024-09-02T22:33:44.734+0000] {standard_task_runner.py:63} INFO - Started process 89 to run task
[2024-09-02T22:33:44.742+0000] {standard_task_runner.py:90} INFO - Running: ['***', 'tasks', 'run', 'data_sensors_DBU', 'sensar_archivo', 'manual__2024-09-02T22:33:43.327276+00:00', '--job-id', '149', '--raw', '--subdir', 'DAGS_FOLDER/dag_sensor_csv.py', '--cfg-path', '/tmp/tmp6v6gcnim']
[2024-09-02T22:33:44.743+0000] {standard_task_runner.py:91} INFO - Job 149: Subtask sensar_archivo
[2024-09-02T22:33:44.863+0000] {task_command.py:426} INFO - Running <TaskInstance: data_sensors_DBU.sensar_archivo manual__2024-09-02T22:33:43.327276+00:00 [running]> on host 556e28ab3d3f
[2024-09-02T22:33:45.051+0000] {taskinstance.py:2648} INFO - Exporting env vars: AIRFLOW_CTX_DAG_EMAIL='anderson.coder.space@gmail.com' AIRFLOW_CTX_DAG_OWNER='ander_o' AIRFLOW_CTX_DAG_ID='data_sensors_DBU' AIRFLOW_CTX_TASK_ID='sensar_archivo' AIRFLOW_CTX_EXECUTION_DATE='2024-09-02T22:33:43.327276+00:00' AIRFLOW_CTX_TRY_NUMBER='1' AIRFLOW_CTX_DAG_RUN_ID='manual__2024-09-02T22:33:43.327276+00:00'
[2024-09-02T22:33:45.052+0000] {taskinstance.py:430} INFO - ::endgroup::
[2024-09-02T22:33:45.159+0000] {baseoperator.py:400} WARNING - FileSensor.execute cannot be called outside TaskInstance!
[2024-09-02T22:33:45.184+0000] {base.py:84} INFO - Using connection ID 'csv_files' for task execution.
[2024-09-02T22:33:45.190+0000] {filesystem.py:85} INFO - Poking for file /opt/***/data/data-*.csv
[2024-09-02T22:33:55.191+0000] {filesystem.py:85} INFO - Poking for file /opt/***/data/data-*.csv
[2024-09-02T22:34:05.192+0000] {filesystem.py:85} INFO - Poking for file /opt/***/data/data-*.csv
[2024-09-02T22:34:15.194+0000] {filesystem.py:85} INFO - Poking for file /opt/***/data/data-*.csv
[2024-09-02T22:34:25.196+0000] {filesystem.py:85} INFO - Poking for file /opt/***/data/data-*.csv
[2024-09-02T22:34:35.198+0000] {filesystem.py:85} INFO - Poking for file /opt/***/data/data-*.csv
[2024-09-02T22:34:35.198+0000] {filesystem.py:89} INFO - Found File /opt/***/data/data-uno.csv last modified: 20240902223426
[2024-09-02T22:34:35.198+0000] {base.py:294} INFO - Success criteria met. Exiting.
[2024-09-02T22:34:35.199+0000] {filesystem.py:85} INFO - Poking for file /opt/***/data/data-*.csv
[2024-09-02T22:34:35.199+0000] {filesystem.py:89} INFO - Found File /opt/***/data/data-uno.csv last modified: 20240902223426
[2024-09-02T22:34:35.199+0000] {taskinstance.py:441} INFO - ::group::Post task execution logs
[2024-09-02T22:34:35.265+0000] {taskinstance.py:1206} INFO - Marking task as SUCCESS. dag_id=data_sensors_DBU, task_id=sensar_archivo, run_id=manual__2024-09-02T22:33:43.327276+00:00, execution_date=20240902T223343, start_date=20240902T223344, end_date=20240902T223435
[2024-09-02T22:34:35.334+0000] {local_task_job_runner.py:240} INFO - Task exited with return code 0
[2024-09-02T22:34:35.401+0000] {taskinstance.py:3503} INFO - 1 downstream tasks scheduled from follow-on schedule check
[2024-09-02T22:34:35.415+0000] {local_task_job_runner.py:222} INFO - ::endgroup::
