[2024-08-27T01:19:06.125+0000] {local_task_job_runner.py:120} INFO - ::group::Pre task execution logs
[2024-08-27T01:19:06.913+0000] {taskinstance.py:2076} INFO - Dependencies all met for dep_context=non-requeueable deps ti=<TaskInstance: microdesafio_semana_10.init_project_data_creation scheduled__2024-02-16T00:00:00+00:00 [queued]>
[2024-08-27T01:19:07.082+0000] {taskinstance.py:2076} INFO - Dependencies all met for dep_context=requeueable deps ti=<TaskInstance: microdesafio_semana_10.init_project_data_creation scheduled__2024-02-16T00:00:00+00:00 [queued]>
[2024-08-27T01:19:07.126+0000] {taskinstance.py:2306} INFO - Starting attempt 1 of 1
[2024-08-27T01:19:07.569+0000] {taskinstance.py:2330} INFO - Executing <Task(BashOperator): init_project_data_creation> on 2024-02-16 00:00:00+00:00
[2024-08-27T01:19:07.888+0000] {warnings.py:112} WARNING - /home/***/.local/lib/python3.12/site-packages/***/task/task_runner/standard_task_runner.py:61: DeprecationWarning: This process (pid=332) is multi-threaded, use of fork() may lead to deadlocks in the child.
  pid = os.fork()

[2024-08-27T01:19:07.936+0000] {standard_task_runner.py:63} INFO - Started process 363 to run task
[2024-08-27T01:19:07.925+0000] {standard_task_runner.py:90} INFO - Running: ['***', 'tasks', 'run', 'microdesafio_semana_10', 'init_project_data_creation', 'scheduled__2024-02-16T00:00:00+00:00', '--job-id', '114', '--raw', '--subdir', 'DAGS_FOLDER/dag_test.py', '--cfg-path', '/tmp/tmpzogrzaw0']
[2024-08-27T01:19:08.017+0000] {standard_task_runner.py:91} INFO - Job 114: Subtask init_project_data_creation
[2024-08-27T01:19:09.206+0000] {task_command.py:426} INFO - Running <TaskInstance: microdesafio_semana_10.init_project_data_creation scheduled__2024-02-16T00:00:00+00:00 [running]> on host 6a900cf20cab
[2024-08-27T01:19:11.534+0000] {taskinstance.py:2648} INFO - Exporting env vars: AIRFLOW_CTX_DAG_OWNER='***' AIRFLOW_CTX_DAG_ID='microdesafio_semana_10' AIRFLOW_CTX_TASK_ID='init_project_data_creation' AIRFLOW_CTX_EXECUTION_DATE='2024-02-16T00:00:00+00:00' AIRFLOW_CTX_TRY_NUMBER='1' AIRFLOW_CTX_DAG_RUN_ID='scheduled__2024-02-16T00:00:00+00:00'
[2024-08-27T01:19:11.562+0000] {taskinstance.py:430} INFO - ::endgroup::
[2024-08-27T01:19:11.601+0000] {subprocess.py:63} INFO - Tmp dir root location: /tmp
[2024-08-27T01:19:11.605+0000] {subprocess.py:75} INFO - Running command: ['/usr/bin/bash', '-c', "echo 'start project'"]
[2024-08-27T01:19:11.654+0000] {subprocess.py:86} INFO - Output:
[2024-08-27T01:19:11.667+0000] {subprocess.py:93} INFO - start project
[2024-08-27T01:19:11.669+0000] {subprocess.py:97} INFO - Command exited with return code 0
[2024-08-27T01:19:11.670+0000] {taskinstance.py:441} INFO - ::group::Post task execution logs
[2024-08-27T01:19:11.859+0000] {taskinstance.py:1206} INFO - Marking task as SUCCESS. dag_id=microdesafio_semana_10, task_id=init_project_data_creation, run_id=scheduled__2024-02-16T00:00:00+00:00, execution_date=20240216T000000, start_date=20240827T011906, end_date=20240827T011911
[2024-08-27T01:19:12.442+0000] {local_task_job_runner.py:240} INFO - Task exited with return code 0
[2024-08-27T01:19:12.529+0000] {local_task_job_runner.py:222} INFO - ::endgroup::
