[2024-09-02T22:51:50.750+0000] {local_task_job_runner.py:120} INFO - ::group::Pre task execution logs
[2024-09-02T22:51:50.781+0000] {taskinstance.py:2076} INFO - Dependencies all met for dep_context=non-requeueable deps ti=<TaskInstance: data_sensors_DBU.mail_sender manual__2024-09-02T22:51:26.064445+00:00 [queued]>
[2024-09-02T22:51:50.791+0000] {taskinstance.py:2076} INFO - Dependencies all met for dep_context=requeueable deps ti=<TaskInstance: data_sensors_DBU.mail_sender manual__2024-09-02T22:51:26.064445+00:00 [queued]>
[2024-09-02T22:51:50.792+0000] {taskinstance.py:2306} INFO - Starting attempt 1 of 11
[2024-09-02T22:51:50.827+0000] {taskinstance.py:2330} INFO - Executing <Task(PythonOperator): mail_sender> on 2024-09-02 22:51:26.064445+00:00
[2024-09-02T22:51:50.836+0000] {warnings.py:112} WARNING - /home/***/.local/lib/python3.12/site-packages/***/task/task_runner/standard_task_runner.py:61: DeprecationWarning: This process (pid=107) is multi-threaded, use of fork() may lead to deadlocks in the child.
  pid = os.fork()

[2024-09-02T22:51:50.838+0000] {standard_task_runner.py:63} INFO - Started process 108 to run task
[2024-09-02T22:51:50.843+0000] {standard_task_runner.py:90} INFO - Running: ['***', 'tasks', 'run', 'data_sensors_DBU', 'mail_sender', 'manual__2024-09-02T22:51:26.064445+00:00', '--job-id', '192', '--raw', '--subdir', 'DAGS_FOLDER/dag_sensor_csv.py', '--cfg-path', '/tmp/tmplytzcn2o']
[2024-09-02T22:51:50.845+0000] {standard_task_runner.py:91} INFO - Job 192: Subtask mail_sender
[2024-09-02T22:51:50.921+0000] {task_command.py:426} INFO - Running <TaskInstance: data_sensors_DBU.mail_sender manual__2024-09-02T22:51:26.064445+00:00 [running]> on host 624ae8e8e71b
[2024-09-02T22:51:51.101+0000] {taskinstance.py:2648} INFO - Exporting env vars: AIRFLOW_CTX_DAG_EMAIL='anderson.coder.space@gmail.com' AIRFLOW_CTX_DAG_OWNER='ander_o' AIRFLOW_CTX_DAG_ID='data_sensors_DBU' AIRFLOW_CTX_TASK_ID='mail_sender' AIRFLOW_CTX_EXECUTION_DATE='2024-09-02T22:51:26.064445+00:00' AIRFLOW_CTX_TRY_NUMBER='1' AIRFLOW_CTX_DAG_RUN_ID='manual__2024-09-02T22:51:26.064445+00:00'
[2024-09-02T22:51:51.105+0000] {taskinstance.py:430} INFO - ::endgroup::
[2024-09-02T22:51:51.150+0000] {logging_mixin.py:188} INFO - 
    subject:    Se ha cargado un nuevo File
    from_address:   anderson.coder.space@gmail.com
    password:   ***
    to_address: anderson.coder.space@gmail.com
    
[2024-09-02T22:51:51.843+0000] {logging_mixin.py:188} INFO - Email sent successfully
[2024-09-02T22:51:51.844+0000] {python.py:237} INFO - Done. Returned value was: None
[2024-09-02T22:51:51.845+0000] {taskinstance.py:441} INFO - ::group::Post task execution logs
[2024-09-02T22:51:51.857+0000] {taskinstance.py:1206} INFO - Marking task as SUCCESS. dag_id=data_sensors_DBU, task_id=mail_sender, run_id=manual__2024-09-02T22:51:26.064445+00:00, execution_date=20240902T225126, start_date=20240902T225150, end_date=20240902T225151
[2024-09-02T22:51:51.898+0000] {local_task_job_runner.py:240} INFO - Task exited with return code 0
[2024-09-02T22:51:51.918+0000] {taskinstance.py:3503} INFO - 0 downstream tasks scheduled from follow-on schedule check
[2024-09-02T22:51:51.929+0000] {local_task_job_runner.py:222} INFO - ::endgroup::
