[2024-08-27T01:24:50.727+0000] {local_task_job_runner.py:120} INFO - ::group::Pre task execution logs
[2024-08-27T01:24:50.910+0000] {taskinstance.py:2076} INFO - Dependencies all met for dep_context=non-requeueable deps ti=<TaskInstance: postgres_operator_dag.create_table scheduled__2024-06-26T00:00:00+00:00 [queued]>
[2024-08-27T01:24:50.924+0000] {taskinstance.py:2076} INFO - Dependencies all met for dep_context=requeueable deps ti=<TaskInstance: postgres_operator_dag.create_table scheduled__2024-06-26T00:00:00+00:00 [queued]>
[2024-08-27T01:24:50.925+0000] {taskinstance.py:2306} INFO - Starting attempt 2 of 4
[2024-08-27T01:24:51.006+0000] {taskinstance.py:2330} INFO - Executing <Task(SQLExecuteQueryOperator): create_table> on 2024-06-26 00:00:00+00:00
[2024-08-27T01:24:51.049+0000] {standard_task_runner.py:90} INFO - Running: ['***', 'tasks', 'run', 'postgres_operator_dag', 'create_table', 'scheduled__2024-06-26T00:00:00+00:00', '--job-id', '497', '--raw', '--subdir', 'DAGS_FOLDER/dag_creation.py', '--cfg-path', '/tmp/tmp39nz6c0p']
[2024-08-27T01:24:51.073+0000] {standard_task_runner.py:91} INFO - Job 497: Subtask create_table
[2024-08-27T01:24:51.135+0000] {warnings.py:112} WARNING - /home/***/.local/lib/python3.12/site-packages/***/task/task_runner/standard_task_runner.py:61: DeprecationWarning: This process (pid=1294) is multi-threaded, use of fork() may lead to deadlocks in the child.
  pid = os.fork()

[2024-08-27T01:24:51.136+0000] {standard_task_runner.py:63} INFO - Started process 1305 to run task
[2024-08-27T01:24:51.383+0000] {task_command.py:426} INFO - Running <TaskInstance: postgres_operator_dag.create_table scheduled__2024-06-26T00:00:00+00:00 [running]> on host 6a900cf20cab
[2024-08-27T01:24:51.650+0000] {taskinstance.py:2648} INFO - Exporting env vars: AIRFLOW_CTX_DAG_OWNER='anderson_oca' AIRFLOW_CTX_DAG_ID='postgres_operator_dag' AIRFLOW_CTX_TASK_ID='create_table' AIRFLOW_CTX_EXECUTION_DATE='2024-06-26T00:00:00+00:00' AIRFLOW_CTX_TRY_NUMBER='2' AIRFLOW_CTX_DAG_RUN_ID='scheduled__2024-06-26T00:00:00+00:00'
[2024-08-27T01:24:51.651+0000] {taskinstance.py:430} INFO - ::endgroup::
[2024-08-27T01:24:51.673+0000] {sql.py:276} INFO - Executing: 
            CREATE TABLE IF NOT EXISTS fin_mundo (
            dt DATE,
            pais VARCHAR(30)
            );
          
[2024-08-27T01:24:51.697+0000] {base.py:84} INFO - Using connection ID '***_operator_dag' for task execution.
[2024-08-27T01:24:51.779+0000] {base.py:84} INFO - Using connection ID '***_operator_dag' for task execution.
[2024-08-27T01:24:51.784+0000] {sql.py:487} INFO - Running statement: 
            CREATE TABLE IF NOT EXISTS fin_mundo (
            dt DATE,
            pais VARCHAR(30)
            );
          , parameters: None
[2024-08-27T01:24:51.817+0000] {taskinstance.py:441} INFO - ::group::Post task execution logs
[2024-08-27T01:24:51.832+0000] {taskinstance.py:1206} INFO - Marking task as SUCCESS. dag_id=***_operator_dag, task_id=create_table, run_id=scheduled__2024-06-26T00:00:00+00:00, execution_date=20240626T000000, start_date=20240827T012450, end_date=20240827T012451
[2024-08-27T01:24:51.960+0000] {local_task_job_runner.py:240} INFO - Task exited with return code 0
[2024-08-27T01:24:51.993+0000] {local_task_job_runner.py:222} INFO - ::endgroup::
