[2024-09-02T22:43:25.288+0000] {local_task_job_runner.py:120} INFO - ::group::Pre task execution logs
[2024-09-02T22:43:25.322+0000] {taskinstance.py:2076} INFO - Dependencies all met for dep_context=non-requeueable deps ti=<TaskInstance: data_sensors_DBU.mail_sender manual__2024-09-02T22:40:17.620379+00:00 [queued]>
[2024-09-02T22:43:25.332+0000] {taskinstance.py:2076} INFO - Dependencies all met for dep_context=requeueable deps ti=<TaskInstance: data_sensors_DBU.mail_sender manual__2024-09-02T22:40:17.620379+00:00 [queued]>
[2024-09-02T22:43:25.332+0000] {taskinstance.py:2306} INFO - Starting attempt 4 of 11
[2024-09-02T22:43:25.361+0000] {taskinstance.py:2330} INFO - Executing <Task(PythonOperator): mail_sender> on 2024-09-02 22:40:17.620379+00:00
[2024-09-02T22:43:25.369+0000] {warnings.py:112} WARNING - /home/***/.local/lib/python3.12/site-packages/***/task/task_runner/standard_task_runner.py:61: DeprecationWarning: This process (pid=288) is multi-threaded, use of fork() may lead to deadlocks in the child.
  pid = os.fork()

[2024-09-02T22:43:25.370+0000] {standard_task_runner.py:63} INFO - Started process 289 to run task
[2024-09-02T22:43:25.375+0000] {standard_task_runner.py:90} INFO - Running: ['***', 'tasks', 'run', 'data_sensors_DBU', 'mail_sender', 'manual__2024-09-02T22:40:17.620379+00:00', '--job-id', '182', '--raw', '--subdir', 'DAGS_FOLDER/dag_sensor_csv.py', '--cfg-path', '/tmp/tmpil0o9xn5']
[2024-09-02T22:43:25.376+0000] {standard_task_runner.py:91} INFO - Job 182: Subtask mail_sender
[2024-09-02T22:43:25.417+0000] {task_command.py:426} INFO - Running <TaskInstance: data_sensors_DBU.mail_sender manual__2024-09-02T22:40:17.620379+00:00 [running]> on host 556e28ab3d3f
[2024-09-02T22:43:25.507+0000] {taskinstance.py:2648} INFO - Exporting env vars: AIRFLOW_CTX_DAG_EMAIL='anderson.coder.space@gmail.com' AIRFLOW_CTX_DAG_OWNER='ander_o' AIRFLOW_CTX_DAG_ID='data_sensors_DBU' AIRFLOW_CTX_TASK_ID='mail_sender' AIRFLOW_CTX_EXECUTION_DATE='2024-09-02T22:40:17.620379+00:00' AIRFLOW_CTX_TRY_NUMBER='4' AIRFLOW_CTX_DAG_RUN_ID='manual__2024-09-02T22:40:17.620379+00:00'
[2024-09-02T22:43:25.508+0000] {taskinstance.py:430} INFO - ::endgroup::
[2024-09-02T22:43:25.525+0000] {logging_mixin.py:188} INFO - 
    subject:    Mensaje del fin del mundo
    from_address:   anderson.coder.space@gmail.com
    password:   ***
    to_address: anderson.coder.space@gmail.com
    
[2024-09-02T22:43:26.075+0000] {logging_mixin.py:188} INFO - Email sent successfully
[2024-09-02T22:43:26.076+0000] {python.py:237} INFO - Done. Returned value was: None
[2024-09-02T22:43:26.077+0000] {taskinstance.py:441} INFO - ::group::Post task execution logs
[2024-09-02T22:43:26.095+0000] {taskinstance.py:1206} INFO - Marking task as SUCCESS. dag_id=data_sensors_DBU, task_id=mail_sender, run_id=manual__2024-09-02T22:40:17.620379+00:00, execution_date=20240902T224017, start_date=20240902T224325, end_date=20240902T224326
[2024-09-02T22:43:26.148+0000] {local_task_job_runner.py:240} INFO - Task exited with return code 0
[2024-09-02T22:43:26.163+0000] {taskinstance.py:3503} INFO - 0 downstream tasks scheduled from follow-on schedule check
[2024-09-02T22:43:26.170+0000] {local_task_job_runner.py:222} INFO - ::endgroup::
