[2024-08-27T01:27:32.096+0000] {local_task_job_runner.py:120} INFO - ::group::Pre task execution logs
[2024-08-27T01:27:32.462+0000] {taskinstance.py:2076} INFO - Dependencies all met for dep_context=non-requeueable deps ti=<TaskInstance: microdesafio_semana_10.airflow scheduled__2024-08-15T00:00:00+00:00 [queued]>
[2024-08-27T01:27:32.670+0000] {taskinstance.py:2076} INFO - Dependencies all met for dep_context=requeueable deps ti=<TaskInstance: microdesafio_semana_10.airflow scheduled__2024-08-15T00:00:00+00:00 [queued]>
[2024-08-27T01:27:32.674+0000] {taskinstance.py:2306} INFO - Starting attempt 1 of 1
[2024-08-27T01:27:32.995+0000] {taskinstance.py:2330} INFO - Executing <Task(_PythonDecoratedOperator): airflow> on 2024-08-15 00:00:00+00:00
[2024-08-27T01:27:33.161+0000] {warnings.py:112} WARNING - /home/***/.local/lib/python3.12/site-packages/***/task/task_runner/standard_task_runner.py:61: DeprecationWarning: This process (pid=1749) is multi-threaded, use of fork() may lead to deadlocks in the child.
  pid = os.fork()

[2024-08-27T01:27:33.186+0000] {standard_task_runner.py:63} INFO - Started process 1773 to run task
[2024-08-27T01:27:33.197+0000] {standard_task_runner.py:90} INFO - Running: ['***', 'tasks', 'run', 'microdesafio_semana_10', '***', 'scheduled__2024-08-15T00:00:00+00:00', '--job-id', '680', '--raw', '--subdir', 'DAGS_FOLDER/dag_test.py', '--cfg-path', '/tmp/tmp61ht8qf4']
[2024-08-27T01:27:33.217+0000] {standard_task_runner.py:91} INFO - Job 680: Subtask ***
[2024-08-27T01:27:33.670+0000] {task_command.py:426} INFO - Running <TaskInstance: microdesafio_semana_10.airflow scheduled__2024-08-15T00:00:00+00:00 [running]> on host 6a900cf20cab
[2024-08-27T01:27:35.192+0000] {taskinstance.py:2648} INFO - Exporting env vars: AIRFLOW_CTX_DAG_OWNER='***' AIRFLOW_CTX_DAG_ID='microdesafio_semana_10' AIRFLOW_CTX_TASK_ID='***' AIRFLOW_CTX_EXECUTION_DATE='2024-08-15T00:00:00+00:00' AIRFLOW_CTX_TRY_NUMBER='1' AIRFLOW_CTX_DAG_RUN_ID='scheduled__2024-08-15T00:00:00+00:00'
[2024-08-27T01:27:35.193+0000] {taskinstance.py:430} INFO - ::endgroup::
[2024-08-27T01:27:35.194+0000] {logging_mixin.py:188} INFO - ***
[2024-08-27T01:27:35.201+0000] {python.py:237} INFO - Done. Returned value was: None
[2024-08-27T01:27:35.226+0000] {taskinstance.py:441} INFO - ::group::Post task execution logs
[2024-08-27T01:27:35.297+0000] {taskinstance.py:1206} INFO - Marking task as SUCCESS. dag_id=microdesafio_semana_10, task_id=***, run_id=scheduled__2024-08-15T00:00:00+00:00, execution_date=20240815T000000, start_date=20240827T012732, end_date=20240827T012735
[2024-08-27T01:27:35.499+0000] {local_task_job_runner.py:240} INFO - Task exited with return code 0
[2024-08-27T01:27:35.623+0000] {taskinstance.py:3503} INFO - 1 downstream tasks scheduled from follow-on schedule check
[2024-08-27T01:27:35.634+0000] {local_task_job_runner.py:222} INFO - ::endgroup::
