[2024-09-02T22:34:38.978+0000] {local_task_job_runner.py:120} INFO - ::group::Pre task execution logs
[2024-09-02T22:34:39.011+0000] {taskinstance.py:2076} INFO - Dependencies all met for dep_context=non-requeueable deps ti=<TaskInstance: data_sensors_DBU.print_message manual__2024-09-02T22:33:43.327276+00:00 [queued]>
[2024-09-02T22:34:39.020+0000] {taskinstance.py:2076} INFO - Dependencies all met for dep_context=requeueable deps ti=<TaskInstance: data_sensors_DBU.print_message manual__2024-09-02T22:33:43.327276+00:00 [queued]>
[2024-09-02T22:34:39.021+0000] {taskinstance.py:2306} INFO - Starting attempt 1 of 11
[2024-09-02T22:34:39.064+0000] {taskinstance.py:2330} INFO - Executing <Task(PythonOperator): print_message> on 2024-09-02 22:33:43.327276+00:00
[2024-09-02T22:34:39.073+0000] {warnings.py:112} WARNING - /home/***/.local/lib/python3.12/site-packages/***/task/task_runner/standard_task_runner.py:61: DeprecationWarning: This process (pid=109) is multi-threaded, use of fork() may lead to deadlocks in the child.
  pid = os.fork()

[2024-09-02T22:34:39.076+0000] {standard_task_runner.py:63} INFO - Started process 112 to run task
[2024-09-02T22:34:39.075+0000] {standard_task_runner.py:90} INFO - Running: ['***', 'tasks', 'run', 'data_sensors_DBU', 'print_message', 'manual__2024-09-02T22:33:43.327276+00:00', '--job-id', '152', '--raw', '--subdir', 'DAGS_FOLDER/dag_sensor_csv.py', '--cfg-path', '/tmp/tmp0fuog959']
[2024-09-02T22:34:39.078+0000] {standard_task_runner.py:91} INFO - Job 152: Subtask print_message
[2024-09-02T22:34:39.144+0000] {task_command.py:426} INFO - Running <TaskInstance: data_sensors_DBU.print_message manual__2024-09-02T22:33:43.327276+00:00 [running]> on host 556e28ab3d3f
[2024-09-02T22:34:39.261+0000] {taskinstance.py:2648} INFO - Exporting env vars: AIRFLOW_CTX_DAG_EMAIL='anderson.coder.space@gmail.com' AIRFLOW_CTX_DAG_OWNER='ander_o' AIRFLOW_CTX_DAG_ID='data_sensors_DBU' AIRFLOW_CTX_TASK_ID='print_message' AIRFLOW_CTX_EXECUTION_DATE='2024-09-02T22:33:43.327276+00:00' AIRFLOW_CTX_TRY_NUMBER='1' AIRFLOW_CTX_DAG_RUN_ID='manual__2024-09-02T22:33:43.327276+00:00'
[2024-09-02T22:34:39.264+0000] {taskinstance.py:430} INFO - ::endgroup::
[2024-09-02T22:34:39.298+0000] {logging_mixin.py:188} INFO - Llegó el archivo: None
[2024-09-02T22:34:39.301+0000] {python.py:237} INFO - Done. Returned value was: None
[2024-09-02T22:34:39.302+0000] {taskinstance.py:441} INFO - ::group::Post task execution logs
[2024-09-02T22:34:39.318+0000] {taskinstance.py:1206} INFO - Marking task as SUCCESS. dag_id=data_sensors_DBU, task_id=print_message, run_id=manual__2024-09-02T22:33:43.327276+00:00, execution_date=20240902T223343, start_date=20240902T223439, end_date=20240902T223439
[2024-09-02T22:34:39.385+0000] {local_task_job_runner.py:240} INFO - Task exited with return code 0
[2024-09-02T22:34:39.408+0000] {taskinstance.py:3503} INFO - 1 downstream tasks scheduled from follow-on schedule check
[2024-09-02T22:34:39.418+0000] {local_task_job_runner.py:222} INFO - ::endgroup::
