[2024-08-27T01:25:05.107+0000] {local_task_job_runner.py:120} INFO - ::group::Pre task execution logs
[2024-08-27T01:25:05.693+0000] {taskinstance.py:2076} INFO - Dependencies all met for dep_context=non-requeueable deps ti=<TaskInstance: microdesafio_semana_10.init_project_data_creation scheduled__2024-06-22T00:00:00+00:00 [queued]>
[2024-08-27T01:25:05.794+0000] {taskinstance.py:2076} INFO - Dependencies all met for dep_context=requeueable deps ti=<TaskInstance: microdesafio_semana_10.init_project_data_creation scheduled__2024-06-22T00:00:00+00:00 [queued]>
[2024-08-27T01:25:05.795+0000] {taskinstance.py:2306} INFO - Starting attempt 1 of 1
[2024-08-27T01:25:06.247+0000] {taskinstance.py:2330} INFO - Executing <Task(BashOperator): init_project_data_creation> on 2024-06-22 00:00:00+00:00
[2024-08-27T01:25:06.373+0000] {warnings.py:112} WARNING - /home/***/.local/lib/python3.12/site-packages/***/task/task_runner/standard_task_runner.py:61: DeprecationWarning: This process (pid=1324) is multi-threaded, use of fork() may lead to deadlocks in the child.
  pid = os.fork()

[2024-08-27T01:25:06.444+0000] {standard_task_runner.py:63} INFO - Started process 1353 to run task
[2024-08-27T01:25:06.392+0000] {standard_task_runner.py:90} INFO - Running: ['***', 'tasks', 'run', 'microdesafio_semana_10', 'init_project_data_creation', 'scheduled__2024-06-22T00:00:00+00:00', '--job-id', '513', '--raw', '--subdir', 'DAGS_FOLDER/dag_test.py', '--cfg-path', '/tmp/tmpiow_j2z_']
[2024-08-27T01:25:06.494+0000] {standard_task_runner.py:91} INFO - Job 513: Subtask init_project_data_creation
[2024-08-27T01:25:06.985+0000] {task_command.py:426} INFO - Running <TaskInstance: microdesafio_semana_10.init_project_data_creation scheduled__2024-06-22T00:00:00+00:00 [running]> on host 6a900cf20cab
[2024-08-27T01:25:07.871+0000] {taskinstance.py:2648} INFO - Exporting env vars: AIRFLOW_CTX_DAG_OWNER='***' AIRFLOW_CTX_DAG_ID='microdesafio_semana_10' AIRFLOW_CTX_TASK_ID='init_project_data_creation' AIRFLOW_CTX_EXECUTION_DATE='2024-06-22T00:00:00+00:00' AIRFLOW_CTX_TRY_NUMBER='1' AIRFLOW_CTX_DAG_RUN_ID='scheduled__2024-06-22T00:00:00+00:00'
[2024-08-27T01:25:07.872+0000] {taskinstance.py:430} INFO - ::endgroup::
[2024-08-27T01:25:07.873+0000] {subprocess.py:63} INFO - Tmp dir root location: /tmp
[2024-08-27T01:25:07.874+0000] {subprocess.py:75} INFO - Running command: ['/usr/bin/bash', '-c', "echo 'start project'"]
[2024-08-27T01:25:08.195+0000] {subprocess.py:86} INFO - Output:
[2024-08-27T01:25:08.223+0000] {subprocess.py:93} INFO - start project
[2024-08-27T01:25:08.224+0000] {subprocess.py:97} INFO - Command exited with return code 0
[2024-08-27T01:25:08.225+0000] {taskinstance.py:441} INFO - ::group::Post task execution logs
[2024-08-27T01:25:08.472+0000] {taskinstance.py:1206} INFO - Marking task as SUCCESS. dag_id=microdesafio_semana_10, task_id=init_project_data_creation, run_id=scheduled__2024-06-22T00:00:00+00:00, execution_date=20240622T000000, start_date=20240827T012505, end_date=20240827T012508
[2024-08-27T01:25:08.789+0000] {local_task_job_runner.py:240} INFO - Task exited with return code 0
[2024-08-27T01:25:08.810+0000] {local_task_job_runner.py:222} INFO - ::endgroup::
