[2024-08-27T01:24:47.533+0000] {local_task_job_runner.py:120} INFO - ::group::Pre task execution logs
[2024-08-27T01:24:47.925+0000] {taskinstance.py:2076} INFO - Dependencies all met for dep_context=non-requeueable deps ti=<TaskInstance: microdesafio_semana_10.finish_dag scheduled__2024-06-06T00:00:00+00:00 [queued]>
[2024-08-27T01:24:48.189+0000] {taskinstance.py:2076} INFO - Dependencies all met for dep_context=requeueable deps ti=<TaskInstance: microdesafio_semana_10.finish_dag scheduled__2024-06-06T00:00:00+00:00 [queued]>
[2024-08-27T01:24:48.199+0000] {taskinstance.py:2306} INFO - Starting attempt 1 of 1
[2024-08-27T01:24:48.451+0000] {taskinstance.py:2330} INFO - Executing <Task(_PythonDecoratedOperator): finish_dag> on 2024-06-06 00:00:00+00:00
[2024-08-27T01:24:48.523+0000] {warnings.py:112} WARNING - /home/***/.local/lib/python3.12/site-packages/***/task/task_runner/standard_task_runner.py:61: DeprecationWarning: This process (pid=1279) is multi-threaded, use of fork() may lead to deadlocks in the child.
  pid = os.fork()

[2024-08-27T01:24:48.544+0000] {standard_task_runner.py:63} INFO - Started process 1298 to run task
[2024-08-27T01:24:48.529+0000] {standard_task_runner.py:90} INFO - Running: ['***', 'tasks', 'run', 'microdesafio_semana_10', 'finish_dag', 'scheduled__2024-06-06T00:00:00+00:00', '--job-id', '491', '--raw', '--subdir', 'DAGS_FOLDER/dag_test.py', '--cfg-path', '/tmp/tmpdlopie0k']
[2024-08-27T01:24:48.568+0000] {standard_task_runner.py:91} INFO - Job 491: Subtask finish_dag
[2024-08-27T01:24:49.147+0000] {task_command.py:426} INFO - Running <TaskInstance: microdesafio_semana_10.finish_dag scheduled__2024-06-06T00:00:00+00:00 [running]> on host 6a900cf20cab
[2024-08-27T01:24:50.072+0000] {taskinstance.py:2648} INFO - Exporting env vars: AIRFLOW_CTX_DAG_OWNER='***' AIRFLOW_CTX_DAG_ID='microdesafio_semana_10' AIRFLOW_CTX_TASK_ID='finish_dag' AIRFLOW_CTX_EXECUTION_DATE='2024-06-06T00:00:00+00:00' AIRFLOW_CTX_TRY_NUMBER='1' AIRFLOW_CTX_DAG_RUN_ID='scheduled__2024-06-06T00:00:00+00:00'
[2024-08-27T01:24:50.073+0000] {taskinstance.py:430} INFO - ::endgroup::
[2024-08-27T01:24:50.078+0000] {logging_mixin.py:188} INFO - dag finish
[2024-08-27T01:24:50.078+0000] {python.py:237} INFO - Done. Returned value was: None
[2024-08-27T01:24:50.080+0000] {taskinstance.py:441} INFO - ::group::Post task execution logs
[2024-08-27T01:24:50.104+0000] {taskinstance.py:1206} INFO - Marking task as SUCCESS. dag_id=microdesafio_semana_10, task_id=finish_dag, run_id=scheduled__2024-06-06T00:00:00+00:00, execution_date=20240606T000000, start_date=20240827T012447, end_date=20240827T012450
[2024-08-27T01:24:50.307+0000] {local_task_job_runner.py:240} INFO - Task exited with return code 0
[2024-08-27T01:24:50.399+0000] {taskinstance.py:3503} INFO - 0 downstream tasks scheduled from follow-on schedule check
[2024-08-27T01:24:50.418+0000] {local_task_job_runner.py:222} INFO - ::endgroup::
