[2024-08-27T01:23:17.355+0000] {local_task_job_runner.py:120} INFO - ::group::Pre task execution logs
[2024-08-27T01:23:17.656+0000] {taskinstance.py:2076} INFO - Dependencies all met for dep_context=non-requeueable deps ti=<TaskInstance: microdesafio_semana_10.finish_dag scheduled__2024-04-25T00:00:00+00:00 [queued]>
[2024-08-27T01:23:17.731+0000] {taskinstance.py:2076} INFO - Dependencies all met for dep_context=requeueable deps ti=<TaskInstance: microdesafio_semana_10.finish_dag scheduled__2024-04-25T00:00:00+00:00 [queued]>
[2024-08-27T01:23:17.732+0000] {taskinstance.py:2306} INFO - Starting attempt 1 of 1
[2024-08-27T01:23:17.955+0000] {taskinstance.py:2330} INFO - Executing <Task(_PythonDecoratedOperator): finish_dag> on 2024-04-25 00:00:00+00:00
[2024-08-27T01:23:18.105+0000] {warnings.py:112} WARNING - /home/***/.local/lib/python3.12/site-packages/***/task/task_runner/standard_task_runner.py:61: DeprecationWarning: This process (pid=1016) is multi-threaded, use of fork() may lead to deadlocks in the child.
  pid = os.fork()

[2024-08-27T01:23:18.139+0000] {standard_task_runner.py:63} INFO - Started process 1050 to run task
[2024-08-27T01:23:18.172+0000] {standard_task_runner.py:90} INFO - Running: ['***', 'tasks', 'run', 'microdesafio_semana_10', 'finish_dag', 'scheduled__2024-04-25T00:00:00+00:00', '--job-id', '386', '--raw', '--subdir', 'DAGS_FOLDER/dag_test.py', '--cfg-path', '/tmp/tmpuhqxjvli']
[2024-08-27T01:23:18.173+0000] {standard_task_runner.py:91} INFO - Job 386: Subtask finish_dag
[2024-08-27T01:23:18.752+0000] {task_command.py:426} INFO - Running <TaskInstance: microdesafio_semana_10.finish_dag scheduled__2024-04-25T00:00:00+00:00 [running]> on host 6a900cf20cab
[2024-08-27T01:23:19.931+0000] {taskinstance.py:2648} INFO - Exporting env vars: AIRFLOW_CTX_DAG_OWNER='***' AIRFLOW_CTX_DAG_ID='microdesafio_semana_10' AIRFLOW_CTX_TASK_ID='finish_dag' AIRFLOW_CTX_EXECUTION_DATE='2024-04-25T00:00:00+00:00' AIRFLOW_CTX_TRY_NUMBER='1' AIRFLOW_CTX_DAG_RUN_ID='scheduled__2024-04-25T00:00:00+00:00'
[2024-08-27T01:23:19.940+0000] {taskinstance.py:430} INFO - ::endgroup::
[2024-08-27T01:23:19.940+0000] {logging_mixin.py:188} INFO - dag finish
[2024-08-27T01:23:19.968+0000] {python.py:237} INFO - Done. Returned value was: None
[2024-08-27T01:23:20.011+0000] {taskinstance.py:441} INFO - ::group::Post task execution logs
[2024-08-27T01:23:20.184+0000] {taskinstance.py:1206} INFO - Marking task as SUCCESS. dag_id=microdesafio_semana_10, task_id=finish_dag, run_id=scheduled__2024-04-25T00:00:00+00:00, execution_date=20240425T000000, start_date=20240827T012317, end_date=20240827T012320
[2024-08-27T01:23:20.647+0000] {local_task_job_runner.py:240} INFO - Task exited with return code 0
[2024-08-27T01:23:20.711+0000] {taskinstance.py:3503} INFO - 0 downstream tasks scheduled from follow-on schedule check
[2024-08-27T01:23:20.727+0000] {local_task_job_runner.py:222} INFO - ::endgroup::
