[2024-09-02T20:26:16.190+0000] {manager.py:470} INFO - Processing files using up to 2 processes at a time 
[2024-09-02T20:26:16.191+0000] {manager.py:471} INFO - Process each file at most once every 30 seconds
[2024-09-02T20:26:16.191+0000] {manager.py:472} INFO - Checking for new files in /opt/airflow/dags every 300 seconds
[2024-09-02T20:26:16.191+0000] {manager.py:737} INFO - Searching for files in /opt/airflow/dags
[2024-09-02T20:26:16.209+0000] {manager.py:740} INFO - There are 2 files in /opt/airflow/dags
[2024-09-02T20:26:16.734+0000] {manager.py:878} INFO - 
================================================================================
DAG File Processing Stats

File Path                            PID  Runtime      # DAGs    # Errors  Last Runtime    Last Run
---------------------------------  -----  ---------  --------  ----------  --------------  ----------
/opt/airflow/dags/main_to_fail.py     58  0.45s             0           0
/opt/airflow/dags/main.py             59  0.39s             0           0
================================================================================
[2024-09-02T20:26:47.496+0000] {manager.py:878} INFO - 
================================================================================
DAG File Processing Stats

File Path                          PID    Runtime      # DAGs    # Errors  Last Runtime    Last Run
---------------------------------  -----  ---------  --------  ----------  --------------  -------------------
/opt/airflow/dags/main_to_fail.py                           1           0  2.08s           2024-09-02T20:26:18
/opt/airflow/dags/main.py                                   1           0  2.04s           2024-09-02T20:26:18
================================================================================
[2024-09-02T20:27:17.620+0000] {manager.py:878} INFO - 
================================================================================
DAG File Processing Stats

File Path                          PID    Runtime      # DAGs    # Errors  Last Runtime    Last Run
---------------------------------  -----  ---------  --------  ----------  --------------  -------------------
/opt/airflow/dags/main_to_fail.py                           1           0  0.17s           2024-09-02T20:26:48
/opt/airflow/dags/main.py                                   1           0  0.16s           2024-09-02T20:26:48
================================================================================
[2024-09-02T20:27:48.022+0000] {manager.py:878} INFO - 
================================================================================
DAG File Processing Stats

File Path                          PID    Runtime      # DAGs    # Errors  Last Runtime    Last Run
---------------------------------  -----  ---------  --------  ----------  --------------  -------------------
/opt/airflow/dags/main.py                                   1           0  0.20s           2024-09-02T20:27:18
/opt/airflow/dags/main_to_fail.py                           1           0  0.17s           2024-09-02T20:27:18
================================================================================
[2024-09-02T20:28:18.141+0000] {manager.py:878} INFO - 
================================================================================
DAG File Processing Stats

File Path                          PID    Runtime      # DAGs    # Errors  Last Runtime    Last Run
---------------------------------  -----  ---------  --------  ----------  --------------  -------------------
/opt/airflow/dags/main_to_fail.py                           1           0  0.13s           2024-09-02T20:27:49
/opt/airflow/dags/main.py                                   1           0  0.13s           2024-09-02T20:27:49
================================================================================
[2024-09-02T20:28:48.477+0000] {manager.py:878} INFO - 
================================================================================
DAG File Processing Stats

File Path                          PID    Runtime      # DAGs    # Errors  Last Runtime    Last Run
---------------------------------  -----  ---------  --------  ----------  --------------  -------------------
/opt/airflow/dags/main.py                                   1           0  0.16s           2024-09-02T20:28:19
/opt/airflow/dags/main_to_fail.py                           1           0  0.14s           2024-09-02T20:28:19
================================================================================
[2024-09-02T20:29:18.713+0000] {manager.py:878} INFO - 
================================================================================
DAG File Processing Stats

File Path                          PID    Runtime      # DAGs    # Errors  Last Runtime    Last Run
---------------------------------  -----  ---------  --------  ----------  --------------  -------------------
/opt/airflow/dags/main_to_fail.py                           1           0  0.14s           2024-09-02T20:28:49
/opt/airflow/dags/main.py                                   1           0  0.13s           2024-09-02T20:28:49
================================================================================
[2024-09-02T20:29:48.954+0000] {manager.py:878} INFO - 
================================================================================
DAG File Processing Stats

File Path                          PID    Runtime      # DAGs    # Errors  Last Runtime    Last Run
---------------------------------  -----  ---------  --------  ----------  --------------  -------------------
/opt/airflow/dags/main_to_fail.py                           1           0  0.15s           2024-09-02T20:29:19
/opt/airflow/dags/main.py                                   1           0  0.13s           2024-09-02T20:29:19
================================================================================
[2024-09-02T20:30:19.353+0000] {manager.py:878} INFO - 
================================================================================
DAG File Processing Stats

File Path                          PID    Runtime      # DAGs    # Errors  Last Runtime    Last Run
---------------------------------  -----  ---------  --------  ----------  --------------  -------------------
/opt/airflow/dags/main_to_fail.py                           1           0  0.30s           2024-09-02T20:29:50
/opt/airflow/dags/main.py                                   1           0  0.29s           2024-09-02T20:29:50
================================================================================
[2024-09-02T20:30:49.581+0000] {manager.py:878} INFO - 
================================================================================
DAG File Processing Stats

File Path                          PID    Runtime      # DAGs    # Errors  Last Runtime    Last Run
---------------------------------  -----  ---------  --------  ----------  --------------  -------------------
/opt/airflow/dags/main_to_fail.py                           1           0  0.14s           2024-09-02T20:30:20
/opt/airflow/dags/main.py                                   1           0  0.13s           2024-09-02T20:30:20
================================================================================
[2024-09-02T20:31:16.926+0000] {manager.py:737} INFO - Searching for files in /opt/airflow/dags
[2024-09-02T20:31:16.928+0000] {manager.py:740} INFO - There are 2 files in /opt/airflow/dags
[2024-09-02T20:31:19.945+0000] {manager.py:878} INFO - 
================================================================================
DAG File Processing Stats

File Path                          PID    Runtime      # DAGs    # Errors  Last Runtime    Last Run
---------------------------------  -----  ---------  --------  ----------  --------------  -------------------
/opt/airflow/dags/main_to_fail.py                           1           0  0.28s           2024-09-02T20:30:50
/opt/airflow/dags/main.py                                   1           0  0.24s           2024-09-02T20:30:50
================================================================================
[2024-09-02T20:31:50.173+0000] {manager.py:878} INFO - 
================================================================================
DAG File Processing Stats

File Path                          PID    Runtime      # DAGs    # Errors  Last Runtime    Last Run
---------------------------------  -----  ---------  --------  ----------  --------------  -------------------
/opt/airflow/dags/main_to_fail.py                           1           0  0.14s           2024-09-02T20:31:21
/opt/airflow/dags/main.py                                   1           0  0.13s           2024-09-02T20:31:21
================================================================================
[2024-09-02T20:32:20.291+0000] {manager.py:878} INFO - 
================================================================================
DAG File Processing Stats

File Path                          PID    Runtime      # DAGs    # Errors  Last Runtime    Last Run
---------------------------------  -----  ---------  --------  ----------  --------------  -------------------
/opt/airflow/dags/main_to_fail.py                           1           0  0.14s           2024-09-02T20:31:51
/opt/airflow/dags/main.py                                   1           0  0.13s           2024-09-02T20:31:51
================================================================================
[2024-09-02T20:32:50.761+0000] {manager.py:878} INFO - 
================================================================================
DAG File Processing Stats

File Path                          PID    Runtime      # DAGs    # Errors  Last Runtime    Last Run
---------------------------------  -----  ---------  --------  ----------  --------------  -------------------
/opt/airflow/dags/main_to_fail.py                           1           0  0.33s           2024-09-02T20:32:21
/opt/airflow/dags/main.py                                   1           0  0.25s           2024-09-02T20:32:21
================================================================================
[2024-09-02T20:33:20.991+0000] {manager.py:878} INFO - 
================================================================================
DAG File Processing Stats

File Path                          PID    Runtime      # DAGs    # Errors  Last Runtime    Last Run
---------------------------------  -----  ---------  --------  ----------  --------------  -------------------
/opt/airflow/dags/main_to_fail.py                           1           0  0.14s           2024-09-02T20:32:51
/opt/airflow/dags/main.py                                   1           0  0.13s           2024-09-02T20:32:51
================================================================================
[2024-09-02T20:33:39.029+0000] {manager.py:452} INFO - Exiting gracefully upon receiving signal 15
