[2024-09-02T22:31:32.918+0000] {manager.py:470} INFO - Processing files using up to 2 processes at a time 
[2024-09-02T22:31:32.944+0000] {manager.py:471} INFO - Process each file at most once every 30 seconds
[2024-09-02T22:31:32.944+0000] {manager.py:472} INFO - Checking for new files in /opt/airflow/dags every 300 seconds
[2024-09-02T22:31:32.945+0000] {manager.py:737} INFO - Searching for files in /opt/airflow/dags
[2024-09-02T22:31:32.948+0000] {manager.py:740} INFO - There are 1 files in /opt/airflow/dags
[2024-09-02T22:31:33.258+0000] {manager.py:878} INFO - 
================================================================================
DAG File Processing Stats

File Path                              PID  Runtime      # DAGs    # Errors  Last Runtime    Last Run
-----------------------------------  -----  ---------  --------  ----------  --------------  ----------
/opt/airflow/dags/dag_sensor_csv.py     60  0.17s             0           0
================================================================================
[2024-09-02T22:32:03.409+0000] {manager.py:878} INFO - 
================================================================================
DAG File Processing Stats

File Path                            PID    Runtime      # DAGs    # Errors  Last Runtime    Last Run
-----------------------------------  -----  ---------  --------  ----------  --------------  -------------------
/opt/airflow/dags/dag_sensor_csv.py                           1           0  1.36s           2024-09-02T22:31:34
================================================================================
[2024-09-02T22:32:33.677+0000] {manager.py:878} INFO - 
================================================================================
DAG File Processing Stats

File Path                            PID    Runtime      # DAGs    # Errors  Last Runtime    Last Run
-----------------------------------  -----  ---------  --------  ----------  --------------  -------------------
/opt/airflow/dags/dag_sensor_csv.py                           0           1  0.05s           2024-09-02T22:32:32
================================================================================
[2024-09-02T22:33:03.800+0000] {manager.py:878} INFO - 
================================================================================
DAG File Processing Stats

File Path                            PID    Runtime      # DAGs    # Errors  Last Runtime    Last Run
-----------------------------------  -----  ---------  --------  ----------  --------------  -------------------
/opt/airflow/dags/dag_sensor_csv.py                           0           1  0.06s           2024-09-02T22:33:02
================================================================================
[2024-09-02T22:33:33.979+0000] {manager.py:878} INFO - 
================================================================================
DAG File Processing Stats

File Path                            PID    Runtime      # DAGs    # Errors  Last Runtime    Last Run
-----------------------------------  -----  ---------  --------  ----------  --------------  -------------------
/opt/airflow/dags/dag_sensor_csv.py                           0           1  0.11s           2024-09-02T22:33:33
================================================================================
[2024-09-02T22:34:04.140+0000] {manager.py:878} INFO - 
================================================================================
DAG File Processing Stats

File Path                            PID    Runtime      # DAGs    # Errors  Last Runtime    Last Run
-----------------------------------  -----  ---------  --------  ----------  --------------  -------------------
/opt/airflow/dags/dag_sensor_csv.py                           1           0  0.23s           2024-09-02T22:33:35
================================================================================
[2024-09-02T22:34:34.410+0000] {manager.py:878} INFO - 
================================================================================
DAG File Processing Stats

File Path                            PID    Runtime      # DAGs    # Errors  Last Runtime    Last Run
-----------------------------------  -----  ---------  --------  ----------  --------------  -------------------
/opt/airflow/dags/dag_sensor_csv.py                           1           0  0.12s           2024-09-02T22:34:05
================================================================================
[2024-09-02T22:35:04.612+0000] {manager.py:878} INFO - 
================================================================================
DAG File Processing Stats

File Path                            PID    Runtime      # DAGs    # Errors  Last Runtime    Last Run
-----------------------------------  -----  ---------  --------  ----------  --------------  -------------------
/opt/airflow/dags/dag_sensor_csv.py                           1           0  0.19s           2024-09-02T22:34:35
================================================================================
[2024-09-02T22:35:34.792+0000] {manager.py:878} INFO - 
================================================================================
DAG File Processing Stats

File Path                            PID    Runtime      # DAGs    # Errors  Last Runtime    Last Run
-----------------------------------  -----  ---------  --------  ----------  --------------  -------------------
/opt/airflow/dags/dag_sensor_csv.py                           1           0  0.15s           2024-09-02T22:35:05
================================================================================
[2024-09-02T22:36:04.978+0000] {manager.py:878} INFO - 
================================================================================
DAG File Processing Stats

File Path                            PID    Runtime      # DAGs    # Errors  Last Runtime    Last Run
-----------------------------------  -----  ---------  --------  ----------  --------------  -------------------
/opt/airflow/dags/dag_sensor_csv.py                           1           0  0.13s           2024-09-02T22:35:35
================================================================================
[2024-09-02T22:36:33.101+0000] {manager.py:737} INFO - Searching for files in /opt/airflow/dags
[2024-09-02T22:36:33.103+0000] {manager.py:740} INFO - There are 1 files in /opt/airflow/dags
[2024-09-02T22:36:35.118+0000] {manager.py:878} INFO - 
================================================================================
DAG File Processing Stats

File Path                            PID    Runtime      # DAGs    # Errors  Last Runtime    Last Run
-----------------------------------  -----  ---------  --------  ----------  --------------  -------------------
/opt/airflow/dags/dag_sensor_csv.py                           1           0  0.10s           2024-09-02T22:36:06
================================================================================
[2024-09-02T22:37:05.275+0000] {manager.py:878} INFO - 
================================================================================
DAG File Processing Stats

File Path                            PID    Runtime      # DAGs    # Errors  Last Runtime    Last Run
-----------------------------------  -----  ---------  --------  ----------  --------------  -------------------
/opt/airflow/dags/dag_sensor_csv.py                           1           0  0.13s           2024-09-02T22:36:36
================================================================================
[2024-09-02T22:37:35.445+0000] {manager.py:878} INFO - 
================================================================================
DAG File Processing Stats

File Path                            PID    Runtime      # DAGs    # Errors  Last Runtime    Last Run
-----------------------------------  -----  ---------  --------  ----------  --------------  -------------------
/opt/airflow/dags/dag_sensor_csv.py                           1           0  0.10s           2024-09-02T22:37:06
================================================================================
[2024-09-02T22:38:05.556+0000] {manager.py:878} INFO - 
================================================================================
DAG File Processing Stats

File Path                            PID    Runtime      # DAGs    # Errors  Last Runtime    Last Run
-----------------------------------  -----  ---------  --------  ----------  --------------  -------------------
/opt/airflow/dags/dag_sensor_csv.py                           1           0  0.10s           2024-09-02T22:37:36
================================================================================
[2024-09-02T22:38:35.734+0000] {manager.py:878} INFO - 
================================================================================
DAG File Processing Stats

File Path                            PID    Runtime      # DAGs    # Errors  Last Runtime    Last Run
-----------------------------------  -----  ---------  --------  ----------  --------------  -------------------
/opt/airflow/dags/dag_sensor_csv.py                           1           0  0.10s           2024-09-02T22:38:06
================================================================================
[2024-09-02T22:39:05.846+0000] {manager.py:878} INFO - 
================================================================================
DAG File Processing Stats

File Path                            PID    Runtime      # DAGs    # Errors  Last Runtime    Last Run
-----------------------------------  -----  ---------  --------  ----------  --------------  -------------------
/opt/airflow/dags/dag_sensor_csv.py                           1           0  0.10s           2024-09-02T22:38:36
================================================================================
[2024-09-02T22:39:36.060+0000] {manager.py:878} INFO - 
================================================================================
DAG File Processing Stats

File Path                            PID    Runtime      # DAGs    # Errors  Last Runtime    Last Run
-----------------------------------  -----  ---------  --------  ----------  --------------  -------------------
/opt/airflow/dags/dag_sensor_csv.py                           1           0  0.11s           2024-09-02T22:39:06
================================================================================
[2024-09-02T22:40:06.172+0000] {manager.py:878} INFO - 
================================================================================
DAG File Processing Stats

File Path                            PID    Runtime      # DAGs    # Errors  Last Runtime    Last Run
-----------------------------------  -----  ---------  --------  ----------  --------------  -------------------
/opt/airflow/dags/dag_sensor_csv.py                           1           0  0.11s           2024-09-02T22:39:37
================================================================================
[2024-09-02T22:40:36.362+0000] {manager.py:878} INFO - 
================================================================================
DAG File Processing Stats

File Path                            PID    Runtime      # DAGs    # Errors  Last Runtime    Last Run
-----------------------------------  -----  ---------  --------  ----------  --------------  -------------------
/opt/airflow/dags/dag_sensor_csv.py                           1           0  0.13s           2024-09-02T22:40:07
================================================================================
[2024-09-02T22:41:06.584+0000] {manager.py:878} INFO - 
================================================================================
DAG File Processing Stats

File Path                            PID    Runtime      # DAGs    # Errors  Last Runtime    Last Run
-----------------------------------  -----  ---------  --------  ----------  --------------  -------------------
/opt/airflow/dags/dag_sensor_csv.py                           1           0  0.20s           2024-09-02T22:40:37
================================================================================
[2024-09-02T22:41:33.873+0000] {manager.py:737} INFO - Searching for files in /opt/airflow/dags
[2024-09-02T22:41:33.876+0000] {manager.py:740} INFO - There are 1 files in /opt/airflow/dags
[2024-09-02T22:41:36.892+0000] {manager.py:878} INFO - 
================================================================================
DAG File Processing Stats

File Path                            PID    Runtime      # DAGs    # Errors  Last Runtime    Last Run
-----------------------------------  -----  ---------  --------  ----------  --------------  -------------------
/opt/airflow/dags/dag_sensor_csv.py                           1           0  0.10s           2024-09-02T22:41:07
================================================================================
[2024-09-02T22:42:07.057+0000] {manager.py:878} INFO - 
================================================================================
DAG File Processing Stats

File Path                            PID    Runtime      # DAGs    # Errors  Last Runtime    Last Run
-----------------------------------  -----  ---------  --------  ----------  --------------  -------------------
/opt/airflow/dags/dag_sensor_csv.py                           1           0  0.14s           2024-09-02T22:41:38
================================================================================
[2024-09-02T22:42:37.225+0000] {manager.py:878} INFO - 
================================================================================
DAG File Processing Stats

File Path                            PID    Runtime      # DAGs    # Errors  Last Runtime    Last Run
-----------------------------------  -----  ---------  --------  ----------  --------------  -------------------
/opt/airflow/dags/dag_sensor_csv.py                           1           0  0.10s           2024-09-02T22:42:08
================================================================================
[2024-09-02T22:43:07.346+0000] {manager.py:878} INFO - 
================================================================================
DAG File Processing Stats

File Path                            PID    Runtime      # DAGs    # Errors  Last Runtime    Last Run
-----------------------------------  -----  ---------  --------  ----------  --------------  -------------------
/opt/airflow/dags/dag_sensor_csv.py                           1           0  0.10s           2024-09-02T22:42:38
================================================================================
[2024-09-02T22:43:37.512+0000] {manager.py:878} INFO - 
================================================================================
DAG File Processing Stats

File Path                            PID    Runtime      # DAGs    # Errors  Last Runtime    Last Run
-----------------------------------  -----  ---------  --------  ----------  --------------  -------------------
/opt/airflow/dags/dag_sensor_csv.py                           1           0  0.11s           2024-09-02T22:43:08
================================================================================
[2024-09-02T22:44:07.629+0000] {manager.py:878} INFO - 
================================================================================
DAG File Processing Stats

File Path                            PID    Runtime      # DAGs    # Errors  Last Runtime    Last Run
-----------------------------------  -----  ---------  --------  ----------  --------------  -------------------
/opt/airflow/dags/dag_sensor_csv.py                           1           0  0.10s           2024-09-02T22:43:38
================================================================================
[2024-09-02T22:44:37.806+0000] {manager.py:878} INFO - 
================================================================================
DAG File Processing Stats

File Path                            PID    Runtime      # DAGs    # Errors  Last Runtime    Last Run
-----------------------------------  -----  ---------  --------  ----------  --------------  -------------------
/opt/airflow/dags/dag_sensor_csv.py                           1           0  0.12s           2024-09-02T22:44:08
================================================================================
[2024-09-02T22:45:07.929+0000] {manager.py:878} INFO - 
================================================================================
DAG File Processing Stats

File Path                            PID    Runtime      # DAGs    # Errors  Last Runtime    Last Run
-----------------------------------  -----  ---------  --------  ----------  --------------  -------------------
/opt/airflow/dags/dag_sensor_csv.py                           1           0  0.10s           2024-09-02T22:44:38
================================================================================
[2024-09-02T22:45:38.087+0000] {manager.py:878} INFO - 
================================================================================
DAG File Processing Stats

File Path                            PID    Runtime      # DAGs    # Errors  Last Runtime    Last Run
-----------------------------------  -----  ---------  --------  ----------  --------------  -------------------
/opt/airflow/dags/dag_sensor_csv.py                           1           0  0.10s           2024-09-02T22:45:09
================================================================================
[2024-09-02T22:46:08.214+0000] {manager.py:878} INFO - 
================================================================================
DAG File Processing Stats

File Path                            PID    Runtime      # DAGs    # Errors  Last Runtime    Last Run
-----------------------------------  -----  ---------  --------  ----------  --------------  -------------------
/opt/airflow/dags/dag_sensor_csv.py                           1           0  0.17s           2024-09-02T22:45:39
================================================================================
[2024-09-02T22:46:34.436+0000] {manager.py:737} INFO - Searching for files in /opt/airflow/dags
[2024-09-02T22:46:34.439+0000] {manager.py:740} INFO - There are 1 files in /opt/airflow/dags
[2024-09-02T22:46:38.458+0000] {manager.py:878} INFO - 
================================================================================
DAG File Processing Stats

File Path                            PID    Runtime      # DAGs    # Errors  Last Runtime    Last Run
-----------------------------------  -----  ---------  --------  ----------  --------------  -------------------
/opt/airflow/dags/dag_sensor_csv.py                           1           0  0.10s           2024-09-02T22:46:09
================================================================================
[2024-09-02T22:47:08.633+0000] {manager.py:878} INFO - 
================================================================================
DAG File Processing Stats

File Path                            PID    Runtime      # DAGs    # Errors  Last Runtime    Last Run
-----------------------------------  -----  ---------  --------  ----------  --------------  -------------------
/opt/airflow/dags/dag_sensor_csv.py                           1           0  0.11s           2024-09-02T22:46:39
================================================================================
[2024-09-02T22:47:38.745+0000] {manager.py:878} INFO - 
================================================================================
DAG File Processing Stats

File Path                            PID    Runtime      # DAGs    # Errors  Last Runtime    Last Run
-----------------------------------  -----  ---------  --------  ----------  --------------  -------------------
/opt/airflow/dags/dag_sensor_csv.py                           1           0  0.19s           2024-09-02T22:47:09
================================================================================
[2024-09-02T22:47:45.577+0000] {manager.py:452} INFO - Exiting gracefully upon receiving signal 15
[2024-09-02T22:49:19.956+0000] {manager.py:470} INFO - Processing files using up to 2 processes at a time 
[2024-09-02T22:49:19.957+0000] {manager.py:471} INFO - Process each file at most once every 30 seconds
[2024-09-02T22:49:19.958+0000] {manager.py:472} INFO - Checking for new files in /opt/airflow/dags every 300 seconds
[2024-09-02T22:49:19.958+0000] {manager.py:737} INFO - Searching for files in /opt/airflow/dags
[2024-09-02T22:49:19.962+0000] {manager.py:740} INFO - There are 1 files in /opt/airflow/dags
[2024-09-02T22:49:20.250+0000] {manager.py:878} INFO - 
================================================================================
DAG File Processing Stats

File Path                              PID  Runtime      # DAGs    # Errors  Last Runtime    Last Run
-----------------------------------  -----  ---------  --------  ----------  --------------  ----------
/opt/airflow/dags/dag_sensor_csv.py     58  0.13s             0           0
================================================================================
[2024-09-02T22:49:50.314+0000] {manager.py:878} INFO - 
================================================================================
DAG File Processing Stats

File Path                            PID    Runtime      # DAGs    # Errors  Last Runtime    Last Run
-----------------------------------  -----  ---------  --------  ----------  --------------  -------------------
/opt/airflow/dags/dag_sensor_csv.py                           1           0  1.09s           2024-09-02T22:49:21
================================================================================
[2024-09-02T22:50:20.435+0000] {manager.py:878} INFO - 
================================================================================
DAG File Processing Stats

File Path                            PID    Runtime      # DAGs    # Errors  Last Runtime    Last Run
-----------------------------------  -----  ---------  --------  ----------  --------------  -------------------
/opt/airflow/dags/dag_sensor_csv.py                           1           0  0.12s           2024-09-02T22:49:51
================================================================================
[2024-09-02T22:50:50.552+0000] {manager.py:878} INFO - 
================================================================================
DAG File Processing Stats

File Path                            PID    Runtime      # DAGs    # Errors  Last Runtime    Last Run
-----------------------------------  -----  ---------  --------  ----------  --------------  -------------------
/opt/airflow/dags/dag_sensor_csv.py                           1           0  0.09s           2024-09-02T22:50:21
================================================================================
[2024-09-02T22:51:20.706+0000] {manager.py:878} INFO - 
================================================================================
DAG File Processing Stats

File Path                            PID    Runtime      # DAGs    # Errors  Last Runtime    Last Run
-----------------------------------  -----  ---------  --------  ----------  --------------  -------------------
/opt/airflow/dags/dag_sensor_csv.py                           1           0  0.10s           2024-09-02T22:50:51
================================================================================
[2024-09-02T22:51:50.832+0000] {manager.py:878} INFO - 
================================================================================
DAG File Processing Stats

File Path                            PID    Runtime      # DAGs    # Errors  Last Runtime    Last Run
-----------------------------------  -----  ---------  --------  ----------  --------------  -------------------
/opt/airflow/dags/dag_sensor_csv.py                           1           0  0.09s           2024-09-02T22:51:21
================================================================================
[2024-09-02T22:52:20.991+0000] {manager.py:878} INFO - 
================================================================================
DAG File Processing Stats

File Path                            PID    Runtime      # DAGs    # Errors  Last Runtime    Last Run
-----------------------------------  -----  ---------  --------  ----------  --------------  -------------------
/opt/airflow/dags/dag_sensor_csv.py                           1           0  0.13s           2024-09-02T22:51:51
================================================================================
[2024-09-02T22:52:51.142+0000] {manager.py:878} INFO - 
================================================================================
DAG File Processing Stats

File Path                            PID    Runtime      # DAGs    # Errors  Last Runtime    Last Run
-----------------------------------  -----  ---------  --------  ----------  --------------  -------------------
/opt/airflow/dags/dag_sensor_csv.py                           1           0  0.16s           2024-09-02T22:52:22
================================================================================
[2024-09-02T22:52:57.827+0000] {manager.py:452} INFO - Exiting gracefully upon receiving signal 15
