[2024-08-27T01:18:25.159+0000] {local_task_job_runner.py:120} INFO - ::group::Pre task execution logs
[2024-08-27T01:18:25.625+0000] {taskinstance.py:2076} INFO - Dependencies all met for dep_context=non-requeueable deps ti=<TaskInstance: microdesafio_semana_10.airflow scheduled__2024-01-16T00:00:00+00:00 [queued]>
[2024-08-27T01:18:25.866+0000] {taskinstance.py:2076} INFO - Dependencies all met for dep_context=requeueable deps ti=<TaskInstance: microdesafio_semana_10.airflow scheduled__2024-01-16T00:00:00+00:00 [queued]>
[2024-08-27T01:18:25.873+0000] {taskinstance.py:2306} INFO - Starting attempt 1 of 1
[2024-08-27T01:18:26.465+0000] {taskinstance.py:2330} INFO - Executing <Task(_PythonDecoratedOperator): airflow> on 2024-01-16 00:00:00+00:00
[2024-08-27T01:18:26.548+0000] {warnings.py:112} WARNING - /home/***/.local/lib/python3.12/site-packages/***/task/task_runner/standard_task_runner.py:61: DeprecationWarning: This process (pid=212) is multi-threaded, use of fork() may lead to deadlocks in the child.
  pid = os.fork()

[2024-08-27T01:18:26.551+0000] {standard_task_runner.py:63} INFO - Started process 240 to run task
[2024-08-27T01:18:26.556+0000] {standard_task_runner.py:90} INFO - Running: ['***', 'tasks', 'run', 'microdesafio_semana_10', '***', 'scheduled__2024-01-16T00:00:00+00:00', '--job-id', '65', '--raw', '--subdir', 'DAGS_FOLDER/dag_test.py', '--cfg-path', '/tmp/tmpvk17yana']
[2024-08-27T01:18:26.562+0000] {standard_task_runner.py:91} INFO - Job 65: Subtask ***
[2024-08-27T01:18:26.650+0000] {task_command.py:426} INFO - Running <TaskInstance: microdesafio_semana_10.airflow scheduled__2024-01-16T00:00:00+00:00 [running]> on host 6a900cf20cab
[2024-08-27T01:18:27.959+0000] {taskinstance.py:2648} INFO - Exporting env vars: AIRFLOW_CTX_DAG_OWNER='***' AIRFLOW_CTX_DAG_ID='microdesafio_semana_10' AIRFLOW_CTX_TASK_ID='***' AIRFLOW_CTX_EXECUTION_DATE='2024-01-16T00:00:00+00:00' AIRFLOW_CTX_TRY_NUMBER='1' AIRFLOW_CTX_DAG_RUN_ID='scheduled__2024-01-16T00:00:00+00:00'
[2024-08-27T01:18:27.960+0000] {taskinstance.py:430} INFO - ::endgroup::
[2024-08-27T01:18:27.978+0000] {logging_mixin.py:188} INFO - ***
[2024-08-27T01:18:27.978+0000] {python.py:237} INFO - Done. Returned value was: None
[2024-08-27T01:18:27.979+0000] {taskinstance.py:441} INFO - ::group::Post task execution logs
[2024-08-27T01:18:28.183+0000] {taskinstance.py:1206} INFO - Marking task as SUCCESS. dag_id=microdesafio_semana_10, task_id=***, run_id=scheduled__2024-01-16T00:00:00+00:00, execution_date=20240116T000000, start_date=20240827T011825, end_date=20240827T011828
[2024-08-27T01:18:28.502+0000] {local_task_job_runner.py:240} INFO - Task exited with return code 0
[2024-08-27T01:18:28.911+0000] {taskinstance.py:3503} INFO - 1 downstream tasks scheduled from follow-on schedule check
[2024-08-27T01:18:28.923+0000] {local_task_job_runner.py:222} INFO - ::endgroup::
