[2024-08-27T01:28:09.909+0000] {local_task_job_runner.py:120} INFO - ::group::Pre task execution logs
[2024-08-27T01:28:10.014+0000] {taskinstance.py:2076} INFO - Dependencies all met for dep_context=non-requeueable deps ti=<TaskInstance: microdesafio_semana_10.finish_dag scheduled__2024-08-23T00:00:00+00:00 [queued]>
[2024-08-27T01:28:10.074+0000] {taskinstance.py:2076} INFO - Dependencies all met for dep_context=requeueable deps ti=<TaskInstance: microdesafio_semana_10.finish_dag scheduled__2024-08-23T00:00:00+00:00 [queued]>
[2024-08-27T01:28:10.075+0000] {taskinstance.py:2306} INFO - Starting attempt 1 of 1
[2024-08-27T01:28:10.131+0000] {taskinstance.py:2330} INFO - Executing <Task(_PythonDecoratedOperator): finish_dag> on 2024-08-23 00:00:00+00:00
[2024-08-27T01:28:10.151+0000] {warnings.py:112} WARNING - /home/***/.local/lib/python3.12/site-packages/***/task/task_runner/standard_task_runner.py:61: DeprecationWarning: This process (pid=1862) is multi-threaded, use of fork() may lead to deadlocks in the child.
  pid = os.fork()

[2024-08-27T01:28:10.152+0000] {standard_task_runner.py:63} INFO - Started process 1874 to run task
[2024-08-27T01:28:10.156+0000] {standard_task_runner.py:90} INFO - Running: ['***', 'tasks', 'run', 'microdesafio_semana_10', 'finish_dag', 'scheduled__2024-08-23T00:00:00+00:00', '--job-id', '725', '--raw', '--subdir', 'DAGS_FOLDER/dag_test.py', '--cfg-path', '/tmp/tmpv82qm81i']
[2024-08-27T01:28:10.159+0000] {standard_task_runner.py:91} INFO - Job 725: Subtask finish_dag
[2024-08-27T01:28:10.250+0000] {task_command.py:426} INFO - Running <TaskInstance: microdesafio_semana_10.finish_dag scheduled__2024-08-23T00:00:00+00:00 [running]> on host 6a900cf20cab
[2024-08-27T01:28:10.751+0000] {taskinstance.py:2648} INFO - Exporting env vars: AIRFLOW_CTX_DAG_OWNER='***' AIRFLOW_CTX_DAG_ID='microdesafio_semana_10' AIRFLOW_CTX_TASK_ID='finish_dag' AIRFLOW_CTX_EXECUTION_DATE='2024-08-23T00:00:00+00:00' AIRFLOW_CTX_TRY_NUMBER='1' AIRFLOW_CTX_DAG_RUN_ID='scheduled__2024-08-23T00:00:00+00:00'
[2024-08-27T01:28:10.751+0000] {taskinstance.py:430} INFO - ::endgroup::
[2024-08-27T01:28:10.752+0000] {logging_mixin.py:188} INFO - dag finish
[2024-08-27T01:28:10.752+0000] {python.py:237} INFO - Done. Returned value was: None
[2024-08-27T01:28:10.753+0000] {taskinstance.py:441} INFO - ::group::Post task execution logs
[2024-08-27T01:28:10.796+0000] {taskinstance.py:1206} INFO - Marking task as SUCCESS. dag_id=microdesafio_semana_10, task_id=finish_dag, run_id=scheduled__2024-08-23T00:00:00+00:00, execution_date=20240823T000000, start_date=20240827T012810, end_date=20240827T012810
[2024-08-27T01:28:10.900+0000] {local_task_job_runner.py:240} INFO - Task exited with return code 0
[2024-08-27T01:28:10.963+0000] {taskinstance.py:3503} INFO - 0 downstream tasks scheduled from follow-on schedule check
[2024-08-27T01:28:10.972+0000] {local_task_job_runner.py:222} INFO - ::endgroup::
