[2024-09-02T20:26:16.484+0000] {processor.py:161} INFO - Started process (PID=59) to work on /opt/airflow/dags/main.py
[2024-09-02T20:26:16.485+0000] {processor.py:830} INFO - Processing file /opt/airflow/dags/main.py for tasks to queue
[2024-09-02T20:26:16.487+0000] {logging_mixin.py:188} INFO - [2024-09-02T20:26:16.486+0000] {dagbag.py:545} INFO - Filling up the DagBag from /opt/airflow/dags/main.py
[2024-09-02T20:26:16.855+0000] {processor.py:840} INFO - DAG(s) 'dag_smtp_email_automatico' retrieved from /opt/airflow/dags/main.py
[2024-09-02T20:26:18.034+0000] {logging_mixin.py:188} INFO - [2024-09-02T20:26:18.033+0000] {override.py:1829} INFO - Created Permission View: can delete on DAG:dag_smtp_email_automatico
[2024-09-02T20:26:18.069+0000] {logging_mixin.py:188} INFO - [2024-09-02T20:26:18.068+0000] {override.py:1829} INFO - Created Permission View: can read on DAG:dag_smtp_email_automatico
[2024-09-02T20:26:18.099+0000] {logging_mixin.py:188} INFO - [2024-09-02T20:26:18.098+0000] {override.py:1829} INFO - Created Permission View: can edit on DAG:dag_smtp_email_automatico
[2024-09-02T20:26:18.099+0000] {logging_mixin.py:188} INFO - [2024-09-02T20:26:18.099+0000] {dag.py:3096} INFO - Sync 1 DAGs
[2024-09-02T20:26:18.136+0000] {logging_mixin.py:188} INFO - [2024-09-02T20:26:18.136+0000] {dag.py:3118} INFO - Creating ORM DAG for dag_smtp_email_automatico
[2024-09-02T20:26:18.206+0000] {logging_mixin.py:188} INFO - [2024-09-02T20:26:18.206+0000] {dag.py:3954} INFO - Setting next_dagrun for dag_smtp_email_automatico to 2024-07-03 00:00:00+00:00, run_after=2024-07-04 00:00:00+00:00
[2024-09-02T20:26:18.329+0000] {processor.py:183} INFO - Processing /opt/airflow/dags/main.py took 1.906 seconds
[2024-09-02T20:26:48.533+0000] {processor.py:161} INFO - Started process (PID=66) to work on /opt/airflow/dags/main.py
[2024-09-02T20:26:48.541+0000] {processor.py:830} INFO - Processing file /opt/airflow/dags/main.py for tasks to queue
[2024-09-02T20:26:48.543+0000] {logging_mixin.py:188} INFO - [2024-09-02T20:26:48.543+0000] {dagbag.py:545} INFO - Filling up the DagBag from /opt/airflow/dags/main.py
[2024-09-02T20:26:48.561+0000] {processor.py:840} INFO - DAG(s) 'dag_smtp_email_automatico' retrieved from /opt/airflow/dags/main.py
[2024-09-02T20:26:48.598+0000] {logging_mixin.py:188} INFO - [2024-09-02T20:26:48.597+0000] {dag.py:3096} INFO - Sync 1 DAGs
[2024-09-02T20:26:48.626+0000] {logging_mixin.py:188} INFO - [2024-09-02T20:26:48.626+0000] {dag.py:3954} INFO - Setting next_dagrun for dag_smtp_email_automatico to 2024-07-03 00:00:00+00:00, run_after=2024-07-04 00:00:00+00:00
[2024-09-02T20:26:48.655+0000] {processor.py:183} INFO - Processing /opt/airflow/dags/main.py took 0.136 seconds
[2024-09-02T20:27:18.785+0000] {processor.py:161} INFO - Started process (PID=75) to work on /opt/airflow/dags/main.py
[2024-09-02T20:27:18.786+0000] {processor.py:830} INFO - Processing file /opt/airflow/dags/main.py for tasks to queue
[2024-09-02T20:27:18.787+0000] {logging_mixin.py:188} INFO - [2024-09-02T20:27:18.787+0000] {dagbag.py:545} INFO - Filling up the DagBag from /opt/airflow/dags/main.py
[2024-09-02T20:27:18.806+0000] {processor.py:840} INFO - DAG(s) 'dag_smtp_email_automatico' retrieved from /opt/airflow/dags/main.py
[2024-09-02T20:27:18.843+0000] {logging_mixin.py:188} INFO - [2024-09-02T20:27:18.842+0000] {dag.py:3096} INFO - Sync 1 DAGs
[2024-09-02T20:27:18.905+0000] {logging_mixin.py:188} INFO - [2024-09-02T20:27:18.905+0000] {dag.py:3954} INFO - Setting next_dagrun for dag_smtp_email_automatico to 2024-07-03 00:00:00+00:00, run_after=2024-07-04 00:00:00+00:00
[2024-09-02T20:27:18.940+0000] {processor.py:183} INFO - Processing /opt/airflow/dags/main.py took 0.162 seconds
[2024-09-02T20:27:49.050+0000] {processor.py:161} INFO - Started process (PID=83) to work on /opt/airflow/dags/main.py
[2024-09-02T20:27:49.050+0000] {processor.py:830} INFO - Processing file /opt/airflow/dags/main.py for tasks to queue
[2024-09-02T20:27:49.053+0000] {logging_mixin.py:188} INFO - [2024-09-02T20:27:49.052+0000] {dagbag.py:545} INFO - Filling up the DagBag from /opt/airflow/dags/main.py
[2024-09-02T20:27:49.070+0000] {processor.py:840} INFO - DAG(s) 'dag_smtp_email_automatico' retrieved from /opt/airflow/dags/main.py
[2024-09-02T20:27:49.100+0000] {logging_mixin.py:188} INFO - [2024-09-02T20:27:49.100+0000] {dag.py:3096} INFO - Sync 1 DAGs
[2024-09-02T20:27:49.125+0000] {logging_mixin.py:188} INFO - [2024-09-02T20:27:49.124+0000] {dag.py:3954} INFO - Setting next_dagrun for dag_smtp_email_automatico to 2024-07-03 00:00:00+00:00, run_after=2024-07-04 00:00:00+00:00
[2024-09-02T20:27:49.147+0000] {processor.py:183} INFO - Processing /opt/airflow/dags/main.py took 0.103 seconds
[2024-09-02T20:28:19.259+0000] {processor.py:161} INFO - Started process (PID=92) to work on /opt/airflow/dags/main.py
[2024-09-02T20:28:19.260+0000] {processor.py:830} INFO - Processing file /opt/airflow/dags/main.py for tasks to queue
[2024-09-02T20:28:19.263+0000] {logging_mixin.py:188} INFO - [2024-09-02T20:28:19.262+0000] {dagbag.py:545} INFO - Filling up the DagBag from /opt/airflow/dags/main.py
[2024-09-02T20:28:19.280+0000] {processor.py:840} INFO - DAG(s) 'dag_smtp_email_automatico' retrieved from /opt/airflow/dags/main.py
[2024-09-02T20:28:19.325+0000] {logging_mixin.py:188} INFO - [2024-09-02T20:28:19.324+0000] {dag.py:3096} INFO - Sync 1 DAGs
[2024-09-02T20:28:19.351+0000] {logging_mixin.py:188} INFO - [2024-09-02T20:28:19.351+0000] {dag.py:3954} INFO - Setting next_dagrun for dag_smtp_email_automatico to 2024-07-03 00:00:00+00:00, run_after=2024-07-04 00:00:00+00:00
[2024-09-02T20:28:19.390+0000] {processor.py:183} INFO - Processing /opt/airflow/dags/main.py took 0.136 seconds
[2024-09-02T20:28:49.504+0000] {processor.py:161} INFO - Started process (PID=101) to work on /opt/airflow/dags/main.py
[2024-09-02T20:28:49.505+0000] {processor.py:830} INFO - Processing file /opt/airflow/dags/main.py for tasks to queue
[2024-09-02T20:28:49.507+0000] {logging_mixin.py:188} INFO - [2024-09-02T20:28:49.507+0000] {dagbag.py:545} INFO - Filling up the DagBag from /opt/airflow/dags/main.py
[2024-09-02T20:28:49.524+0000] {processor.py:840} INFO - DAG(s) 'dag_smtp_email_automatico' retrieved from /opt/airflow/dags/main.py
[2024-09-02T20:28:49.558+0000] {logging_mixin.py:188} INFO - [2024-09-02T20:28:49.557+0000] {dag.py:3096} INFO - Sync 1 DAGs
[2024-09-02T20:28:49.584+0000] {logging_mixin.py:188} INFO - [2024-09-02T20:28:49.583+0000] {dag.py:3954} INFO - Setting next_dagrun for dag_smtp_email_automatico to 2024-07-03 00:00:00+00:00, run_after=2024-07-04 00:00:00+00:00
[2024-09-02T20:28:49.608+0000] {processor.py:183} INFO - Processing /opt/airflow/dags/main.py took 0.110 seconds
[2024-09-02T20:29:19.739+0000] {processor.py:161} INFO - Started process (PID=109) to work on /opt/airflow/dags/main.py
[2024-09-02T20:29:19.740+0000] {processor.py:830} INFO - Processing file /opt/airflow/dags/main.py for tasks to queue
[2024-09-02T20:29:19.742+0000] {logging_mixin.py:188} INFO - [2024-09-02T20:29:19.742+0000] {dagbag.py:545} INFO - Filling up the DagBag from /opt/airflow/dags/main.py
[2024-09-02T20:29:19.760+0000] {processor.py:840} INFO - DAG(s) 'dag_smtp_email_automatico' retrieved from /opt/airflow/dags/main.py
[2024-09-02T20:29:19.790+0000] {logging_mixin.py:188} INFO - [2024-09-02T20:29:19.790+0000] {dag.py:3096} INFO - Sync 1 DAGs
[2024-09-02T20:29:19.817+0000] {logging_mixin.py:188} INFO - [2024-09-02T20:29:19.817+0000] {dag.py:3954} INFO - Setting next_dagrun for dag_smtp_email_automatico to 2024-07-03 00:00:00+00:00, run_after=2024-07-04 00:00:00+00:00
[2024-09-02T20:29:19.841+0000] {processor.py:183} INFO - Processing /opt/airflow/dags/main.py took 0.108 seconds
[2024-09-02T20:29:50.010+0000] {processor.py:161} INFO - Started process (PID=117) to work on /opt/airflow/dags/main.py
[2024-09-02T20:29:50.014+0000] {processor.py:830} INFO - Processing file /opt/airflow/dags/main.py for tasks to queue
[2024-09-02T20:29:50.024+0000] {logging_mixin.py:188} INFO - [2024-09-02T20:29:50.024+0000] {dagbag.py:545} INFO - Filling up the DagBag from /opt/airflow/dags/main.py
[2024-09-02T20:29:50.058+0000] {processor.py:840} INFO - DAG(s) 'dag_smtp_email_automatico' retrieved from /opt/airflow/dags/main.py
[2024-09-02T20:29:50.140+0000] {logging_mixin.py:188} INFO - [2024-09-02T20:29:50.140+0000] {dag.py:3096} INFO - Sync 1 DAGs
[2024-09-02T20:29:50.198+0000] {logging_mixin.py:188} INFO - [2024-09-02T20:29:50.198+0000] {dag.py:3954} INFO - Setting next_dagrun for dag_smtp_email_automatico to 2024-07-03 00:00:00+00:00, run_after=2024-07-04 00:00:00+00:00
[2024-09-02T20:29:50.241+0000] {processor.py:183} INFO - Processing /opt/airflow/dags/main.py took 0.244 seconds
[2024-09-02T20:30:20.383+0000] {processor.py:161} INFO - Started process (PID=125) to work on /opt/airflow/dags/main.py
[2024-09-02T20:30:20.383+0000] {processor.py:830} INFO - Processing file /opt/airflow/dags/main.py for tasks to queue
[2024-09-02T20:30:20.385+0000] {logging_mixin.py:188} INFO - [2024-09-02T20:30:20.385+0000] {dagbag.py:545} INFO - Filling up the DagBag from /opt/airflow/dags/main.py
[2024-09-02T20:30:20.404+0000] {processor.py:840} INFO - DAG(s) 'dag_smtp_email_automatico' retrieved from /opt/airflow/dags/main.py
[2024-09-02T20:30:20.433+0000] {logging_mixin.py:188} INFO - [2024-09-02T20:30:20.433+0000] {dag.py:3096} INFO - Sync 1 DAGs
[2024-09-02T20:30:20.459+0000] {logging_mixin.py:188} INFO - [2024-09-02T20:30:20.459+0000] {dag.py:3954} INFO - Setting next_dagrun for dag_smtp_email_automatico to 2024-07-03 00:00:00+00:00, run_after=2024-07-04 00:00:00+00:00
[2024-09-02T20:30:20.486+0000] {processor.py:183} INFO - Processing /opt/airflow/dags/main.py took 0.110 seconds
[2024-09-02T20:30:50.627+0000] {processor.py:161} INFO - Started process (PID=134) to work on /opt/airflow/dags/main.py
[2024-09-02T20:30:50.632+0000] {processor.py:830} INFO - Processing file /opt/airflow/dags/main.py for tasks to queue
[2024-09-02T20:30:50.634+0000] {logging_mixin.py:188} INFO - [2024-09-02T20:30:50.633+0000] {dagbag.py:545} INFO - Filling up the DagBag from /opt/airflow/dags/main.py
[2024-09-02T20:30:50.671+0000] {processor.py:840} INFO - DAG(s) 'dag_smtp_email_automatico' retrieved from /opt/airflow/dags/main.py
[2024-09-02T20:30:50.739+0000] {logging_mixin.py:188} INFO - [2024-09-02T20:30:50.739+0000] {dag.py:3096} INFO - Sync 1 DAGs
[2024-09-02T20:30:50.773+0000] {logging_mixin.py:188} INFO - [2024-09-02T20:30:50.772+0000] {dag.py:3954} INFO - Setting next_dagrun for dag_smtp_email_automatico to 2024-07-03 00:00:00+00:00, run_after=2024-07-04 00:00:00+00:00
[2024-09-02T20:30:50.824+0000] {processor.py:183} INFO - Processing /opt/airflow/dags/main.py took 0.211 seconds
[2024-09-02T20:31:20.971+0000] {processor.py:161} INFO - Started process (PID=142) to work on /opt/airflow/dags/main.py
[2024-09-02T20:31:20.972+0000] {processor.py:830} INFO - Processing file /opt/airflow/dags/main.py for tasks to queue
[2024-09-02T20:31:20.974+0000] {logging_mixin.py:188} INFO - [2024-09-02T20:31:20.973+0000] {dagbag.py:545} INFO - Filling up the DagBag from /opt/airflow/dags/main.py
[2024-09-02T20:31:20.992+0000] {processor.py:840} INFO - DAG(s) 'dag_smtp_email_automatico' retrieved from /opt/airflow/dags/main.py
[2024-09-02T20:31:21.022+0000] {logging_mixin.py:188} INFO - [2024-09-02T20:31:21.021+0000] {dag.py:3096} INFO - Sync 1 DAGs
[2024-09-02T20:31:21.047+0000] {logging_mixin.py:188} INFO - [2024-09-02T20:31:21.046+0000] {dag.py:3954} INFO - Setting next_dagrun for dag_smtp_email_automatico to 2024-07-03 00:00:00+00:00, run_after=2024-07-04 00:00:00+00:00
[2024-09-02T20:31:21.069+0000] {processor.py:183} INFO - Processing /opt/airflow/dags/main.py took 0.103 seconds
[2024-09-02T20:31:51.199+0000] {processor.py:161} INFO - Started process (PID=150) to work on /opt/airflow/dags/main.py
[2024-09-02T20:31:51.200+0000] {processor.py:830} INFO - Processing file /opt/airflow/dags/main.py for tasks to queue
[2024-09-02T20:31:51.202+0000] {logging_mixin.py:188} INFO - [2024-09-02T20:31:51.202+0000] {dagbag.py:545} INFO - Filling up the DagBag from /opt/airflow/dags/main.py
[2024-09-02T20:31:51.220+0000] {processor.py:840} INFO - DAG(s) 'dag_smtp_email_automatico' retrieved from /opt/airflow/dags/main.py
[2024-09-02T20:31:51.250+0000] {logging_mixin.py:188} INFO - [2024-09-02T20:31:51.249+0000] {dag.py:3096} INFO - Sync 1 DAGs
[2024-09-02T20:31:51.275+0000] {logging_mixin.py:188} INFO - [2024-09-02T20:31:51.274+0000] {dag.py:3954} INFO - Setting next_dagrun for dag_smtp_email_automatico to 2024-07-03 00:00:00+00:00, run_after=2024-07-04 00:00:00+00:00
[2024-09-02T20:31:51.299+0000] {processor.py:183} INFO - Processing /opt/airflow/dags/main.py took 0.105 seconds
[2024-09-02T20:32:21.433+0000] {processor.py:161} INFO - Started process (PID=158) to work on /opt/airflow/dags/main.py
[2024-09-02T20:32:21.434+0000] {processor.py:830} INFO - Processing file /opt/airflow/dags/main.py for tasks to queue
[2024-09-02T20:32:21.435+0000] {logging_mixin.py:188} INFO - [2024-09-02T20:32:21.435+0000] {dagbag.py:545} INFO - Filling up the DagBag from /opt/airflow/dags/main.py
[2024-09-02T20:32:21.465+0000] {processor.py:840} INFO - DAG(s) 'dag_smtp_email_automatico' retrieved from /opt/airflow/dags/main.py
[2024-09-02T20:32:21.500+0000] {logging_mixin.py:188} INFO - [2024-09-02T20:32:21.499+0000] {dag.py:3096} INFO - Sync 1 DAGs
[2024-09-02T20:32:21.565+0000] {logging_mixin.py:188} INFO - [2024-09-02T20:32:21.565+0000] {dag.py:3954} INFO - Setting next_dagrun for dag_smtp_email_automatico to 2024-07-03 00:00:00+00:00, run_after=2024-07-04 00:00:00+00:00
[2024-09-02T20:32:21.620+0000] {processor.py:183} INFO - Processing /opt/airflow/dags/main.py took 0.206 seconds
[2024-09-02T20:32:51.786+0000] {processor.py:161} INFO - Started process (PID=167) to work on /opt/airflow/dags/main.py
[2024-09-02T20:32:51.787+0000] {processor.py:830} INFO - Processing file /opt/airflow/dags/main.py for tasks to queue
[2024-09-02T20:32:51.789+0000] {logging_mixin.py:188} INFO - [2024-09-02T20:32:51.788+0000] {dagbag.py:545} INFO - Filling up the DagBag from /opt/airflow/dags/main.py
[2024-09-02T20:32:51.810+0000] {processor.py:840} INFO - DAG(s) 'dag_smtp_email_automatico' retrieved from /opt/airflow/dags/main.py
[2024-09-02T20:32:51.838+0000] {logging_mixin.py:188} INFO - [2024-09-02T20:32:51.838+0000] {dag.py:3096} INFO - Sync 1 DAGs
[2024-09-02T20:32:51.866+0000] {logging_mixin.py:188} INFO - [2024-09-02T20:32:51.866+0000] {dag.py:3954} INFO - Setting next_dagrun for dag_smtp_email_automatico to 2024-07-03 00:00:00+00:00, run_after=2024-07-04 00:00:00+00:00
[2024-09-02T20:32:51.887+0000] {processor.py:183} INFO - Processing /opt/airflow/dags/main.py took 0.107 seconds
[2024-09-02T20:33:22.031+0000] {processor.py:161} INFO - Started process (PID=175) to work on /opt/airflow/dags/main.py
[2024-09-02T20:33:22.034+0000] {processor.py:830} INFO - Processing file /opt/airflow/dags/main.py for tasks to queue
[2024-09-02T20:33:22.036+0000] {logging_mixin.py:188} INFO - [2024-09-02T20:33:22.035+0000] {dagbag.py:545} INFO - Filling up the DagBag from /opt/airflow/dags/main.py
[2024-09-02T20:33:22.054+0000] {processor.py:840} INFO - DAG(s) 'dag_smtp_email_automatico' retrieved from /opt/airflow/dags/main.py
[2024-09-02T20:33:22.086+0000] {logging_mixin.py:188} INFO - [2024-09-02T20:33:22.086+0000] {dag.py:3096} INFO - Sync 1 DAGs
[2024-09-02T20:33:22.113+0000] {logging_mixin.py:188} INFO - [2024-09-02T20:33:22.112+0000] {dag.py:3954} INFO - Setting next_dagrun for dag_smtp_email_automatico to 2024-07-03 00:00:00+00:00, run_after=2024-07-04 00:00:00+00:00
[2024-09-02T20:33:22.135+0000] {processor.py:183} INFO - Processing /opt/airflow/dags/main.py took 0.110 seconds
