[2024-08-27T01:21:28.147+0000] {local_task_job_runner.py:120} INFO - ::group::Pre task execution logs
[2024-08-27T01:21:28.647+0000] {taskinstance.py:2076} INFO - Dependencies all met for dep_context=non-requeueable deps ti=<TaskInstance: microdesafio_semana_10.init_project_data_creation scheduled__2024-04-02T00:00:00+00:00 [queued]>
[2024-08-27T01:21:28.820+0000] {taskinstance.py:2076} INFO - Dependencies all met for dep_context=requeueable deps ti=<TaskInstance: microdesafio_semana_10.init_project_data_creation scheduled__2024-04-02T00:00:00+00:00 [queued]>
[2024-08-27T01:21:28.835+0000] {taskinstance.py:2306} INFO - Starting attempt 1 of 1
[2024-08-27T01:21:29.171+0000] {taskinstance.py:2330} INFO - Executing <Task(BashOperator): init_project_data_creation> on 2024-04-02 00:00:00+00:00
[2024-08-27T01:21:29.289+0000] {standard_task_runner.py:90} INFO - Running: ['***', 'tasks', 'run', 'microdesafio_semana_10', 'init_project_data_creation', 'scheduled__2024-04-02T00:00:00+00:00', '--job-id', '263', '--raw', '--subdir', 'DAGS_FOLDER/dag_test.py', '--cfg-path', '/tmp/tmpcbi4vrps']
[2024-08-27T01:21:29.315+0000] {standard_task_runner.py:91} INFO - Job 263: Subtask init_project_data_creation
[2024-08-27T01:21:29.273+0000] {warnings.py:112} WARNING - /home/***/.local/lib/python3.12/site-packages/***/task/task_runner/standard_task_runner.py:61: DeprecationWarning: This process (pid=711) is multi-threaded, use of fork() may lead to deadlocks in the child.
  pid = os.fork()

[2024-08-27T01:21:29.317+0000] {standard_task_runner.py:63} INFO - Started process 736 to run task
[2024-08-27T01:21:29.819+0000] {task_command.py:426} INFO - Running <TaskInstance: microdesafio_semana_10.init_project_data_creation scheduled__2024-04-02T00:00:00+00:00 [running]> on host 6a900cf20cab
[2024-08-27T01:21:31.399+0000] {taskinstance.py:2648} INFO - Exporting env vars: AIRFLOW_CTX_DAG_OWNER='***' AIRFLOW_CTX_DAG_ID='microdesafio_semana_10' AIRFLOW_CTX_TASK_ID='init_project_data_creation' AIRFLOW_CTX_EXECUTION_DATE='2024-04-02T00:00:00+00:00' AIRFLOW_CTX_TRY_NUMBER='1' AIRFLOW_CTX_DAG_RUN_ID='scheduled__2024-04-02T00:00:00+00:00'
[2024-08-27T01:21:31.400+0000] {taskinstance.py:430} INFO - ::endgroup::
[2024-08-27T01:21:31.401+0000] {subprocess.py:63} INFO - Tmp dir root location: /tmp
[2024-08-27T01:21:31.413+0000] {subprocess.py:75} INFO - Running command: ['/usr/bin/bash', '-c', "echo 'start project'"]
[2024-08-27T01:21:31.625+0000] {subprocess.py:86} INFO - Output:
[2024-08-27T01:21:31.639+0000] {subprocess.py:93} INFO - start project
[2024-08-27T01:21:31.640+0000] {subprocess.py:97} INFO - Command exited with return code 0
[2024-08-27T01:21:31.642+0000] {taskinstance.py:441} INFO - ::group::Post task execution logs
[2024-08-27T01:21:31.744+0000] {taskinstance.py:1206} INFO - Marking task as SUCCESS. dag_id=microdesafio_semana_10, task_id=init_project_data_creation, run_id=scheduled__2024-04-02T00:00:00+00:00, execution_date=20240402T000000, start_date=20240827T012128, end_date=20240827T012131
[2024-08-27T01:21:32.056+0000] {local_task_job_runner.py:240} INFO - Task exited with return code 0
[2024-08-27T01:21:32.398+0000] {taskinstance.py:3503} INFO - 1 downstream tasks scheduled from follow-on schedule check
[2024-08-27T01:21:32.414+0000] {local_task_job_runner.py:222} INFO - ::endgroup::
