[2024-08-27T01:27:16.427+0000] {local_task_job_runner.py:120} INFO - ::group::Pre task execution logs
[2024-08-27T01:27:16.925+0000] {taskinstance.py:2076} INFO - Dependencies all met for dep_context=non-requeueable deps ti=<TaskInstance: microdesafio_semana_10.init_project_data_creation scheduled__2024-08-11T00:00:00+00:00 [queued]>
[2024-08-27T01:27:17.024+0000] {taskinstance.py:2076} INFO - Dependencies all met for dep_context=requeueable deps ti=<TaskInstance: microdesafio_semana_10.init_project_data_creation scheduled__2024-08-11T00:00:00+00:00 [queued]>
[2024-08-27T01:27:17.030+0000] {taskinstance.py:2306} INFO - Starting attempt 1 of 1
[2024-08-27T01:27:17.316+0000] {taskinstance.py:2330} INFO - Executing <Task(BashOperator): init_project_data_creation> on 2024-08-11 00:00:00+00:00
[2024-08-27T01:27:17.584+0000] {warnings.py:112} WARNING - /home/***/.local/lib/python3.12/site-packages/***/task/task_runner/standard_task_runner.py:61: DeprecationWarning: This process (pid=1686) is multi-threaded, use of fork() may lead to deadlocks in the child.
  pid = os.fork()

[2024-08-27T01:27:17.626+0000] {standard_task_runner.py:63} INFO - Started process 1720 to run task
[2024-08-27T01:27:17.589+0000] {standard_task_runner.py:90} INFO - Running: ['***', 'tasks', 'run', 'microdesafio_semana_10', 'init_project_data_creation', 'scheduled__2024-08-11T00:00:00+00:00', '--job-id', '659', '--raw', '--subdir', 'DAGS_FOLDER/dag_test.py', '--cfg-path', '/tmp/tmpudga8vck']
[2024-08-27T01:27:17.673+0000] {standard_task_runner.py:91} INFO - Job 659: Subtask init_project_data_creation
[2024-08-27T01:27:18.511+0000] {task_command.py:426} INFO - Running <TaskInstance: microdesafio_semana_10.init_project_data_creation scheduled__2024-08-11T00:00:00+00:00 [running]> on host 6a900cf20cab
[2024-08-27T01:27:20.129+0000] {taskinstance.py:2648} INFO - Exporting env vars: AIRFLOW_CTX_DAG_OWNER='***' AIRFLOW_CTX_DAG_ID='microdesafio_semana_10' AIRFLOW_CTX_TASK_ID='init_project_data_creation' AIRFLOW_CTX_EXECUTION_DATE='2024-08-11T00:00:00+00:00' AIRFLOW_CTX_TRY_NUMBER='1' AIRFLOW_CTX_DAG_RUN_ID='scheduled__2024-08-11T00:00:00+00:00'
[2024-08-27T01:27:20.134+0000] {taskinstance.py:430} INFO - ::endgroup::
[2024-08-27T01:27:20.145+0000] {subprocess.py:63} INFO - Tmp dir root location: /tmp
[2024-08-27T01:27:20.167+0000] {subprocess.py:75} INFO - Running command: ['/usr/bin/bash', '-c', "echo 'start project'"]
[2024-08-27T01:27:20.497+0000] {subprocess.py:86} INFO - Output:
[2024-08-27T01:27:20.617+0000] {subprocess.py:93} INFO - start project
[2024-08-27T01:27:20.619+0000] {subprocess.py:97} INFO - Command exited with return code 0
[2024-08-27T01:27:20.620+0000] {taskinstance.py:441} INFO - ::group::Post task execution logs
[2024-08-27T01:27:20.834+0000] {taskinstance.py:1206} INFO - Marking task as SUCCESS. dag_id=microdesafio_semana_10, task_id=init_project_data_creation, run_id=scheduled__2024-08-11T00:00:00+00:00, execution_date=20240811T000000, start_date=20240827T012716, end_date=20240827T012720
[2024-08-27T01:27:21.039+0000] {local_task_job_runner.py:240} INFO - Task exited with return code 0
[2024-08-27T01:27:21.266+0000] {taskinstance.py:3503} INFO - 1 downstream tasks scheduled from follow-on schedule check
[2024-08-27T01:27:21.282+0000] {local_task_job_runner.py:222} INFO - ::endgroup::
