[2024-08-27T01:20:44.981+0000] {local_task_job_runner.py:120} INFO - ::group::Pre task execution logs
[2024-08-27T01:20:45.703+0000] {taskinstance.py:2076} INFO - Dependencies all met for dep_context=non-requeueable deps ti=<TaskInstance: microdesafio_semana_10.init_project_data_creation scheduled__2024-03-19T00:00:00+00:00 [queued]>
[2024-08-27T01:20:45.912+0000] {taskinstance.py:2076} INFO - Dependencies all met for dep_context=requeueable deps ti=<TaskInstance: microdesafio_semana_10.init_project_data_creation scheduled__2024-03-19T00:00:00+00:00 [queued]>
[2024-08-27T01:20:45.922+0000] {taskinstance.py:2306} INFO - Starting attempt 1 of 1
[2024-08-27T01:20:46.286+0000] {taskinstance.py:2330} INFO - Executing <Task(BashOperator): init_project_data_creation> on 2024-03-19 00:00:00+00:00
[2024-08-27T01:20:46.513+0000] {warnings.py:112} WARNING - /home/***/.local/lib/python3.12/site-packages/***/task/task_runner/standard_task_runner.py:61: DeprecationWarning: This process (pid=593) is multi-threaded, use of fork() may lead to deadlocks in the child.
  pid = os.fork()

[2024-08-27T01:20:46.528+0000] {standard_task_runner.py:63} INFO - Started process 618 to run task
[2024-08-27T01:20:46.544+0000] {standard_task_runner.py:90} INFO - Running: ['***', 'tasks', 'run', 'microdesafio_semana_10', 'init_project_data_creation', 'scheduled__2024-03-19T00:00:00+00:00', '--job-id', '216', '--raw', '--subdir', 'DAGS_FOLDER/dag_test.py', '--cfg-path', '/tmp/tmp45vviiwk']
[2024-08-27T01:20:46.586+0000] {standard_task_runner.py:91} INFO - Job 216: Subtask init_project_data_creation
[2024-08-27T01:20:47.210+0000] {task_command.py:426} INFO - Running <TaskInstance: microdesafio_semana_10.init_project_data_creation scheduled__2024-03-19T00:00:00+00:00 [running]> on host 6a900cf20cab
[2024-08-27T01:20:48.980+0000] {taskinstance.py:2648} INFO - Exporting env vars: AIRFLOW_CTX_DAG_OWNER='***' AIRFLOW_CTX_DAG_ID='microdesafio_semana_10' AIRFLOW_CTX_TASK_ID='init_project_data_creation' AIRFLOW_CTX_EXECUTION_DATE='2024-03-19T00:00:00+00:00' AIRFLOW_CTX_TRY_NUMBER='1' AIRFLOW_CTX_DAG_RUN_ID='scheduled__2024-03-19T00:00:00+00:00'
[2024-08-27T01:20:48.986+0000] {taskinstance.py:430} INFO - ::endgroup::
[2024-08-27T01:20:49.005+0000] {subprocess.py:63} INFO - Tmp dir root location: /tmp
[2024-08-27T01:20:49.060+0000] {subprocess.py:75} INFO - Running command: ['/usr/bin/bash', '-c', "echo 'start project'"]
[2024-08-27T01:20:49.461+0000] {subprocess.py:86} INFO - Output:
[2024-08-27T01:20:49.520+0000] {subprocess.py:93} INFO - start project
[2024-08-27T01:20:49.583+0000] {subprocess.py:97} INFO - Command exited with return code 0
[2024-08-27T01:20:49.584+0000] {taskinstance.py:441} INFO - ::group::Post task execution logs
[2024-08-27T01:20:49.850+0000] {taskinstance.py:1206} INFO - Marking task as SUCCESS. dag_id=microdesafio_semana_10, task_id=init_project_data_creation, run_id=scheduled__2024-03-19T00:00:00+00:00, execution_date=20240319T000000, start_date=20240827T012045, end_date=20240827T012049
[2024-08-27T01:20:50.140+0000] {local_task_job_runner.py:240} INFO - Task exited with return code 0
[2024-08-27T01:20:50.398+0000] {taskinstance.py:3503} INFO - 1 downstream tasks scheduled from follow-on schedule check
[2024-08-27T01:20:50.415+0000] {local_task_job_runner.py:222} INFO - ::endgroup::
