[2024-08-27T01:25:54.725+0000] {local_task_job_runner.py:120} INFO - ::group::Pre task execution logs
[2024-08-27T01:25:55.260+0000] {taskinstance.py:2076} INFO - Dependencies all met for dep_context=non-requeueable deps ti=<TaskInstance: microdesafio_semana_10.airflow scheduled__2024-07-01T00:00:00+00:00 [queued]>
[2024-08-27T01:25:55.533+0000] {taskinstance.py:2076} INFO - Dependencies all met for dep_context=requeueable deps ti=<TaskInstance: microdesafio_semana_10.airflow scheduled__2024-07-01T00:00:00+00:00 [queued]>
[2024-08-27T01:25:55.535+0000] {taskinstance.py:2306} INFO - Starting attempt 1 of 1
[2024-08-27T01:25:55.974+0000] {taskinstance.py:2330} INFO - Executing <Task(_PythonDecoratedOperator): airflow> on 2024-07-01 00:00:00+00:00
[2024-08-27T01:25:56.215+0000] {warnings.py:112} WARNING - /home/***/.local/lib/python3.12/site-packages/***/task/task_runner/standard_task_runner.py:61: DeprecationWarning: This process (pid=1469) is multi-threaded, use of fork() may lead to deadlocks in the child.
  pid = os.fork()

[2024-08-27T01:25:56.273+0000] {standard_task_runner.py:63} INFO - Started process 1506 to run task
[2024-08-27T01:25:56.240+0000] {standard_task_runner.py:90} INFO - Running: ['***', 'tasks', 'run', 'microdesafio_semana_10', '***', 'scheduled__2024-07-01T00:00:00+00:00', '--job-id', '569', '--raw', '--subdir', 'DAGS_FOLDER/dag_test.py', '--cfg-path', '/tmp/tmp9a6hyvs_']
[2024-08-27T01:25:56.432+0000] {standard_task_runner.py:91} INFO - Job 569: Subtask ***
[2024-08-27T01:25:57.150+0000] {task_command.py:426} INFO - Running <TaskInstance: microdesafio_semana_10.airflow scheduled__2024-07-01T00:00:00+00:00 [running]> on host 6a900cf20cab
[2024-08-27T01:25:58.950+0000] {taskinstance.py:2648} INFO - Exporting env vars: AIRFLOW_CTX_DAG_OWNER='***' AIRFLOW_CTX_DAG_ID='microdesafio_semana_10' AIRFLOW_CTX_TASK_ID='***' AIRFLOW_CTX_EXECUTION_DATE='2024-07-01T00:00:00+00:00' AIRFLOW_CTX_TRY_NUMBER='1' AIRFLOW_CTX_DAG_RUN_ID='scheduled__2024-07-01T00:00:00+00:00'
[2024-08-27T01:25:58.962+0000] {taskinstance.py:430} INFO - ::endgroup::
[2024-08-27T01:25:58.963+0000] {logging_mixin.py:188} INFO - ***
[2024-08-27T01:25:58.992+0000] {python.py:237} INFO - Done. Returned value was: None
[2024-08-27T01:25:59.015+0000] {taskinstance.py:441} INFO - ::group::Post task execution logs
[2024-08-27T01:25:59.136+0000] {taskinstance.py:1206} INFO - Marking task as SUCCESS. dag_id=microdesafio_semana_10, task_id=***, run_id=scheduled__2024-07-01T00:00:00+00:00, execution_date=20240701T000000, start_date=20240827T012555, end_date=20240827T012559
[2024-08-27T01:25:59.804+0000] {local_task_job_runner.py:240} INFO - Task exited with return code 0
[2024-08-27T01:26:00.035+0000] {taskinstance.py:3503} INFO - 0 downstream tasks scheduled from follow-on schedule check
[2024-08-27T01:26:00.082+0000] {local_task_job_runner.py:222} INFO - ::endgroup::
