[2024-09-02T22:31:33.146+0000] {processor.py:161} INFO - Started process (PID=60) to work on /opt/airflow/dags/dag_sensor_csv.py
[2024-09-02T22:31:33.155+0000] {processor.py:830} INFO - Processing file /opt/airflow/dags/dag_sensor_csv.py for tasks to queue
[2024-09-02T22:31:33.168+0000] {logging_mixin.py:188} INFO - [2024-09-02T22:31:33.168+0000] {dagbag.py:545} INFO - Filling up the DagBag from /opt/airflow/dags/dag_sensor_csv.py
[2024-09-02T22:31:33.279+0000] {processor.py:840} INFO - DAG(s) 'data_sensors_DBU' retrieved from /opt/airflow/dags/dag_sensor_csv.py
[2024-09-02T22:31:34.174+0000] {logging_mixin.py:188} INFO - [2024-09-02T22:31:34.174+0000] {dag.py:3096} INFO - Sync 1 DAGs
[2024-09-02T22:31:34.334+0000] {logging_mixin.py:188} INFO - [2024-09-02T22:31:34.334+0000] {dag.py:3954} INFO - Setting next_dagrun for data_sensors_DBU to 2024-09-01 00:00:00+00:00, run_after=2024-09-02 00:00:00+00:00
[2024-09-02T22:31:34.424+0000] {processor.py:183} INFO - Processing /opt/airflow/dags/dag_sensor_csv.py took 1.288 seconds
[2024-09-02T22:32:04.565+0000] {processor.py:161} INFO - Started process (PID=66) to work on /opt/airflow/dags/dag_sensor_csv.py
[2024-09-02T22:32:04.566+0000] {processor.py:830} INFO - Processing file /opt/airflow/dags/dag_sensor_csv.py for tasks to queue
[2024-09-02T22:32:04.567+0000] {logging_mixin.py:188} INFO - [2024-09-02T22:32:04.567+0000] {dagbag.py:545} INFO - Filling up the DagBag from /opt/airflow/dags/dag_sensor_csv.py
[2024-09-02T22:32:04.582+0000] {processor.py:840} INFO - DAG(s) 'data_sensors_DBU' retrieved from /opt/airflow/dags/dag_sensor_csv.py
[2024-09-02T22:32:04.612+0000] {logging_mixin.py:188} INFO - [2024-09-02T22:32:04.611+0000] {dag.py:3096} INFO - Sync 1 DAGs
[2024-09-02T22:32:04.631+0000] {logging_mixin.py:188} INFO - [2024-09-02T22:32:04.630+0000] {dag.py:3954} INFO - Setting next_dagrun for data_sensors_DBU to 2024-09-01 00:00:00+00:00, run_after=2024-09-02 00:00:00+00:00
[2024-09-02T22:32:04.649+0000] {processor.py:183} INFO - Processing /opt/airflow/dags/dag_sensor_csv.py took 0.089 seconds
[2024-09-02T22:32:28.658+0000] {processor.py:161} INFO - Started process (PID=73) to work on /opt/airflow/dags/dag_sensor_csv.py
[2024-09-02T22:32:28.659+0000] {processor.py:830} INFO - Processing file /opt/airflow/dags/dag_sensor_csv.py for tasks to queue
[2024-09-02T22:32:28.661+0000] {logging_mixin.py:188} INFO - [2024-09-02T22:32:28.660+0000] {dagbag.py:545} INFO - Filling up the DagBag from /opt/airflow/dags/dag_sensor_csv.py
[2024-09-02T22:32:28.675+0000] {logging_mixin.py:188} INFO - [2024-09-02T22:32:28.671+0000] {dagbag.py:355} ERROR - Failed to import: /opt/airflow/dags/dag_sensor_csv.py
Traceback (most recent call last):
  File "/home/airflow/.local/lib/python3.12/site-packages/airflow/models/dagbag.py", line 351, in parse
    loader.exec_module(new_module)
  File "<frozen importlib._bootstrap_external>", line 995, in exec_module
  File "<frozen importlib._bootstrap>", line 488, in _call_with_frames_removed
  File "/opt/airflow/dags/dag_sensor_csv.py", line 55, in <module>
    file_sensor >> get_file_nameimprimir >> send_email
                   ^^^^^^^^^^^^^^^^^^^^^
NameError: name 'get_file_nameimprimir' is not defined
[2024-09-02T22:32:28.680+0000] {processor.py:842} WARNING - No viable dags retrieved from /opt/airflow/dags/dag_sensor_csv.py
[2024-09-02T22:32:28.704+0000] {processor.py:183} INFO - Processing /opt/airflow/dags/dag_sensor_csv.py took 0.050 seconds
[2024-09-02T22:32:32.678+0000] {processor.py:161} INFO - Started process (PID=74) to work on /opt/airflow/dags/dag_sensor_csv.py
[2024-09-02T22:32:32.679+0000] {processor.py:830} INFO - Processing file /opt/airflow/dags/dag_sensor_csv.py for tasks to queue
[2024-09-02T22:32:32.680+0000] {logging_mixin.py:188} INFO - [2024-09-02T22:32:32.680+0000] {dagbag.py:545} INFO - Filling up the DagBag from /opt/airflow/dags/dag_sensor_csv.py
[2024-09-02T22:32:32.691+0000] {logging_mixin.py:188} INFO - [2024-09-02T22:32:32.690+0000] {dagbag.py:355} ERROR - Failed to import: /opt/airflow/dags/dag_sensor_csv.py
Traceback (most recent call last):
  File "/home/airflow/.local/lib/python3.12/site-packages/airflow/models/dagbag.py", line 351, in parse
    loader.exec_module(new_module)
  File "<frozen importlib._bootstrap_external>", line 995, in exec_module
  File "<frozen importlib._bootstrap>", line 488, in _call_with_frames_removed
  File "/opt/airflow/dags/dag_sensor_csv.py", line 55, in <module>
    file_sensor >> get_file_name >> imprimir >> send_email
    ~~~~~~~~~~~~^^~~~~~~~~~~~~~~
TypeError: unsupported operand type(s) for >>: 'tuple' and 'function'
[2024-09-02T22:32:32.691+0000] {processor.py:842} WARNING - No viable dags retrieved from /opt/airflow/dags/dag_sensor_csv.py
[2024-09-02T22:32:32.713+0000] {processor.py:183} INFO - Processing /opt/airflow/dags/dag_sensor_csv.py took 0.039 seconds
[2024-09-02T22:33:02.804+0000] {processor.py:161} INFO - Started process (PID=81) to work on /opt/airflow/dags/dag_sensor_csv.py
[2024-09-02T22:33:02.805+0000] {processor.py:830} INFO - Processing file /opt/airflow/dags/dag_sensor_csv.py for tasks to queue
[2024-09-02T22:33:02.806+0000] {logging_mixin.py:188} INFO - [2024-09-02T22:33:02.806+0000] {dagbag.py:545} INFO - Filling up the DagBag from /opt/airflow/dags/dag_sensor_csv.py
[2024-09-02T22:33:02.818+0000] {logging_mixin.py:188} INFO - [2024-09-02T22:33:02.817+0000] {dagbag.py:355} ERROR - Failed to import: /opt/airflow/dags/dag_sensor_csv.py
Traceback (most recent call last):
  File "/home/airflow/.local/lib/python3.12/site-packages/airflow/models/dagbag.py", line 351, in parse
    loader.exec_module(new_module)
  File "<frozen importlib._bootstrap_external>", line 995, in exec_module
  File "<frozen importlib._bootstrap>", line 488, in _call_with_frames_removed
  File "/opt/airflow/dags/dag_sensor_csv.py", line 55, in <module>
    file_sensor >> get_file_name >> imprimir >> send_email
    ~~~~~~~~~~~~^^~~~~~~~~~~~~~~
TypeError: unsupported operand type(s) for >>: 'tuple' and 'function'
[2024-09-02T22:33:02.819+0000] {processor.py:842} WARNING - No viable dags retrieved from /opt/airflow/dags/dag_sensor_csv.py
[2024-09-02T22:33:02.838+0000] {processor.py:183} INFO - Processing /opt/airflow/dags/dag_sensor_csv.py took 0.039 seconds
[2024-09-02T22:33:32.971+0000] {processor.py:161} INFO - Started process (PID=88) to work on /opt/airflow/dags/dag_sensor_csv.py
[2024-09-02T22:33:32.973+0000] {processor.py:830} INFO - Processing file /opt/airflow/dags/dag_sensor_csv.py for tasks to queue
[2024-09-02T22:33:32.976+0000] {logging_mixin.py:188} INFO - [2024-09-02T22:33:32.975+0000] {dagbag.py:545} INFO - Filling up the DagBag from /opt/airflow/dags/dag_sensor_csv.py
[2024-09-02T22:33:32.997+0000] {logging_mixin.py:188} INFO - [2024-09-02T22:33:32.996+0000] {dagbag.py:355} ERROR - Failed to import: /opt/airflow/dags/dag_sensor_csv.py
Traceback (most recent call last):
  File "/home/airflow/.local/lib/python3.12/site-packages/airflow/models/dagbag.py", line 351, in parse
    loader.exec_module(new_module)
  File "<frozen importlib._bootstrap_external>", line 995, in exec_module
  File "<frozen importlib._bootstrap>", line 488, in _call_with_frames_removed
  File "/opt/airflow/dags/dag_sensor_csv.py", line 55, in <module>
    file_sensor >> get_file_name >> imprimir >> send_email
    ~~~~~~~~~~~~^^~~~~~~~~~~~~~~
TypeError: unsupported operand type(s) for >>: 'tuple' and 'function'
[2024-09-02T22:33:32.998+0000] {processor.py:842} WARNING - No viable dags retrieved from /opt/airflow/dags/dag_sensor_csv.py
[2024-09-02T22:33:33.023+0000] {processor.py:183} INFO - Processing /opt/airflow/dags/dag_sensor_csv.py took 0.059 seconds
[2024-09-02T22:33:35.002+0000] {processor.py:161} INFO - Started process (PID=89) to work on /opt/airflow/dags/dag_sensor_csv.py
[2024-09-02T22:33:35.003+0000] {processor.py:830} INFO - Processing file /opt/airflow/dags/dag_sensor_csv.py for tasks to queue
[2024-09-02T22:33:35.004+0000] {logging_mixin.py:188} INFO - [2024-09-02T22:33:35.004+0000] {dagbag.py:545} INFO - Filling up the DagBag from /opt/airflow/dags/dag_sensor_csv.py
[2024-09-02T22:33:35.017+0000] {processor.py:840} INFO - DAG(s) 'data_sensors_DBU' retrieved from /opt/airflow/dags/dag_sensor_csv.py
[2024-09-02T22:33:35.154+0000] {logging_mixin.py:188} INFO - [2024-09-02T22:33:35.154+0000] {dag.py:3096} INFO - Sync 1 DAGs
[2024-09-02T22:33:35.174+0000] {logging_mixin.py:188} INFO - [2024-09-02T22:33:35.174+0000] {dag.py:3954} INFO - Setting next_dagrun for data_sensors_DBU to 2024-09-01 00:00:00+00:00, run_after=2024-09-02 00:00:00+00:00
[2024-09-02T22:33:35.206+0000] {processor.py:183} INFO - Processing /opt/airflow/dags/dag_sensor_csv.py took 0.210 seconds
[2024-09-02T22:34:05.312+0000] {processor.py:161} INFO - Started process (PID=97) to work on /opt/airflow/dags/dag_sensor_csv.py
[2024-09-02T22:34:05.315+0000] {processor.py:830} INFO - Processing file /opt/airflow/dags/dag_sensor_csv.py for tasks to queue
[2024-09-02T22:34:05.316+0000] {logging_mixin.py:188} INFO - [2024-09-02T22:34:05.315+0000] {dagbag.py:545} INFO - Filling up the DagBag from /opt/airflow/dags/dag_sensor_csv.py
[2024-09-02T22:34:05.336+0000] {processor.py:840} INFO - DAG(s) 'data_sensors_DBU' retrieved from /opt/airflow/dags/dag_sensor_csv.py
[2024-09-02T22:34:05.360+0000] {logging_mixin.py:188} INFO - [2024-09-02T22:34:05.360+0000] {dag.py:3096} INFO - Sync 1 DAGs
[2024-09-02T22:34:05.378+0000] {logging_mixin.py:188} INFO - [2024-09-02T22:34:05.378+0000] {dag.py:3954} INFO - Setting next_dagrun for data_sensors_DBU to 2024-09-02 00:00:00+00:00, run_after=2024-09-03 00:00:00+00:00
[2024-09-02T22:34:05.399+0000] {processor.py:183} INFO - Processing /opt/airflow/dags/dag_sensor_csv.py took 0.094 seconds
[2024-09-02T22:34:35.437+0000] {processor.py:161} INFO - Started process (PID=104) to work on /opt/airflow/dags/dag_sensor_csv.py
[2024-09-02T22:34:35.438+0000] {processor.py:830} INFO - Processing file /opt/airflow/dags/dag_sensor_csv.py for tasks to queue
[2024-09-02T22:34:35.440+0000] {logging_mixin.py:188} INFO - [2024-09-02T22:34:35.439+0000] {dagbag.py:545} INFO - Filling up the DagBag from /opt/airflow/dags/dag_sensor_csv.py
[2024-09-02T22:34:35.494+0000] {processor.py:840} INFO - DAG(s) 'data_sensors_DBU' retrieved from /opt/airflow/dags/dag_sensor_csv.py
[2024-09-02T22:34:35.536+0000] {logging_mixin.py:188} INFO - [2024-09-02T22:34:35.536+0000] {dag.py:3096} INFO - Sync 1 DAGs
[2024-09-02T22:34:35.565+0000] {logging_mixin.py:188} INFO - [2024-09-02T22:34:35.565+0000] {dag.py:3954} INFO - Setting next_dagrun for data_sensors_DBU to 2024-09-02 00:00:00+00:00, run_after=2024-09-03 00:00:00+00:00
[2024-09-02T22:34:35.592+0000] {processor.py:183} INFO - Processing /opt/airflow/dags/dag_sensor_csv.py took 0.165 seconds
[2024-09-02T22:35:05.636+0000] {processor.py:161} INFO - Started process (PID=111) to work on /opt/airflow/dags/dag_sensor_csv.py
[2024-09-02T22:35:05.638+0000] {processor.py:830} INFO - Processing file /opt/airflow/dags/dag_sensor_csv.py for tasks to queue
[2024-09-02T22:35:05.639+0000] {logging_mixin.py:188} INFO - [2024-09-02T22:35:05.639+0000] {dagbag.py:545} INFO - Filling up the DagBag from /opt/airflow/dags/dag_sensor_csv.py
[2024-09-02T22:35:05.657+0000] {processor.py:840} INFO - DAG(s) 'data_sensors_DBU' retrieved from /opt/airflow/dags/dag_sensor_csv.py
[2024-09-02T22:35:05.692+0000] {logging_mixin.py:188} INFO - [2024-09-02T22:35:05.692+0000] {dag.py:3096} INFO - Sync 1 DAGs
[2024-09-02T22:35:05.721+0000] {logging_mixin.py:188} INFO - [2024-09-02T22:35:05.720+0000] {dag.py:3954} INFO - Setting next_dagrun for data_sensors_DBU to 2024-09-02 00:00:00+00:00, run_after=2024-09-03 00:00:00+00:00
[2024-09-02T22:35:05.744+0000] {processor.py:183} INFO - Processing /opt/airflow/dags/dag_sensor_csv.py took 0.115 seconds
[2024-09-02T22:35:35.814+0000] {processor.py:161} INFO - Started process (PID=118) to work on /opt/airflow/dags/dag_sensor_csv.py
[2024-09-02T22:35:35.816+0000] {processor.py:830} INFO - Processing file /opt/airflow/dags/dag_sensor_csv.py for tasks to queue
[2024-09-02T22:35:35.817+0000] {logging_mixin.py:188} INFO - [2024-09-02T22:35:35.817+0000] {dagbag.py:545} INFO - Filling up the DagBag from /opt/airflow/dags/dag_sensor_csv.py
[2024-09-02T22:35:35.835+0000] {processor.py:840} INFO - DAG(s) 'data_sensors_DBU' retrieved from /opt/airflow/dags/dag_sensor_csv.py
[2024-09-02T22:35:35.875+0000] {logging_mixin.py:188} INFO - [2024-09-02T22:35:35.875+0000] {dag.py:3096} INFO - Sync 1 DAGs
[2024-09-02T22:35:35.898+0000] {logging_mixin.py:188} INFO - [2024-09-02T22:35:35.898+0000] {dag.py:3954} INFO - Setting next_dagrun for data_sensors_DBU to 2024-09-02 00:00:00+00:00, run_after=2024-09-03 00:00:00+00:00
[2024-09-02T22:35:35.918+0000] {processor.py:183} INFO - Processing /opt/airflow/dags/dag_sensor_csv.py took 0.111 seconds
[2024-09-02T22:36:06.000+0000] {processor.py:161} INFO - Started process (PID=125) to work on /opt/airflow/dags/dag_sensor_csv.py
[2024-09-02T22:36:06.001+0000] {processor.py:830} INFO - Processing file /opt/airflow/dags/dag_sensor_csv.py for tasks to queue
[2024-09-02T22:36:06.002+0000] {logging_mixin.py:188} INFO - [2024-09-02T22:36:06.001+0000] {dagbag.py:545} INFO - Filling up the DagBag from /opt/airflow/dags/dag_sensor_csv.py
[2024-09-02T22:36:06.015+0000] {processor.py:840} INFO - DAG(s) 'data_sensors_DBU' retrieved from /opt/airflow/dags/dag_sensor_csv.py
[2024-09-02T22:36:06.037+0000] {logging_mixin.py:188} INFO - [2024-09-02T22:36:06.037+0000] {dag.py:3096} INFO - Sync 1 DAGs
[2024-09-02T22:36:06.055+0000] {logging_mixin.py:188} INFO - [2024-09-02T22:36:06.055+0000] {dag.py:3954} INFO - Setting next_dagrun for data_sensors_DBU to 2024-09-02 00:00:00+00:00, run_after=2024-09-03 00:00:00+00:00
[2024-09-02T22:36:06.074+0000] {processor.py:183} INFO - Processing /opt/airflow/dags/dag_sensor_csv.py took 0.082 seconds
[2024-09-02T22:36:36.142+0000] {processor.py:161} INFO - Started process (PID=132) to work on /opt/airflow/dags/dag_sensor_csv.py
[2024-09-02T22:36:36.144+0000] {processor.py:830} INFO - Processing file /opt/airflow/dags/dag_sensor_csv.py for tasks to queue
[2024-09-02T22:36:36.145+0000] {logging_mixin.py:188} INFO - [2024-09-02T22:36:36.144+0000] {dagbag.py:545} INFO - Filling up the DagBag from /opt/airflow/dags/dag_sensor_csv.py
[2024-09-02T22:36:36.162+0000] {processor.py:840} INFO - DAG(s) 'data_sensors_DBU' retrieved from /opt/airflow/dags/dag_sensor_csv.py
[2024-09-02T22:36:36.202+0000] {logging_mixin.py:188} INFO - [2024-09-02T22:36:36.202+0000] {dag.py:3096} INFO - Sync 1 DAGs
[2024-09-02T22:36:36.225+0000] {logging_mixin.py:188} INFO - [2024-09-02T22:36:36.225+0000] {dag.py:3954} INFO - Setting next_dagrun for data_sensors_DBU to 2024-09-02 00:00:00+00:00, run_after=2024-09-03 00:00:00+00:00
[2024-09-02T22:36:36.245+0000] {processor.py:183} INFO - Processing /opt/airflow/dags/dag_sensor_csv.py took 0.110 seconds
[2024-09-02T22:37:06.291+0000] {processor.py:161} INFO - Started process (PID=139) to work on /opt/airflow/dags/dag_sensor_csv.py
[2024-09-02T22:37:06.292+0000] {processor.py:830} INFO - Processing file /opt/airflow/dags/dag_sensor_csv.py for tasks to queue
[2024-09-02T22:37:06.293+0000] {logging_mixin.py:188} INFO - [2024-09-02T22:37:06.293+0000] {dagbag.py:545} INFO - Filling up the DagBag from /opt/airflow/dags/dag_sensor_csv.py
[2024-09-02T22:37:06.310+0000] {processor.py:840} INFO - DAG(s) 'data_sensors_DBU' retrieved from /opt/airflow/dags/dag_sensor_csv.py
[2024-09-02T22:37:06.333+0000] {logging_mixin.py:188} INFO - [2024-09-02T22:37:06.333+0000] {dag.py:3096} INFO - Sync 1 DAGs
[2024-09-02T22:37:06.353+0000] {logging_mixin.py:188} INFO - [2024-09-02T22:37:06.353+0000] {dag.py:3954} INFO - Setting next_dagrun for data_sensors_DBU to 2024-09-02 00:00:00+00:00, run_after=2024-09-03 00:00:00+00:00
[2024-09-02T22:37:06.373+0000] {processor.py:183} INFO - Processing /opt/airflow/dags/dag_sensor_csv.py took 0.087 seconds
[2024-09-02T22:37:36.462+0000] {processor.py:161} INFO - Started process (PID=146) to work on /opt/airflow/dags/dag_sensor_csv.py
[2024-09-02T22:37:36.462+0000] {processor.py:830} INFO - Processing file /opt/airflow/dags/dag_sensor_csv.py for tasks to queue
[2024-09-02T22:37:36.463+0000] {logging_mixin.py:188} INFO - [2024-09-02T22:37:36.463+0000] {dagbag.py:545} INFO - Filling up the DagBag from /opt/airflow/dags/dag_sensor_csv.py
[2024-09-02T22:37:36.475+0000] {processor.py:840} INFO - DAG(s) 'data_sensors_DBU' retrieved from /opt/airflow/dags/dag_sensor_csv.py
[2024-09-02T22:37:36.498+0000] {logging_mixin.py:188} INFO - [2024-09-02T22:37:36.498+0000] {dag.py:3096} INFO - Sync 1 DAGs
[2024-09-02T22:37:36.517+0000] {logging_mixin.py:188} INFO - [2024-09-02T22:37:36.516+0000] {dag.py:3954} INFO - Setting next_dagrun for data_sensors_DBU to 2024-09-02 00:00:00+00:00, run_after=2024-09-03 00:00:00+00:00
[2024-09-02T22:37:36.537+0000] {processor.py:183} INFO - Processing /opt/airflow/dags/dag_sensor_csv.py took 0.081 seconds
[2024-09-02T22:38:06.571+0000] {processor.py:161} INFO - Started process (PID=154) to work on /opt/airflow/dags/dag_sensor_csv.py
[2024-09-02T22:38:06.571+0000] {processor.py:830} INFO - Processing file /opt/airflow/dags/dag_sensor_csv.py for tasks to queue
[2024-09-02T22:38:06.572+0000] {logging_mixin.py:188} INFO - [2024-09-02T22:38:06.572+0000] {dagbag.py:545} INFO - Filling up the DagBag from /opt/airflow/dags/dag_sensor_csv.py
[2024-09-02T22:38:06.584+0000] {processor.py:840} INFO - DAG(s) 'data_sensors_DBU' retrieved from /opt/airflow/dags/dag_sensor_csv.py
[2024-09-02T22:38:06.607+0000] {logging_mixin.py:188} INFO - [2024-09-02T22:38:06.607+0000] {dag.py:3096} INFO - Sync 1 DAGs
[2024-09-02T22:38:06.626+0000] {logging_mixin.py:188} INFO - [2024-09-02T22:38:06.626+0000] {dag.py:3954} INFO - Setting next_dagrun for data_sensors_DBU to 2024-09-02 00:00:00+00:00, run_after=2024-09-03 00:00:00+00:00
[2024-09-02T22:38:06.646+0000] {processor.py:183} INFO - Processing /opt/airflow/dags/dag_sensor_csv.py took 0.080 seconds
[2024-09-02T22:38:36.749+0000] {processor.py:161} INFO - Started process (PID=161) to work on /opt/airflow/dags/dag_sensor_csv.py
[2024-09-02T22:38:36.750+0000] {processor.py:830} INFO - Processing file /opt/airflow/dags/dag_sensor_csv.py for tasks to queue
[2024-09-02T22:38:36.751+0000] {logging_mixin.py:188} INFO - [2024-09-02T22:38:36.751+0000] {dagbag.py:545} INFO - Filling up the DagBag from /opt/airflow/dags/dag_sensor_csv.py
[2024-09-02T22:38:36.764+0000] {processor.py:840} INFO - DAG(s) 'data_sensors_DBU' retrieved from /opt/airflow/dags/dag_sensor_csv.py
[2024-09-02T22:38:36.787+0000] {logging_mixin.py:188} INFO - [2024-09-02T22:38:36.787+0000] {dag.py:3096} INFO - Sync 1 DAGs
[2024-09-02T22:38:36.805+0000] {logging_mixin.py:188} INFO - [2024-09-02T22:38:36.805+0000] {dag.py:3954} INFO - Setting next_dagrun for data_sensors_DBU to 2024-09-02 00:00:00+00:00, run_after=2024-09-03 00:00:00+00:00
[2024-09-02T22:38:36.825+0000] {processor.py:183} INFO - Processing /opt/airflow/dags/dag_sensor_csv.py took 0.081 seconds
[2024-09-02T22:39:06.861+0000] {processor.py:161} INFO - Started process (PID=168) to work on /opt/airflow/dags/dag_sensor_csv.py
[2024-09-02T22:39:06.862+0000] {processor.py:830} INFO - Processing file /opt/airflow/dags/dag_sensor_csv.py for tasks to queue
[2024-09-02T22:39:06.863+0000] {logging_mixin.py:188} INFO - [2024-09-02T22:39:06.862+0000] {dagbag.py:545} INFO - Filling up the DagBag from /opt/airflow/dags/dag_sensor_csv.py
[2024-09-02T22:39:06.875+0000] {processor.py:840} INFO - DAG(s) 'data_sensors_DBU' retrieved from /opt/airflow/dags/dag_sensor_csv.py
[2024-09-02T22:39:06.899+0000] {logging_mixin.py:188} INFO - [2024-09-02T22:39:06.899+0000] {dag.py:3096} INFO - Sync 1 DAGs
[2024-09-02T22:39:06.917+0000] {logging_mixin.py:188} INFO - [2024-09-02T22:39:06.917+0000] {dag.py:3954} INFO - Setting next_dagrun for data_sensors_DBU to 2024-09-02 00:00:00+00:00, run_after=2024-09-03 00:00:00+00:00
[2024-09-02T22:39:06.946+0000] {processor.py:183} INFO - Processing /opt/airflow/dags/dag_sensor_csv.py took 0.089 seconds
[2024-09-02T22:39:37.077+0000] {processor.py:161} INFO - Started process (PID=176) to work on /opt/airflow/dags/dag_sensor_csv.py
[2024-09-02T22:39:37.078+0000] {processor.py:830} INFO - Processing file /opt/airflow/dags/dag_sensor_csv.py for tasks to queue
[2024-09-02T22:39:37.079+0000] {logging_mixin.py:188} INFO - [2024-09-02T22:39:37.078+0000] {dagbag.py:545} INFO - Filling up the DagBag from /opt/airflow/dags/dag_sensor_csv.py
[2024-09-02T22:39:37.095+0000] {processor.py:840} INFO - DAG(s) 'data_sensors_DBU' retrieved from /opt/airflow/dags/dag_sensor_csv.py
[2024-09-02T22:39:37.125+0000] {logging_mixin.py:188} INFO - [2024-09-02T22:39:37.125+0000] {dag.py:3096} INFO - Sync 1 DAGs
[2024-09-02T22:39:37.146+0000] {logging_mixin.py:188} INFO - [2024-09-02T22:39:37.146+0000] {dag.py:3954} INFO - Setting next_dagrun for data_sensors_DBU to 2024-09-02 00:00:00+00:00, run_after=2024-09-03 00:00:00+00:00
[2024-09-02T22:39:37.168+0000] {processor.py:183} INFO - Processing /opt/airflow/dags/dag_sensor_csv.py took 0.096 seconds
[2024-09-02T22:40:07.272+0000] {processor.py:161} INFO - Started process (PID=183) to work on /opt/airflow/dags/dag_sensor_csv.py
[2024-09-02T22:40:07.273+0000] {processor.py:830} INFO - Processing file /opt/airflow/dags/dag_sensor_csv.py for tasks to queue
[2024-09-02T22:40:07.274+0000] {logging_mixin.py:188} INFO - [2024-09-02T22:40:07.273+0000] {dagbag.py:545} INFO - Filling up the DagBag from /opt/airflow/dags/dag_sensor_csv.py
[2024-09-02T22:40:07.290+0000] {processor.py:840} INFO - DAG(s) 'data_sensors_DBU' retrieved from /opt/airflow/dags/dag_sensor_csv.py
[2024-09-02T22:40:07.322+0000] {logging_mixin.py:188} INFO - [2024-09-02T22:40:07.322+0000] {dag.py:3096} INFO - Sync 1 DAGs
[2024-09-02T22:40:07.351+0000] {logging_mixin.py:188} INFO - [2024-09-02T22:40:07.350+0000] {dag.py:3954} INFO - Setting next_dagrun for data_sensors_DBU to 2024-09-02 00:00:00+00:00, run_after=2024-09-03 00:00:00+00:00
[2024-09-02T22:40:07.375+0000] {processor.py:183} INFO - Processing /opt/airflow/dags/dag_sensor_csv.py took 0.109 seconds
[2024-09-02T22:40:37.494+0000] {processor.py:161} INFO - Started process (PID=191) to work on /opt/airflow/dags/dag_sensor_csv.py
[2024-09-02T22:40:37.495+0000] {processor.py:830} INFO - Processing file /opt/airflow/dags/dag_sensor_csv.py for tasks to queue
[2024-09-02T22:40:37.496+0000] {logging_mixin.py:188} INFO - [2024-09-02T22:40:37.496+0000] {dagbag.py:545} INFO - Filling up the DagBag from /opt/airflow/dags/dag_sensor_csv.py
[2024-09-02T22:40:37.514+0000] {processor.py:840} INFO - DAG(s) 'data_sensors_DBU' retrieved from /opt/airflow/dags/dag_sensor_csv.py
[2024-09-02T22:40:37.550+0000] {logging_mixin.py:188} INFO - [2024-09-02T22:40:37.550+0000] {dag.py:3096} INFO - Sync 1 DAGs
[2024-09-02T22:40:37.589+0000] {logging_mixin.py:188} INFO - [2024-09-02T22:40:37.589+0000] {dag.py:3954} INFO - Setting next_dagrun for data_sensors_DBU to 2024-09-02 00:00:00+00:00, run_after=2024-09-03 00:00:00+00:00
[2024-09-02T22:40:37.658+0000] {processor.py:183} INFO - Processing /opt/airflow/dags/dag_sensor_csv.py took 0.171 seconds
[2024-09-02T22:41:07.783+0000] {processor.py:161} INFO - Started process (PID=198) to work on /opt/airflow/dags/dag_sensor_csv.py
[2024-09-02T22:41:07.784+0000] {processor.py:830} INFO - Processing file /opt/airflow/dags/dag_sensor_csv.py for tasks to queue
[2024-09-02T22:41:07.785+0000] {logging_mixin.py:188} INFO - [2024-09-02T22:41:07.784+0000] {dagbag.py:545} INFO - Filling up the DagBag from /opt/airflow/dags/dag_sensor_csv.py
[2024-09-02T22:41:07.797+0000] {processor.py:840} INFO - DAG(s) 'data_sensors_DBU' retrieved from /opt/airflow/dags/dag_sensor_csv.py
[2024-09-02T22:41:07.820+0000] {logging_mixin.py:188} INFO - [2024-09-02T22:41:07.820+0000] {dag.py:3096} INFO - Sync 1 DAGs
[2024-09-02T22:41:07.840+0000] {logging_mixin.py:188} INFO - [2024-09-02T22:41:07.839+0000] {dag.py:3954} INFO - Setting next_dagrun for data_sensors_DBU to 2024-09-02 00:00:00+00:00, run_after=2024-09-03 00:00:00+00:00
[2024-09-02T22:41:07.859+0000] {processor.py:183} INFO - Processing /opt/airflow/dags/dag_sensor_csv.py took 0.080 seconds
[2024-09-02T22:41:37.914+0000] {processor.py:161} INFO - Started process (PID=205) to work on /opt/airflow/dags/dag_sensor_csv.py
[2024-09-02T22:41:37.916+0000] {processor.py:830} INFO - Processing file /opt/airflow/dags/dag_sensor_csv.py for tasks to queue
[2024-09-02T22:41:37.917+0000] {logging_mixin.py:188} INFO - [2024-09-02T22:41:37.917+0000] {dagbag.py:545} INFO - Filling up the DagBag from /opt/airflow/dags/dag_sensor_csv.py
[2024-09-02T22:41:37.935+0000] {processor.py:840} INFO - DAG(s) 'data_sensors_DBU' retrieved from /opt/airflow/dags/dag_sensor_csv.py
[2024-09-02T22:41:37.970+0000] {logging_mixin.py:188} INFO - [2024-09-02T22:41:37.970+0000] {dag.py:3096} INFO - Sync 1 DAGs
[2024-09-02T22:41:37.999+0000] {logging_mixin.py:188} INFO - [2024-09-02T22:41:37.999+0000] {dag.py:3954} INFO - Setting next_dagrun for data_sensors_DBU to 2024-09-02 00:00:00+00:00, run_after=2024-09-03 00:00:00+00:00
[2024-09-02T22:41:38.023+0000] {processor.py:183} INFO - Processing /opt/airflow/dags/dag_sensor_csv.py took 0.115 seconds
[2024-09-02T22:42:08.072+0000] {processor.py:161} INFO - Started process (PID=212) to work on /opt/airflow/dags/dag_sensor_csv.py
[2024-09-02T22:42:08.072+0000] {processor.py:830} INFO - Processing file /opt/airflow/dags/dag_sensor_csv.py for tasks to queue
[2024-09-02T22:42:08.073+0000] {logging_mixin.py:188} INFO - [2024-09-02T22:42:08.073+0000] {dagbag.py:545} INFO - Filling up the DagBag from /opt/airflow/dags/dag_sensor_csv.py
[2024-09-02T22:42:08.086+0000] {processor.py:840} INFO - DAG(s) 'data_sensors_DBU' retrieved from /opt/airflow/dags/dag_sensor_csv.py
[2024-09-02T22:42:08.109+0000] {logging_mixin.py:188} INFO - [2024-09-02T22:42:08.109+0000] {dag.py:3096} INFO - Sync 1 DAGs
[2024-09-02T22:42:08.128+0000] {logging_mixin.py:188} INFO - [2024-09-02T22:42:08.128+0000] {dag.py:3954} INFO - Setting next_dagrun for data_sensors_DBU to 2024-09-02 00:00:00+00:00, run_after=2024-09-03 00:00:00+00:00
[2024-09-02T22:42:08.147+0000] {processor.py:183} INFO - Processing /opt/airflow/dags/dag_sensor_csv.py took 0.080 seconds
[2024-09-02T22:42:38.241+0000] {processor.py:161} INFO - Started process (PID=219) to work on /opt/airflow/dags/dag_sensor_csv.py
[2024-09-02T22:42:38.241+0000] {processor.py:830} INFO - Processing file /opt/airflow/dags/dag_sensor_csv.py for tasks to queue
[2024-09-02T22:42:38.242+0000] {logging_mixin.py:188} INFO - [2024-09-02T22:42:38.242+0000] {dagbag.py:545} INFO - Filling up the DagBag from /opt/airflow/dags/dag_sensor_csv.py
[2024-09-02T22:42:38.256+0000] {processor.py:840} INFO - DAG(s) 'data_sensors_DBU' retrieved from /opt/airflow/dags/dag_sensor_csv.py
[2024-09-02T22:42:38.278+0000] {logging_mixin.py:188} INFO - [2024-09-02T22:42:38.278+0000] {dag.py:3096} INFO - Sync 1 DAGs
[2024-09-02T22:42:38.297+0000] {logging_mixin.py:188} INFO - [2024-09-02T22:42:38.297+0000] {dag.py:3954} INFO - Setting next_dagrun for data_sensors_DBU to 2024-09-02 00:00:00+00:00, run_after=2024-09-03 00:00:00+00:00
[2024-09-02T22:42:38.317+0000] {processor.py:183} INFO - Processing /opt/airflow/dags/dag_sensor_csv.py took 0.081 seconds
[2024-09-02T22:43:08.362+0000] {processor.py:161} INFO - Started process (PID=225) to work on /opt/airflow/dags/dag_sensor_csv.py
[2024-09-02T22:43:08.363+0000] {processor.py:830} INFO - Processing file /opt/airflow/dags/dag_sensor_csv.py for tasks to queue
[2024-09-02T22:43:08.363+0000] {logging_mixin.py:188} INFO - [2024-09-02T22:43:08.363+0000] {dagbag.py:545} INFO - Filling up the DagBag from /opt/airflow/dags/dag_sensor_csv.py
[2024-09-02T22:43:08.376+0000] {processor.py:840} INFO - DAG(s) 'data_sensors_DBU' retrieved from /opt/airflow/dags/dag_sensor_csv.py
[2024-09-02T22:43:08.403+0000] {logging_mixin.py:188} INFO - [2024-09-02T22:43:08.402+0000] {dag.py:3096} INFO - Sync 1 DAGs
[2024-09-02T22:43:08.425+0000] {logging_mixin.py:188} INFO - [2024-09-02T22:43:08.425+0000] {dag.py:3954} INFO - Setting next_dagrun for data_sensors_DBU to 2024-09-02 00:00:00+00:00, run_after=2024-09-03 00:00:00+00:00
[2024-09-02T22:43:08.447+0000] {processor.py:183} INFO - Processing /opt/airflow/dags/dag_sensor_csv.py took 0.090 seconds
[2024-09-02T22:43:38.528+0000] {processor.py:161} INFO - Started process (PID=233) to work on /opt/airflow/dags/dag_sensor_csv.py
[2024-09-02T22:43:38.529+0000] {processor.py:830} INFO - Processing file /opt/airflow/dags/dag_sensor_csv.py for tasks to queue
[2024-09-02T22:43:38.530+0000] {logging_mixin.py:188} INFO - [2024-09-02T22:43:38.530+0000] {dagbag.py:545} INFO - Filling up the DagBag from /opt/airflow/dags/dag_sensor_csv.py
[2024-09-02T22:43:38.542+0000] {processor.py:840} INFO - DAG(s) 'data_sensors_DBU' retrieved from /opt/airflow/dags/dag_sensor_csv.py
[2024-09-02T22:43:38.564+0000] {logging_mixin.py:188} INFO - [2024-09-02T22:43:38.564+0000] {dag.py:3096} INFO - Sync 1 DAGs
[2024-09-02T22:43:38.589+0000] {logging_mixin.py:188} INFO - [2024-09-02T22:43:38.589+0000] {dag.py:3954} INFO - Setting next_dagrun for data_sensors_DBU to 2024-09-02 00:00:00+00:00, run_after=2024-09-03 00:00:00+00:00
[2024-09-02T22:43:38.610+0000] {processor.py:183} INFO - Processing /opt/airflow/dags/dag_sensor_csv.py took 0.088 seconds
[2024-09-02T22:44:08.645+0000] {processor.py:161} INFO - Started process (PID=240) to work on /opt/airflow/dags/dag_sensor_csv.py
[2024-09-02T22:44:08.646+0000] {processor.py:830} INFO - Processing file /opt/airflow/dags/dag_sensor_csv.py for tasks to queue
[2024-09-02T22:44:08.646+0000] {logging_mixin.py:188} INFO - [2024-09-02T22:44:08.646+0000] {dagbag.py:545} INFO - Filling up the DagBag from /opt/airflow/dags/dag_sensor_csv.py
[2024-09-02T22:44:08.660+0000] {processor.py:840} INFO - DAG(s) 'data_sensors_DBU' retrieved from /opt/airflow/dags/dag_sensor_csv.py
[2024-09-02T22:44:08.688+0000] {logging_mixin.py:188} INFO - [2024-09-02T22:44:08.688+0000] {dag.py:3096} INFO - Sync 1 DAGs
[2024-09-02T22:44:08.721+0000] {logging_mixin.py:188} INFO - [2024-09-02T22:44:08.721+0000] {dag.py:3954} INFO - Setting next_dagrun for data_sensors_DBU to 2024-09-02 00:00:00+00:00, run_after=2024-09-03 00:00:00+00:00
[2024-09-02T22:44:08.740+0000] {processor.py:183} INFO - Processing /opt/airflow/dags/dag_sensor_csv.py took 0.101 seconds
[2024-09-02T22:44:38.827+0000] {processor.py:161} INFO - Started process (PID=248) to work on /opt/airflow/dags/dag_sensor_csv.py
[2024-09-02T22:44:38.828+0000] {processor.py:830} INFO - Processing file /opt/airflow/dags/dag_sensor_csv.py for tasks to queue
[2024-09-02T22:44:38.829+0000] {logging_mixin.py:188} INFO - [2024-09-02T22:44:38.828+0000] {dagbag.py:545} INFO - Filling up the DagBag from /opt/airflow/dags/dag_sensor_csv.py
[2024-09-02T22:44:38.840+0000] {processor.py:840} INFO - DAG(s) 'data_sensors_DBU' retrieved from /opt/airflow/dags/dag_sensor_csv.py
[2024-09-02T22:44:38.863+0000] {logging_mixin.py:188} INFO - [2024-09-02T22:44:38.863+0000] {dag.py:3096} INFO - Sync 1 DAGs
[2024-09-02T22:44:38.882+0000] {logging_mixin.py:188} INFO - [2024-09-02T22:44:38.881+0000] {dag.py:3954} INFO - Setting next_dagrun for data_sensors_DBU to 2024-09-02 00:00:00+00:00, run_after=2024-09-03 00:00:00+00:00
[2024-09-02T22:44:38.901+0000] {processor.py:183} INFO - Processing /opt/airflow/dags/dag_sensor_csv.py took 0.080 seconds
[2024-09-02T22:45:08.949+0000] {processor.py:161} INFO - Started process (PID=255) to work on /opt/airflow/dags/dag_sensor_csv.py
[2024-09-02T22:45:08.950+0000] {processor.py:830} INFO - Processing file /opt/airflow/dags/dag_sensor_csv.py for tasks to queue
[2024-09-02T22:45:08.951+0000] {logging_mixin.py:188} INFO - [2024-09-02T22:45:08.951+0000] {dagbag.py:545} INFO - Filling up the DagBag from /opt/airflow/dags/dag_sensor_csv.py
[2024-09-02T22:45:08.963+0000] {processor.py:840} INFO - DAG(s) 'data_sensors_DBU' retrieved from /opt/airflow/dags/dag_sensor_csv.py
[2024-09-02T22:45:08.989+0000] {logging_mixin.py:188} INFO - [2024-09-02T22:45:08.989+0000] {dag.py:3096} INFO - Sync 1 DAGs
[2024-09-02T22:45:09.009+0000] {logging_mixin.py:188} INFO - [2024-09-02T22:45:09.009+0000] {dag.py:3954} INFO - Setting next_dagrun for data_sensors_DBU to 2024-09-02 00:00:00+00:00, run_after=2024-09-03 00:00:00+00:00
[2024-09-02T22:45:09.029+0000] {processor.py:183} INFO - Processing /opt/airflow/dags/dag_sensor_csv.py took 0.085 seconds
[2024-09-02T22:45:39.106+0000] {processor.py:161} INFO - Started process (PID=263) to work on /opt/airflow/dags/dag_sensor_csv.py
[2024-09-02T22:45:39.107+0000] {processor.py:830} INFO - Processing file /opt/airflow/dags/dag_sensor_csv.py for tasks to queue
[2024-09-02T22:45:39.112+0000] {logging_mixin.py:188} INFO - [2024-09-02T22:45:39.111+0000] {dagbag.py:545} INFO - Filling up the DagBag from /opt/airflow/dags/dag_sensor_csv.py
[2024-09-02T22:45:39.131+0000] {processor.py:840} INFO - DAG(s) 'data_sensors_DBU' retrieved from /opt/airflow/dags/dag_sensor_csv.py
[2024-09-02T22:45:39.159+0000] {logging_mixin.py:188} INFO - [2024-09-02T22:45:39.159+0000] {dag.py:3096} INFO - Sync 1 DAGs
[2024-09-02T22:45:39.197+0000] {logging_mixin.py:188} INFO - [2024-09-02T22:45:39.197+0000] {dag.py:3954} INFO - Setting next_dagrun for data_sensors_DBU to 2024-09-02 00:00:00+00:00, run_after=2024-09-03 00:00:00+00:00
[2024-09-02T22:45:39.242+0000] {processor.py:183} INFO - Processing /opt/airflow/dags/dag_sensor_csv.py took 0.143 seconds
[2024-09-02T22:46:09.359+0000] {processor.py:161} INFO - Started process (PID=269) to work on /opt/airflow/dags/dag_sensor_csv.py
[2024-09-02T22:46:09.359+0000] {processor.py:830} INFO - Processing file /opt/airflow/dags/dag_sensor_csv.py for tasks to queue
[2024-09-02T22:46:09.360+0000] {logging_mixin.py:188} INFO - [2024-09-02T22:46:09.360+0000] {dagbag.py:545} INFO - Filling up the DagBag from /opt/airflow/dags/dag_sensor_csv.py
[2024-09-02T22:46:09.373+0000] {processor.py:840} INFO - DAG(s) 'data_sensors_DBU' retrieved from /opt/airflow/dags/dag_sensor_csv.py
[2024-09-02T22:46:09.397+0000] {logging_mixin.py:188} INFO - [2024-09-02T22:46:09.397+0000] {dag.py:3096} INFO - Sync 1 DAGs
[2024-09-02T22:46:09.415+0000] {logging_mixin.py:188} INFO - [2024-09-02T22:46:09.415+0000] {dag.py:3954} INFO - Setting next_dagrun for data_sensors_DBU to 2024-09-02 00:00:00+00:00, run_after=2024-09-03 00:00:00+00:00
[2024-09-02T22:46:09.434+0000] {processor.py:183} INFO - Processing /opt/airflow/dags/dag_sensor_csv.py took 0.082 seconds
[2024-09-02T22:46:39.474+0000] {processor.py:161} INFO - Started process (PID=276) to work on /opt/airflow/dags/dag_sensor_csv.py
[2024-09-02T22:46:39.474+0000] {processor.py:830} INFO - Processing file /opt/airflow/dags/dag_sensor_csv.py for tasks to queue
[2024-09-02T22:46:39.475+0000] {logging_mixin.py:188} INFO - [2024-09-02T22:46:39.475+0000] {dagbag.py:545} INFO - Filling up the DagBag from /opt/airflow/dags/dag_sensor_csv.py
[2024-09-02T22:46:39.487+0000] {processor.py:840} INFO - DAG(s) 'data_sensors_DBU' retrieved from /opt/airflow/dags/dag_sensor_csv.py
[2024-09-02T22:46:39.510+0000] {logging_mixin.py:188} INFO - [2024-09-02T22:46:39.510+0000] {dag.py:3096} INFO - Sync 1 DAGs
[2024-09-02T22:46:39.532+0000] {logging_mixin.py:188} INFO - [2024-09-02T22:46:39.531+0000] {dag.py:3954} INFO - Setting next_dagrun for data_sensors_DBU to 2024-09-02 00:00:00+00:00, run_after=2024-09-03 00:00:00+00:00
[2024-09-02T22:46:39.561+0000] {processor.py:183} INFO - Processing /opt/airflow/dags/dag_sensor_csv.py took 0.092 seconds
[2024-09-02T22:47:09.659+0000] {processor.py:161} INFO - Started process (PID=283) to work on /opt/airflow/dags/dag_sensor_csv.py
[2024-09-02T22:47:09.660+0000] {processor.py:830} INFO - Processing file /opt/airflow/dags/dag_sensor_csv.py for tasks to queue
[2024-09-02T22:47:09.661+0000] {logging_mixin.py:188} INFO - [2024-09-02T22:47:09.661+0000] {dagbag.py:545} INFO - Filling up the DagBag from /opt/airflow/dags/dag_sensor_csv.py
[2024-09-02T22:47:09.681+0000] {processor.py:840} INFO - DAG(s) 'data_sensors_DBU' retrieved from /opt/airflow/dags/dag_sensor_csv.py
[2024-09-02T22:47:09.716+0000] {logging_mixin.py:188} INFO - [2024-09-02T22:47:09.715+0000] {dag.py:3096} INFO - Sync 1 DAGs
[2024-09-02T22:47:09.763+0000] {logging_mixin.py:188} INFO - [2024-09-02T22:47:09.763+0000] {dag.py:3954} INFO - Setting next_dagrun for data_sensors_DBU to 2024-09-02 00:00:00+00:00, run_after=2024-09-03 00:00:00+00:00
[2024-09-02T22:47:09.809+0000] {processor.py:183} INFO - Processing /opt/airflow/dags/dag_sensor_csv.py took 0.156 seconds
[2024-09-02T22:47:39.919+0000] {processor.py:161} INFO - Started process (PID=290) to work on /opt/airflow/dags/dag_sensor_csv.py
[2024-09-02T22:47:39.920+0000] {processor.py:830} INFO - Processing file /opt/airflow/dags/dag_sensor_csv.py for tasks to queue
[2024-09-02T22:47:39.921+0000] {logging_mixin.py:188} INFO - [2024-09-02T22:47:39.921+0000] {dagbag.py:545} INFO - Filling up the DagBag from /opt/airflow/dags/dag_sensor_csv.py
[2024-09-02T22:47:39.934+0000] {processor.py:840} INFO - DAG(s) 'data_sensors_DBU' retrieved from /opt/airflow/dags/dag_sensor_csv.py
[2024-09-02T22:47:39.957+0000] {logging_mixin.py:188} INFO - [2024-09-02T22:47:39.957+0000] {dag.py:3096} INFO - Sync 1 DAGs
[2024-09-02T22:47:39.976+0000] {logging_mixin.py:188} INFO - [2024-09-02T22:47:39.976+0000] {dag.py:3954} INFO - Setting next_dagrun for data_sensors_DBU to 2024-09-02 00:00:00+00:00, run_after=2024-09-03 00:00:00+00:00
[2024-09-02T22:47:40.000+0000] {processor.py:183} INFO - Processing /opt/airflow/dags/dag_sensor_csv.py took 0.086 seconds
[2024-09-02T22:47:41.940+0000] {processor.py:161} INFO - Started process (PID=291) to work on /opt/airflow/dags/dag_sensor_csv.py
[2024-09-02T22:47:41.941+0000] {processor.py:830} INFO - Processing file /opt/airflow/dags/dag_sensor_csv.py for tasks to queue
[2024-09-02T22:47:41.943+0000] {logging_mixin.py:188} INFO - [2024-09-02T22:47:41.943+0000] {dagbag.py:545} INFO - Filling up the DagBag from /opt/airflow/dags/dag_sensor_csv.py
[2024-09-02T22:47:41.963+0000] {processor.py:840} INFO - DAG(s) 'data_sensors_DBU' retrieved from /opt/airflow/dags/dag_sensor_csv.py
[2024-09-02T22:47:42.000+0000] {logging_mixin.py:188} INFO - [2024-09-02T22:47:42.000+0000] {dag.py:3096} INFO - Sync 1 DAGs
[2024-09-02T22:47:42.029+0000] {logging_mixin.py:188} INFO - [2024-09-02T22:47:42.029+0000] {dag.py:3954} INFO - Setting next_dagrun for data_sensors_DBU to 2024-09-02 00:00:00+00:00, run_after=2024-09-03 00:00:00+00:00
[2024-09-02T22:47:42.056+0000] {processor.py:183} INFO - Processing /opt/airflow/dags/dag_sensor_csv.py took 0.123 seconds
[2024-09-02T22:49:20.151+0000] {processor.py:161} INFO - Started process (PID=58) to work on /opt/airflow/dags/dag_sensor_csv.py
[2024-09-02T22:49:20.152+0000] {processor.py:830} INFO - Processing file /opt/airflow/dags/dag_sensor_csv.py for tasks to queue
[2024-09-02T22:49:20.164+0000] {logging_mixin.py:188} INFO - [2024-09-02T22:49:20.164+0000] {dagbag.py:545} INFO - Filling up the DagBag from /opt/airflow/dags/dag_sensor_csv.py
[2024-09-02T22:49:20.285+0000] {processor.py:840} INFO - DAG(s) 'data_sensors_DBU' retrieved from /opt/airflow/dags/dag_sensor_csv.py
[2024-09-02T22:49:21.097+0000] {logging_mixin.py:188} INFO - [2024-09-02T22:49:21.097+0000] {dag.py:3096} INFO - Sync 1 DAGs
[2024-09-02T22:49:21.133+0000] {logging_mixin.py:188} INFO - [2024-09-02T22:49:21.133+0000] {dag.py:3954} INFO - Setting next_dagrun for data_sensors_DBU to 2024-09-02 00:00:00+00:00, run_after=2024-09-03 00:00:00+00:00
[2024-09-02T22:49:21.181+0000] {processor.py:183} INFO - Processing /opt/airflow/dags/dag_sensor_csv.py took 1.045 seconds
[2024-09-02T22:49:51.264+0000] {processor.py:161} INFO - Started process (PID=65) to work on /opt/airflow/dags/dag_sensor_csv.py
[2024-09-02T22:49:51.264+0000] {processor.py:830} INFO - Processing file /opt/airflow/dags/dag_sensor_csv.py for tasks to queue
[2024-09-02T22:49:51.266+0000] {logging_mixin.py:188} INFO - [2024-09-02T22:49:51.266+0000] {dagbag.py:545} INFO - Filling up the DagBag from /opt/airflow/dags/dag_sensor_csv.py
[2024-09-02T22:49:51.277+0000] {processor.py:840} INFO - DAG(s) 'data_sensors_DBU' retrieved from /opt/airflow/dags/dag_sensor_csv.py
[2024-09-02T22:49:51.300+0000] {logging_mixin.py:188} INFO - [2024-09-02T22:49:51.300+0000] {dag.py:3096} INFO - Sync 1 DAGs
[2024-09-02T22:49:51.331+0000] {logging_mixin.py:188} INFO - [2024-09-02T22:49:51.331+0000] {dag.py:3954} INFO - Setting next_dagrun for data_sensors_DBU to 2024-09-02 00:00:00+00:00, run_after=2024-09-03 00:00:00+00:00
[2024-09-02T22:49:51.354+0000] {processor.py:183} INFO - Processing /opt/airflow/dags/dag_sensor_csv.py took 0.094 seconds
[2024-09-02T22:50:21.450+0000] {processor.py:161} INFO - Started process (PID=71) to work on /opt/airflow/dags/dag_sensor_csv.py
[2024-09-02T22:50:21.451+0000] {processor.py:830} INFO - Processing file /opt/airflow/dags/dag_sensor_csv.py for tasks to queue
[2024-09-02T22:50:21.452+0000] {logging_mixin.py:188} INFO - [2024-09-02T22:50:21.452+0000] {dagbag.py:545} INFO - Filling up the DagBag from /opt/airflow/dags/dag_sensor_csv.py
[2024-09-02T22:50:21.463+0000] {processor.py:840} INFO - DAG(s) 'data_sensors_DBU' retrieved from /opt/airflow/dags/dag_sensor_csv.py
[2024-09-02T22:50:21.486+0000] {logging_mixin.py:188} INFO - [2024-09-02T22:50:21.486+0000] {dag.py:3096} INFO - Sync 1 DAGs
[2024-09-02T22:50:21.505+0000] {logging_mixin.py:188} INFO - [2024-09-02T22:50:21.505+0000] {dag.py:3954} INFO - Setting next_dagrun for data_sensors_DBU to 2024-09-02 00:00:00+00:00, run_after=2024-09-03 00:00:00+00:00
[2024-09-02T22:50:21.524+0000] {processor.py:183} INFO - Processing /opt/airflow/dags/dag_sensor_csv.py took 0.079 seconds
[2024-09-02T22:50:51.567+0000] {processor.py:161} INFO - Started process (PID=78) to work on /opt/airflow/dags/dag_sensor_csv.py
[2024-09-02T22:50:51.568+0000] {processor.py:830} INFO - Processing file /opt/airflow/dags/dag_sensor_csv.py for tasks to queue
[2024-09-02T22:50:51.569+0000] {logging_mixin.py:188} INFO - [2024-09-02T22:50:51.569+0000] {dagbag.py:545} INFO - Filling up the DagBag from /opt/airflow/dags/dag_sensor_csv.py
[2024-09-02T22:50:51.581+0000] {processor.py:840} INFO - DAG(s) 'data_sensors_DBU' retrieved from /opt/airflow/dags/dag_sensor_csv.py
[2024-09-02T22:50:51.604+0000] {logging_mixin.py:188} INFO - [2024-09-02T22:50:51.604+0000] {dag.py:3096} INFO - Sync 1 DAGs
[2024-09-02T22:50:51.624+0000] {logging_mixin.py:188} INFO - [2024-09-02T22:50:51.623+0000] {dag.py:3954} INFO - Setting next_dagrun for data_sensors_DBU to 2024-09-02 00:00:00+00:00, run_after=2024-09-03 00:00:00+00:00
[2024-09-02T22:50:51.642+0000] {processor.py:183} INFO - Processing /opt/airflow/dags/dag_sensor_csv.py took 0.080 seconds
[2024-09-02T22:51:21.721+0000] {processor.py:161} INFO - Started process (PID=85) to work on /opt/airflow/dags/dag_sensor_csv.py
[2024-09-02T22:51:21.722+0000] {processor.py:830} INFO - Processing file /opt/airflow/dags/dag_sensor_csv.py for tasks to queue
[2024-09-02T22:51:21.724+0000] {logging_mixin.py:188} INFO - [2024-09-02T22:51:21.724+0000] {dagbag.py:545} INFO - Filling up the DagBag from /opt/airflow/dags/dag_sensor_csv.py
[2024-09-02T22:51:21.736+0000] {processor.py:840} INFO - DAG(s) 'data_sensors_DBU' retrieved from /opt/airflow/dags/dag_sensor_csv.py
[2024-09-02T22:51:21.759+0000] {logging_mixin.py:188} INFO - [2024-09-02T22:51:21.759+0000] {dag.py:3096} INFO - Sync 1 DAGs
[2024-09-02T22:51:21.777+0000] {logging_mixin.py:188} INFO - [2024-09-02T22:51:21.777+0000] {dag.py:3954} INFO - Setting next_dagrun for data_sensors_DBU to 2024-09-02 00:00:00+00:00, run_after=2024-09-03 00:00:00+00:00
[2024-09-02T22:51:21.796+0000] {processor.py:183} INFO - Processing /opt/airflow/dags/dag_sensor_csv.py took 0.079 seconds
[2024-09-02T22:51:51.850+0000] {processor.py:161} INFO - Started process (PID=92) to work on /opt/airflow/dags/dag_sensor_csv.py
[2024-09-02T22:51:51.851+0000] {processor.py:830} INFO - Processing file /opt/airflow/dags/dag_sensor_csv.py for tasks to queue
[2024-09-02T22:51:51.852+0000] {logging_mixin.py:188} INFO - [2024-09-02T22:51:51.852+0000] {dagbag.py:545} INFO - Filling up the DagBag from /opt/airflow/dags/dag_sensor_csv.py
[2024-09-02T22:51:51.869+0000] {processor.py:840} INFO - DAG(s) 'data_sensors_DBU' retrieved from /opt/airflow/dags/dag_sensor_csv.py
[2024-09-02T22:51:51.899+0000] {logging_mixin.py:188} INFO - [2024-09-02T22:51:51.899+0000] {dag.py:3096} INFO - Sync 1 DAGs
[2024-09-02T22:51:51.926+0000] {logging_mixin.py:188} INFO - [2024-09-02T22:51:51.926+0000] {dag.py:3954} INFO - Setting next_dagrun for data_sensors_DBU to 2024-09-02 00:00:00+00:00, run_after=2024-09-03 00:00:00+00:00
[2024-09-02T22:51:51.950+0000] {processor.py:183} INFO - Processing /opt/airflow/dags/dag_sensor_csv.py took 0.107 seconds
[2024-09-02T22:52:22.013+0000] {processor.py:161} INFO - Started process (PID=100) to work on /opt/airflow/dags/dag_sensor_csv.py
[2024-09-02T22:52:22.018+0000] {processor.py:830} INFO - Processing file /opt/airflow/dags/dag_sensor_csv.py for tasks to queue
[2024-09-02T22:52:22.021+0000] {logging_mixin.py:188} INFO - [2024-09-02T22:52:22.020+0000] {dagbag.py:545} INFO - Filling up the DagBag from /opt/airflow/dags/dag_sensor_csv.py
[2024-09-02T22:52:22.053+0000] {processor.py:840} INFO - DAG(s) 'data_sensors_DBU' retrieved from /opt/airflow/dags/dag_sensor_csv.py
[2024-09-02T22:52:22.087+0000] {logging_mixin.py:188} INFO - [2024-09-02T22:52:22.087+0000] {dag.py:3096} INFO - Sync 1 DAGs
[2024-09-02T22:52:22.117+0000] {logging_mixin.py:188} INFO - [2024-09-02T22:52:22.117+0000] {dag.py:3954} INFO - Setting next_dagrun for data_sensors_DBU to 2024-09-02 00:00:00+00:00, run_after=2024-09-03 00:00:00+00:00
[2024-09-02T22:52:22.146+0000] {processor.py:183} INFO - Processing /opt/airflow/dags/dag_sensor_csv.py took 0.139 seconds
[2024-09-02T22:52:52.255+0000] {processor.py:161} INFO - Started process (PID=107) to work on /opt/airflow/dags/dag_sensor_csv.py
[2024-09-02T22:52:52.256+0000] {processor.py:830} INFO - Processing file /opt/airflow/dags/dag_sensor_csv.py for tasks to queue
[2024-09-02T22:52:52.258+0000] {logging_mixin.py:188} INFO - [2024-09-02T22:52:52.257+0000] {dagbag.py:545} INFO - Filling up the DagBag from /opt/airflow/dags/dag_sensor_csv.py
[2024-09-02T22:52:52.271+0000] {processor.py:840} INFO - DAG(s) 'data_sensors_DBU' retrieved from /opt/airflow/dags/dag_sensor_csv.py
[2024-09-02T22:52:52.295+0000] {logging_mixin.py:188} INFO - [2024-09-02T22:52:52.295+0000] {dag.py:3096} INFO - Sync 1 DAGs
[2024-09-02T22:52:52.314+0000] {logging_mixin.py:188} INFO - [2024-09-02T22:52:52.314+0000] {dag.py:3954} INFO - Setting next_dagrun for data_sensors_DBU to 2024-09-02 00:00:00+00:00, run_after=2024-09-03 00:00:00+00:00
[2024-09-02T22:52:52.334+0000] {processor.py:183} INFO - Processing /opt/airflow/dags/dag_sensor_csv.py took 0.083 seconds
