[2024-08-27T01:21:42.878+0000] {local_task_job_runner.py:120} INFO - ::group::Pre task execution logs
[2024-08-27T01:21:43.363+0000] {taskinstance.py:2076} INFO - Dependencies all met for dep_context=non-requeueable deps ti=<TaskInstance: microdesafio_semana_10.airflow scheduled__2024-04-03T00:00:00+00:00 [queued]>
[2024-08-27T01:21:43.479+0000] {taskinstance.py:2076} INFO - Dependencies all met for dep_context=requeueable deps ti=<TaskInstance: microdesafio_semana_10.airflow scheduled__2024-04-03T00:00:00+00:00 [queued]>
[2024-08-27T01:21:43.479+0000] {taskinstance.py:2306} INFO - Starting attempt 1 of 1
[2024-08-27T01:21:43.700+0000] {taskinstance.py:2330} INFO - Executing <Task(_PythonDecoratedOperator): airflow> on 2024-04-03 00:00:00+00:00
[2024-08-27T01:21:43.774+0000] {warnings.py:112} WARNING - /home/***/.local/lib/python3.12/site-packages/***/task/task_runner/standard_task_runner.py:61: DeprecationWarning: This process (pid=758) is multi-threaded, use of fork() may lead to deadlocks in the child.
  pid = os.fork()

[2024-08-27T01:21:43.805+0000] {standard_task_runner.py:63} INFO - Started process 775 to run task
[2024-08-27T01:21:43.793+0000] {standard_task_runner.py:90} INFO - Running: ['***', 'tasks', 'run', 'microdesafio_semana_10', '***', 'scheduled__2024-04-03T00:00:00+00:00', '--job-id', '277', '--raw', '--subdir', 'DAGS_FOLDER/dag_test.py', '--cfg-path', '/tmp/tmp7sy4zeqo']
[2024-08-27T01:21:43.834+0000] {standard_task_runner.py:91} INFO - Job 277: Subtask ***
[2024-08-27T01:21:44.272+0000] {task_command.py:426} INFO - Running <TaskInstance: microdesafio_semana_10.airflow scheduled__2024-04-03T00:00:00+00:00 [running]> on host 6a900cf20cab
[2024-08-27T01:21:46.071+0000] {taskinstance.py:2648} INFO - Exporting env vars: AIRFLOW_CTX_DAG_OWNER='***' AIRFLOW_CTX_DAG_ID='microdesafio_semana_10' AIRFLOW_CTX_TASK_ID='***' AIRFLOW_CTX_EXECUTION_DATE='2024-04-03T00:00:00+00:00' AIRFLOW_CTX_TRY_NUMBER='1' AIRFLOW_CTX_DAG_RUN_ID='scheduled__2024-04-03T00:00:00+00:00'
[2024-08-27T01:21:46.076+0000] {taskinstance.py:430} INFO - ::endgroup::
[2024-08-27T01:21:46.090+0000] {logging_mixin.py:188} INFO - ***
[2024-08-27T01:21:46.111+0000] {python.py:237} INFO - Done. Returned value was: None
[2024-08-27T01:21:46.134+0000] {taskinstance.py:441} INFO - ::group::Post task execution logs
[2024-08-27T01:21:46.392+0000] {taskinstance.py:1206} INFO - Marking task as SUCCESS. dag_id=microdesafio_semana_10, task_id=***, run_id=scheduled__2024-04-03T00:00:00+00:00, execution_date=20240403T000000, start_date=20240827T012143, end_date=20240827T012146
[2024-08-27T01:21:46.913+0000] {local_task_job_runner.py:240} INFO - Task exited with return code 0
[2024-08-27T01:21:47.117+0000] {taskinstance.py:3503} INFO - 1 downstream tasks scheduled from follow-on schedule check
[2024-08-27T01:21:47.134+0000] {local_task_job_runner.py:222} INFO - ::endgroup::
