[2024-08-27T01:15:59.433+0000] {manager.py:470} INFO - Processing files using up to 2 processes at a time 
[2024-08-27T01:15:59.434+0000] {manager.py:471} INFO - Process each file at most once every 30 seconds
[2024-08-27T01:15:59.438+0000] {manager.py:472} INFO - Checking for new files in /opt/airflow/dags every 300 seconds
[2024-08-27T01:15:59.439+0000] {manager.py:737} INFO - Searching for files in /opt/airflow/dags
[2024-08-27T01:15:59.441+0000] {manager.py:740} INFO - There are 2 files in /opt/airflow/dags
[2024-08-27T01:16:00.514+0000] {manager.py:878} INFO - 
================================================================================
DAG File Processing Stats

File Path                            PID  Runtime      # DAGs    # Errors  Last Runtime    Last Run
---------------------------------  -----  ---------  --------  ----------  --------------  ----------
/opt/airflow/dags/dag_test.py         57  0.88s             0           0
/opt/airflow/dags/dag_creation.py     58  0.31s             0           0
================================================================================
[2024-08-27T01:16:31.466+0000] {manager.py:878} INFO - 
================================================================================
DAG File Processing Stats

File Path                            PID  Runtime      # DAGs    # Errors  Last Runtime    Last Run
---------------------------------  -----  ---------  --------  ----------  --------------  -------------------
/opt/airflow/dags/dag_test.py         64  0.01s             1           0  1.72s           2024-08-27T01:16:01
/opt/airflow/dags/dag_creation.py     65  0.00s             1           0  1.13s           2024-08-27T01:16:01
================================================================================
[2024-08-27T01:17:01.808+0000] {manager.py:878} INFO - 
================================================================================
DAG File Processing Stats

File Path                            PID  Runtime      # DAGs    # Errors  Last Runtime    Last Run
---------------------------------  -----  ---------  --------  ----------  --------------  -------------------
/opt/airflow/dags/dag_test.py         72  0.01s             1           0  0.24s           2024-08-27T01:16:31
/opt/airflow/dags/dag_creation.py     73  0.01s             1           0  0.23s           2024-08-27T01:16:31
================================================================================
[2024-08-27T01:17:32.033+0000] {manager.py:878} INFO - 
================================================================================
DAG File Processing Stats

File Path                            PID  Runtime      # DAGs    # Errors  Last Runtime    Last Run
---------------------------------  -----  ---------  --------  ----------  --------------  -------------------
/opt/airflow/dags/dag_creation.py     82  0.01s             1           0  0.14s           2024-08-27T01:17:01
/opt/airflow/dags/dag_test.py         81  0.01s             1           0  0.13s           2024-08-27T01:17:01
================================================================================
[2024-08-27T01:18:02.305+0000] {manager.py:878} INFO - 
================================================================================
DAG File Processing Stats

File Path                            PID  Runtime      # DAGs    # Errors  Last Runtime    Last Run
---------------------------------  -----  ---------  --------  ----------  --------------  -------------------
/opt/airflow/dags/dag_test.py         89  0.06s             1           0  0.14s           2024-08-27T01:17:32
/opt/airflow/dags/dag_creation.py     90  0.04s             1           0  0.13s           2024-08-27T01:17:32
================================================================================
[2024-08-27T01:18:32.889+0000] {manager.py:878} INFO - 
================================================================================
DAG File Processing Stats

File Path                            PID  Runtime      # DAGs    # Errors  Last Runtime    Last Run
---------------------------------  -----  ---------  --------  ----------  --------------  -------------------
/opt/airflow/dags/dag_creation.py     98  0.04s             1           0  0.42s           2024-08-27T01:18:02
/opt/airflow/dags/dag_test.py         97  0.08s             1           0  0.39s           2024-08-27T01:18:02
================================================================================
[2024-08-27T01:19:03.503+0000] {manager.py:878} INFO - 
================================================================================
DAG File Processing Stats

File Path                            PID  Runtime      # DAGs    # Errors  Last Runtime    Last Run
---------------------------------  -----  ---------  --------  ----------  --------------  -------------------
/opt/airflow/dags/dag_creation.py    106  0.05s             1           0  0.53s           2024-08-27T01:18:33
/opt/airflow/dags/dag_test.py        105  0.06s             1           0  0.46s           2024-08-27T01:18:33
================================================================================
[2024-08-27T01:19:34.249+0000] {manager.py:878} INFO - 
================================================================================
DAG File Processing Stats

File Path                            PID  Runtime      # DAGs    # Errors  Last Runtime    Last Run
---------------------------------  -----  ---------  --------  ----------  --------------  -------------------
/opt/airflow/dags/dag_creation.py    113  0.01s             1           0  0.57s           2024-08-27T01:19:04
/opt/airflow/dags/dag_test.py        112  0.04s             1           0  0.53s           2024-08-27T01:19:03
================================================================================
[2024-08-27T01:20:04.278+0000] {manager.py:878} INFO - 
================================================================================
DAG File Processing Stats

File Path                          PID    Runtime      # DAGs    # Errors  Last Runtime    Last Run
---------------------------------  -----  ---------  --------  ----------  --------------  -------------------
/opt/airflow/dags/dag_creation.py                           1           0  0.93s           2024-08-27T01:19:59
/opt/airflow/dags/dag_test.py                               1           0  0.88s           2024-08-27T01:19:35
================================================================================
[2024-08-27T01:20:34.674+0000] {manager.py:878} INFO - 
================================================================================
DAG File Processing Stats

File Path                          PID    Runtime      # DAGs    # Errors  Last Runtime    Last Run
---------------------------------  -----  ---------  --------  ----------  --------------  -------------------
/opt/airflow/dags/dag_test.py                               1           0  0.24s           2024-08-27T01:20:05
/opt/airflow/dags/dag_creation.py                           1           0  0.20s           2024-08-27T01:20:29
================================================================================
[2024-08-27T01:20:59.879+0000] {manager.py:737} INFO - Searching for files in /opt/airflow/dags
[2024-08-27T01:20:59.882+0000] {manager.py:740} INFO - There are 2 files in /opt/airflow/dags
[2024-08-27T01:21:05.095+0000] {manager.py:878} INFO - 
================================================================================
DAG File Processing Stats

File Path                          PID    Runtime      # DAGs    # Errors  Last Runtime    Last Run
---------------------------------  -----  ---------  --------  ----------  --------------  -------------------
/opt/airflow/dags/dag_creation.py                           1           0  0.42s           2024-08-27T01:21:00
/opt/airflow/dags/dag_test.py                               1           0  0.26s           2024-08-27T01:20:35
================================================================================
[2024-08-27T01:21:35.582+0000] {manager.py:878} INFO - 
================================================================================
DAG File Processing Stats

File Path                          PID    Runtime      # DAGs    # Errors  Last Runtime    Last Run
---------------------------------  -----  ---------  --------  ----------  --------------  -------------------
/opt/airflow/dags/dag_test.py                               1           0  0.31s           2024-08-27T01:21:06
/opt/airflow/dags/dag_creation.py                           1           0  0.27s           2024-08-27T01:21:30
================================================================================
[2024-08-27T01:22:06.024+0000] {manager.py:878} INFO - 
================================================================================
DAG File Processing Stats

File Path                          PID    Runtime      # DAGs    # Errors  Last Runtime    Last Run
---------------------------------  -----  ---------  --------  ----------  --------------  -------------------
/opt/airflow/dags/dag_test.py                               1           0  0.29s           2024-08-27T01:21:36
/opt/airflow/dags/dag_creation.py                           1           0  0.13s           2024-08-27T01:22:01
================================================================================
[2024-08-27T01:22:36.475+0000] {manager.py:878} INFO - 
================================================================================
DAG File Processing Stats

File Path                          PID    Runtime      # DAGs    # Errors  Last Runtime    Last Run
---------------------------------  -----  ---------  --------  ----------  --------------  -------------------
/opt/airflow/dags/dag_creation.py                           1           0  0.33s           2024-08-27T01:22:31
/opt/airflow/dags/dag_test.py                               1           0  0.23s           2024-08-27T01:22:07
================================================================================
[2024-08-27T01:23:06.985+0000] {manager.py:878} INFO - 
================================================================================
DAG File Processing Stats

File Path                          PID    Runtime      # DAGs    # Errors  Last Runtime    Last Run
---------------------------------  -----  ---------  --------  ----------  --------------  -------------------
/opt/airflow/dags/dag_creation.py                           1           0  0.40s           2024-08-27T01:23:02
/opt/airflow/dags/dag_test.py                               1           0  0.33s           2024-08-27T01:22:37
================================================================================
[2024-08-27T01:23:37.570+0000] {manager.py:878} INFO - 
================================================================================
DAG File Processing Stats

File Path                          PID    Runtime      # DAGs    # Errors  Last Runtime    Last Run
---------------------------------  -----  ---------  --------  ----------  --------------  -------------------
/opt/airflow/dags/dag_creation.py                           1           0  0.52s           2024-08-27T01:23:32
/opt/airflow/dags/dag_test.py                               1           0  0.37s           2024-08-27T01:23:08
================================================================================
[2024-08-27T01:24:08.015+0000] {manager.py:878} INFO - 
================================================================================
DAG File Processing Stats

File Path                          PID    Runtime      # DAGs    # Errors  Last Runtime    Last Run
---------------------------------  -----  ---------  --------  ----------  --------------  -------------------
/opt/airflow/dags/dag_creation.py                           1           0  0.38s           2024-08-27T01:24:03
/opt/airflow/dags/dag_test.py                               1           0  0.31s           2024-08-27T01:23:38
================================================================================
[2024-08-27T01:24:38.464+0000] {manager.py:878} INFO - 
================================================================================
DAG File Processing Stats

File Path                          PID    Runtime      # DAGs    # Errors  Last Runtime    Last Run
---------------------------------  -----  ---------  --------  ----------  --------------  -------------------
/opt/airflow/dags/dag_creation.py                           1           0  0.37s           2024-08-27T01:24:33
/opt/airflow/dags/dag_test.py                               1           0  0.23s           2024-08-27T01:24:09
================================================================================
[2024-08-27T01:25:08.907+0000] {manager.py:878} INFO - 
================================================================================
DAG File Processing Stats

File Path                          PID    Runtime      # DAGs    # Errors  Last Runtime    Last Run
---------------------------------  -----  ---------  --------  ----------  --------------  -------------------
/opt/airflow/dags/dag_creation.py                           1           0  0.30s           2024-08-27T01:25:04
/opt/airflow/dags/dag_test.py                               1           0  0.24s           2024-08-27T01:24:39
================================================================================
[2024-08-27T01:25:39.360+0000] {manager.py:878} INFO - 
================================================================================
DAG File Processing Stats

File Path                          PID    Runtime      # DAGs    # Errors  Last Runtime    Last Run
---------------------------------  -----  ---------  --------  ----------  --------------  -------------------
/opt/airflow/dags/dag_creation.py                           1           0  0.29s           2024-08-27T01:25:34
/opt/airflow/dags/dag_test.py                               1           0  0.25s           2024-08-27T01:25:10
================================================================================
[2024-08-27T01:26:00.775+0000] {manager.py:737} INFO - Searching for files in /opt/airflow/dags
[2024-08-27T01:26:00.777+0000] {manager.py:740} INFO - There are 2 files in /opt/airflow/dags
[2024-08-27T01:26:09.846+0000] {manager.py:878} INFO - 
================================================================================
DAG File Processing Stats

File Path                          PID    Runtime      # DAGs    # Errors  Last Runtime    Last Run
---------------------------------  -----  ---------  --------  ----------  --------------  -------------------
/opt/airflow/dags/dag_test.py                               1           0  0.29s           2024-08-27T01:25:40
/opt/airflow/dags/dag_creation.py                           1           0  0.26s           2024-08-27T01:26:05
================================================================================
[2024-08-27T01:26:40.317+0000] {manager.py:878} INFO - 
================================================================================
DAG File Processing Stats

File Path                          PID    Runtime      # DAGs    # Errors  Last Runtime    Last Run
---------------------------------  -----  ---------  --------  ----------  --------------  -------------------
/opt/airflow/dags/dag_creation.py                           1           0  0.44s           2024-08-27T01:26:35
/opt/airflow/dags/dag_test.py                               1           0  0.24s           2024-08-27T01:26:11
================================================================================
[2024-08-27T01:27:10.751+0000] {manager.py:878} INFO - 
================================================================================
DAG File Processing Stats

File Path                          PID    Runtime      # DAGs    # Errors  Last Runtime    Last Run
---------------------------------  -----  ---------  --------  ----------  --------------  -------------------
/opt/airflow/dags/dag_test.py                               1           0  0.23s           2024-08-27T01:26:41
/opt/airflow/dags/dag_creation.py                           1           0  0.20s           2024-08-27T01:27:05
================================================================================
[2024-08-27T01:27:41.177+0000] {manager.py:878} INFO - 
================================================================================
DAG File Processing Stats

File Path                          PID    Runtime      # DAGs    # Errors  Last Runtime    Last Run
---------------------------------  -----  ---------  --------  ----------  --------------  -------------------
/opt/airflow/dags/dag_creation.py                           1           0  0.34s           2024-08-27T01:27:36
/opt/airflow/dags/dag_test.py                               1           0  0.28s           2024-08-27T01:27:12
================================================================================
[2024-08-27T01:28:11.690+0000] {manager.py:878} INFO - 
================================================================================
DAG File Processing Stats

File Path                          PID    Runtime      # DAGs    # Errors  Last Runtime    Last Run
---------------------------------  -----  ---------  --------  ----------  --------------  -------------------
/opt/airflow/dags/dag_test.py                               1           0  0.38s           2024-08-27T01:27:42
/opt/airflow/dags/dag_creation.py                           1           0  0.18s           2024-08-27T01:28:06
================================================================================
[2024-08-27T01:28:41.910+0000] {manager.py:878} INFO - 
================================================================================
DAG File Processing Stats

File Path                          PID    Runtime      # DAGs    # Errors  Last Runtime    Last Run
---------------------------------  -----  ---------  --------  ----------  --------------  -------------------
/opt/airflow/dags/dag_creation.py                           1           0  0.14s           2024-08-27T01:28:37
/opt/airflow/dags/dag_test.py                               1           0  0.13s           2024-08-27T01:28:12
================================================================================
[2024-08-27T01:29:12.091+0000] {manager.py:878} INFO - 
================================================================================
DAG File Processing Stats

File Path                          PID    Runtime      # DAGs    # Errors  Last Runtime    Last Run
---------------------------------  -----  ---------  --------  ----------  --------------  -------------------
/opt/airflow/dags/dag_test.py                               1           0  0.10s           2024-08-27T01:28:43
/opt/airflow/dags/dag_creation.py                           1           0  0.09s           2024-08-27T01:29:07
================================================================================
[2024-08-27T01:29:42.277+0000] {manager.py:878} INFO - 
================================================================================
DAG File Processing Stats

File Path                          PID    Runtime      # DAGs    # Errors  Last Runtime    Last Run
---------------------------------  -----  ---------  --------  ----------  --------------  -------------------
/opt/airflow/dags/dag_test.py                               1           0  0.09s           2024-08-27T01:29:13
/opt/airflow/dags/dag_creation.py                           1           0  0.09s           2024-08-27T01:29:37
================================================================================
[2024-08-27T01:29:47.678+0000] {manager.py:452} INFO - Exiting gracefully upon receiving signal 15
