[2024-09-02T22:50:10.765+0000] {local_task_job_runner.py:120} INFO - ::group::Pre task execution logs
[2024-09-02T22:50:10.845+0000] {taskinstance.py:2076} INFO - Dependencies all met for dep_context=non-requeueable deps ti=<TaskInstance: data_sensors_DBU.mail_sender manual__2024-09-02T22:50:04.252438+00:00 [queued]>
[2024-09-02T22:50:10.863+0000] {taskinstance.py:2076} INFO - Dependencies all met for dep_context=requeueable deps ti=<TaskInstance: data_sensors_DBU.mail_sender manual__2024-09-02T22:50:04.252438+00:00 [queued]>
[2024-09-02T22:50:10.863+0000] {taskinstance.py:2306} INFO - Starting attempt 1 of 11
[2024-09-02T22:50:10.898+0000] {taskinstance.py:2330} INFO - Executing <Task(PythonOperator): mail_sender> on 2024-09-02 22:50:04.252438+00:00
[2024-09-02T22:50:10.907+0000] {warnings.py:112} WARNING - /home/***/.local/lib/python3.12/site-packages/***/task/task_runner/standard_task_runner.py:61: DeprecationWarning: This process (pid=75) is multi-threaded, use of fork() may lead to deadlocks in the child.
  pid = os.fork()

[2024-09-02T22:50:10.909+0000] {standard_task_runner.py:63} INFO - Started process 76 to run task
[2024-09-02T22:50:10.913+0000] {standard_task_runner.py:90} INFO - Running: ['***', 'tasks', 'run', 'data_sensors_DBU', 'mail_sender', 'manual__2024-09-02T22:50:04.252438+00:00', '--job-id', '188', '--raw', '--subdir', 'DAGS_FOLDER/dag_sensor_csv.py', '--cfg-path', '/tmp/tmpbqrf7jtl']
[2024-09-02T22:50:10.914+0000] {standard_task_runner.py:91} INFO - Job 188: Subtask mail_sender
[2024-09-02T22:50:10.981+0000] {task_command.py:426} INFO - Running <TaskInstance: data_sensors_DBU.mail_sender manual__2024-09-02T22:50:04.252438+00:00 [running]> on host 624ae8e8e71b
[2024-09-02T22:50:11.116+0000] {taskinstance.py:2648} INFO - Exporting env vars: AIRFLOW_CTX_DAG_EMAIL='anderson.coder.space@gmail.com' AIRFLOW_CTX_DAG_OWNER='ander_o' AIRFLOW_CTX_DAG_ID='data_sensors_DBU' AIRFLOW_CTX_TASK_ID='mail_sender' AIRFLOW_CTX_EXECUTION_DATE='2024-09-02T22:50:04.252438+00:00' AIRFLOW_CTX_TRY_NUMBER='1' AIRFLOW_CTX_DAG_RUN_ID='manual__2024-09-02T22:50:04.252438+00:00'
[2024-09-02T22:50:11.117+0000] {taskinstance.py:430} INFO - ::endgroup::
[2024-09-02T22:50:11.152+0000] {logging_mixin.py:188} INFO - 
    subject:    Se ha cargado un nuevo File
    from_address:   anderson.coder.space@gmail.com
    password:   ***
    to_address: anderson.coder.space@gmail.com
    
[2024-09-02T22:50:11.800+0000] {logging_mixin.py:188} INFO - Email sent successfully
[2024-09-02T22:50:11.814+0000] {python.py:237} INFO - Done. Returned value was: None
[2024-09-02T22:50:11.814+0000] {taskinstance.py:441} INFO - ::group::Post task execution logs
[2024-09-02T22:50:11.864+0000] {taskinstance.py:1206} INFO - Marking task as SUCCESS. dag_id=data_sensors_DBU, task_id=mail_sender, run_id=manual__2024-09-02T22:50:04.252438+00:00, execution_date=20240902T225004, start_date=20240902T225010, end_date=20240902T225011
[2024-09-02T22:50:11.988+0000] {local_task_job_runner.py:240} INFO - Task exited with return code 0
[2024-09-02T22:50:12.020+0000] {taskinstance.py:3503} INFO - 0 downstream tasks scheduled from follow-on schedule check
[2024-09-02T22:50:12.032+0000] {local_task_job_runner.py:222} INFO - ::endgroup::
