[2024-08-27T01:26:29.479+0000] {local_task_job_runner.py:120} INFO - ::group::Pre task execution logs
[2024-08-27T01:26:29.927+0000] {taskinstance.py:2076} INFO - Dependencies all met for dep_context=non-requeueable deps ti=<TaskInstance: microdesafio_semana_10.init_project_data_creation scheduled__2024-07-29T00:00:00+00:00 [queued]>
[2024-08-27T01:26:30.356+0000] {taskinstance.py:2076} INFO - Dependencies all met for dep_context=requeueable deps ti=<TaskInstance: microdesafio_semana_10.init_project_data_creation scheduled__2024-07-29T00:00:00+00:00 [queued]>
[2024-08-27T01:26:30.378+0000] {taskinstance.py:2306} INFO - Starting attempt 1 of 1
[2024-08-27T01:26:30.741+0000] {taskinstance.py:2330} INFO - Executing <Task(BashOperator): init_project_data_creation> on 2024-07-29 00:00:00+00:00
[2024-08-27T01:26:30.861+0000] {warnings.py:112} WARNING - /home/***/.local/lib/python3.12/site-packages/***/task/task_runner/standard_task_runner.py:61: DeprecationWarning: This process (pid=1572) is multi-threaded, use of fork() may lead to deadlocks in the child.
  pid = os.fork()

[2024-08-27T01:26:30.936+0000] {standard_task_runner.py:63} INFO - Started process 1598 to run task
[2024-08-27T01:26:30.941+0000] {standard_task_runner.py:90} INFO - Running: ['***', 'tasks', 'run', 'microdesafio_semana_10', 'init_project_data_creation', 'scheduled__2024-07-29T00:00:00+00:00', '--job-id', '614', '--raw', '--subdir', 'DAGS_FOLDER/dag_test.py', '--cfg-path', '/tmp/tmpb3aybpg6']
[2024-08-27T01:26:31.035+0000] {standard_task_runner.py:91} INFO - Job 614: Subtask init_project_data_creation
[2024-08-27T01:26:31.971+0000] {task_command.py:426} INFO - Running <TaskInstance: microdesafio_semana_10.init_project_data_creation scheduled__2024-07-29T00:00:00+00:00 [running]> on host 6a900cf20cab
[2024-08-27T01:26:34.074+0000] {taskinstance.py:2648} INFO - Exporting env vars: AIRFLOW_CTX_DAG_OWNER='***' AIRFLOW_CTX_DAG_ID='microdesafio_semana_10' AIRFLOW_CTX_TASK_ID='init_project_data_creation' AIRFLOW_CTX_EXECUTION_DATE='2024-07-29T00:00:00+00:00' AIRFLOW_CTX_TRY_NUMBER='1' AIRFLOW_CTX_DAG_RUN_ID='scheduled__2024-07-29T00:00:00+00:00'
[2024-08-27T01:26:34.084+0000] {taskinstance.py:430} INFO - ::endgroup::
[2024-08-27T01:26:34.107+0000] {subprocess.py:63} INFO - Tmp dir root location: /tmp
[2024-08-27T01:26:34.131+0000] {subprocess.py:75} INFO - Running command: ['/usr/bin/bash', '-c', "echo 'start project'"]
[2024-08-27T01:26:34.810+0000] {subprocess.py:86} INFO - Output:
[2024-08-27T01:26:34.900+0000] {subprocess.py:93} INFO - start project
[2024-08-27T01:26:34.901+0000] {subprocess.py:97} INFO - Command exited with return code 0
[2024-08-27T01:26:34.905+0000] {taskinstance.py:441} INFO - ::group::Post task execution logs
[2024-08-27T01:26:35.605+0000] {taskinstance.py:1206} INFO - Marking task as SUCCESS. dag_id=microdesafio_semana_10, task_id=init_project_data_creation, run_id=scheduled__2024-07-29T00:00:00+00:00, execution_date=20240729T000000, start_date=20240827T012629, end_date=20240827T012635
[2024-08-27T01:26:36.458+0000] {local_task_job_runner.py:240} INFO - Task exited with return code 0
[2024-08-27T01:26:36.554+0000] {local_task_job_runner.py:222} INFO - ::endgroup::
