[2024-08-27T01:23:51.511+0000] {local_task_job_runner.py:120} INFO - ::group::Pre task execution logs
[2024-08-27T01:23:51.795+0000] {taskinstance.py:2076} INFO - Dependencies all met for dep_context=non-requeueable deps ti=<TaskInstance: microdesafio_semana_10.airflow scheduled__2024-05-24T00:00:00+00:00 [queued]>
[2024-08-27T01:23:51.961+0000] {taskinstance.py:2076} INFO - Dependencies all met for dep_context=requeueable deps ti=<TaskInstance: microdesafio_semana_10.airflow scheduled__2024-05-24T00:00:00+00:00 [queued]>
[2024-08-27T01:23:51.967+0000] {taskinstance.py:2306} INFO - Starting attempt 1 of 1
[2024-08-27T01:23:52.110+0000] {taskinstance.py:2330} INFO - Executing <Task(_PythonDecoratedOperator): airflow> on 2024-05-24 00:00:00+00:00
[2024-08-27T01:23:52.219+0000] {standard_task_runner.py:90} INFO - Running: ['***', 'tasks', 'run', 'microdesafio_semana_10', '***', 'scheduled__2024-05-24T00:00:00+00:00', '--job-id', '429', '--raw', '--subdir', 'DAGS_FOLDER/dag_test.py', '--cfg-path', '/tmp/tmp4p68sr9_']
[2024-08-27T01:23:52.183+0000] {warnings.py:112} WARNING - /home/***/.local/lib/python3.12/site-packages/***/task/task_runner/standard_task_runner.py:61: DeprecationWarning: This process (pid=1125) is multi-threaded, use of fork() may lead to deadlocks in the child.
  pid = os.fork()

[2024-08-27T01:23:52.237+0000] {standard_task_runner.py:91} INFO - Job 429: Subtask ***
[2024-08-27T01:23:52.237+0000] {standard_task_runner.py:63} INFO - Started process 1148 to run task
[2024-08-27T01:23:53.041+0000] {task_command.py:426} INFO - Running <TaskInstance: microdesafio_semana_10.airflow scheduled__2024-05-24T00:00:00+00:00 [running]> on host 6a900cf20cab
[2024-08-27T01:23:54.218+0000] {taskinstance.py:2648} INFO - Exporting env vars: AIRFLOW_CTX_DAG_OWNER='***' AIRFLOW_CTX_DAG_ID='microdesafio_semana_10' AIRFLOW_CTX_TASK_ID='***' AIRFLOW_CTX_EXECUTION_DATE='2024-05-24T00:00:00+00:00' AIRFLOW_CTX_TRY_NUMBER='1' AIRFLOW_CTX_DAG_RUN_ID='scheduled__2024-05-24T00:00:00+00:00'
[2024-08-27T01:23:54.231+0000] {taskinstance.py:430} INFO - ::endgroup::
[2024-08-27T01:23:54.235+0000] {logging_mixin.py:188} INFO - ***
[2024-08-27T01:23:54.238+0000] {python.py:237} INFO - Done. Returned value was: None
[2024-08-27T01:23:54.253+0000] {taskinstance.py:441} INFO - ::group::Post task execution logs
[2024-08-27T01:23:54.346+0000] {taskinstance.py:1206} INFO - Marking task as SUCCESS. dag_id=microdesafio_semana_10, task_id=***, run_id=scheduled__2024-05-24T00:00:00+00:00, execution_date=20240524T000000, start_date=20240827T012351, end_date=20240827T012354
[2024-08-27T01:23:54.508+0000] {local_task_job_runner.py:240} INFO - Task exited with return code 0
[2024-08-27T01:23:54.765+0000] {taskinstance.py:3503} INFO - 1 downstream tasks scheduled from follow-on schedule check
[2024-08-27T01:23:54.780+0000] {local_task_job_runner.py:222} INFO - ::endgroup::
