[2024-08-27T01:23:48.166+0000] {local_task_job_runner.py:120} INFO - ::group::Pre task execution logs
[2024-08-27T01:23:48.335+0000] {taskinstance.py:2076} INFO - Dependencies all met for dep_context=non-requeueable deps ti=<TaskInstance: microdesafio_semana_10.airflow scheduled__2024-05-15T00:00:00+00:00 [queued]>
[2024-08-27T01:23:48.422+0000] {taskinstance.py:2076} INFO - Dependencies all met for dep_context=requeueable deps ti=<TaskInstance: microdesafio_semana_10.airflow scheduled__2024-05-15T00:00:00+00:00 [queued]>
[2024-08-27T01:23:48.426+0000] {taskinstance.py:2306} INFO - Starting attempt 1 of 1
[2024-08-27T01:23:48.638+0000] {taskinstance.py:2330} INFO - Executing <Task(_PythonDecoratedOperator): airflow> on 2024-05-15 00:00:00+00:00
[2024-08-27T01:23:48.697+0000] {warnings.py:112} WARNING - /home/***/.local/lib/python3.12/site-packages/***/task/task_runner/standard_task_runner.py:61: DeprecationWarning: This process (pid=1109) is multi-threaded, use of fork() may lead to deadlocks in the child.
  pid = os.fork()

[2024-08-27T01:23:48.713+0000] {standard_task_runner.py:63} INFO - Started process 1133 to run task
[2024-08-27T01:23:48.746+0000] {standard_task_runner.py:90} INFO - Running: ['***', 'tasks', 'run', 'microdesafio_semana_10', '***', 'scheduled__2024-05-15T00:00:00+00:00', '--job-id', '421', '--raw', '--subdir', 'DAGS_FOLDER/dag_test.py', '--cfg-path', '/tmp/tmpj023k1vr']
[2024-08-27T01:23:48.775+0000] {standard_task_runner.py:91} INFO - Job 421: Subtask ***
[2024-08-27T01:23:49.199+0000] {task_command.py:426} INFO - Running <TaskInstance: microdesafio_semana_10.airflow scheduled__2024-05-15T00:00:00+00:00 [running]> on host 6a900cf20cab
[2024-08-27T01:23:51.154+0000] {taskinstance.py:2648} INFO - Exporting env vars: AIRFLOW_CTX_DAG_OWNER='***' AIRFLOW_CTX_DAG_ID='microdesafio_semana_10' AIRFLOW_CTX_TASK_ID='***' AIRFLOW_CTX_EXECUTION_DATE='2024-05-15T00:00:00+00:00' AIRFLOW_CTX_TRY_NUMBER='1' AIRFLOW_CTX_DAG_RUN_ID='scheduled__2024-05-15T00:00:00+00:00'
[2024-08-27T01:23:51.155+0000] {taskinstance.py:430} INFO - ::endgroup::
[2024-08-27T01:23:51.165+0000] {logging_mixin.py:188} INFO - ***
[2024-08-27T01:23:51.185+0000] {python.py:237} INFO - Done. Returned value was: None
[2024-08-27T01:23:51.194+0000] {taskinstance.py:441} INFO - ::group::Post task execution logs
[2024-08-27T01:23:51.344+0000] {taskinstance.py:1206} INFO - Marking task as SUCCESS. dag_id=microdesafio_semana_10, task_id=***, run_id=scheduled__2024-05-15T00:00:00+00:00, execution_date=20240515T000000, start_date=20240827T012348, end_date=20240827T012351
[2024-08-27T01:23:51.631+0000] {local_task_job_runner.py:240} INFO - Task exited with return code 0
[2024-08-27T01:23:51.829+0000] {taskinstance.py:3503} INFO - 1 downstream tasks scheduled from follow-on schedule check
[2024-08-27T01:23:51.852+0000] {local_task_job_runner.py:222} INFO - ::endgroup::
