[2024-08-27T01:22:39.882+0000] {local_task_job_runner.py:120} INFO - ::group::Pre task execution logs
[2024-08-27T01:22:40.219+0000] {taskinstance.py:2076} INFO - Dependencies all met for dep_context=non-requeueable deps ti=<TaskInstance: microdesafio_semana_10.finish_dag scheduled__2024-04-23T00:00:00+00:00 [queued]>
[2024-08-27T01:22:40.440+0000] {taskinstance.py:2076} INFO - Dependencies all met for dep_context=requeueable deps ti=<TaskInstance: microdesafio_semana_10.finish_dag scheduled__2024-04-23T00:00:00+00:00 [queued]>
[2024-08-27T01:22:40.447+0000] {taskinstance.py:2306} INFO - Starting attempt 1 of 1
[2024-08-27T01:22:40.679+0000] {taskinstance.py:2330} INFO - Executing <Task(_PythonDecoratedOperator): finish_dag> on 2024-04-23 00:00:00+00:00
[2024-08-27T01:22:40.732+0000] {warnings.py:112} WARNING - /home/***/.local/lib/python3.12/site-packages/***/task/task_runner/standard_task_runner.py:61: DeprecationWarning: This process (pid=924) is multi-threaded, use of fork() may lead to deadlocks in the child.
  pid = os.fork()

[2024-08-27T01:22:40.734+0000] {standard_task_runner.py:63} INFO - Started process 939 to run task
[2024-08-27T01:22:40.760+0000] {standard_task_runner.py:90} INFO - Running: ['***', 'tasks', 'run', 'microdesafio_semana_10', 'finish_dag', 'scheduled__2024-04-23T00:00:00+00:00', '--job-id', '349', '--raw', '--subdir', 'DAGS_FOLDER/dag_test.py', '--cfg-path', '/tmp/tmpx145f7jd']
[2024-08-27T01:22:40.772+0000] {standard_task_runner.py:91} INFO - Job 349: Subtask finish_dag
[2024-08-27T01:22:41.146+0000] {task_command.py:426} INFO - Running <TaskInstance: microdesafio_semana_10.finish_dag scheduled__2024-04-23T00:00:00+00:00 [running]> on host 6a900cf20cab
[2024-08-27T01:22:42.017+0000] {taskinstance.py:2648} INFO - Exporting env vars: AIRFLOW_CTX_DAG_OWNER='***' AIRFLOW_CTX_DAG_ID='microdesafio_semana_10' AIRFLOW_CTX_TASK_ID='finish_dag' AIRFLOW_CTX_EXECUTION_DATE='2024-04-23T00:00:00+00:00' AIRFLOW_CTX_TRY_NUMBER='1' AIRFLOW_CTX_DAG_RUN_ID='scheduled__2024-04-23T00:00:00+00:00'
[2024-08-27T01:22:42.018+0000] {taskinstance.py:430} INFO - ::endgroup::
[2024-08-27T01:22:42.020+0000] {logging_mixin.py:188} INFO - dag finish
[2024-08-27T01:22:42.021+0000] {python.py:237} INFO - Done. Returned value was: None
[2024-08-27T01:22:42.022+0000] {taskinstance.py:441} INFO - ::group::Post task execution logs
[2024-08-27T01:22:42.172+0000] {taskinstance.py:1206} INFO - Marking task as SUCCESS. dag_id=microdesafio_semana_10, task_id=finish_dag, run_id=scheduled__2024-04-23T00:00:00+00:00, execution_date=20240423T000000, start_date=20240827T012240, end_date=20240827T012242
[2024-08-27T01:22:42.458+0000] {local_task_job_runner.py:240} INFO - Task exited with return code 0
[2024-08-27T01:22:42.502+0000] {taskinstance.py:3503} INFO - 0 downstream tasks scheduled from follow-on schedule check
[2024-08-27T01:22:42.513+0000] {local_task_job_runner.py:222} INFO - ::endgroup::
