[2024-08-27T01:19:20.325+0000] {local_task_job_runner.py:120} INFO - ::group::Pre task execution logs
[2024-08-27T01:19:20.851+0000] {taskinstance.py:2076} INFO - Dependencies all met for dep_context=non-requeueable deps ti=<TaskInstance: microdesafio_semana_10.airflow scheduled__2024-02-13T00:00:00+00:00 [queued]>
[2024-08-27T01:19:21.170+0000] {taskinstance.py:2076} INFO - Dependencies all met for dep_context=requeueable deps ti=<TaskInstance: microdesafio_semana_10.airflow scheduled__2024-02-13T00:00:00+00:00 [queued]>
[2024-08-27T01:19:21.198+0000] {taskinstance.py:2306} INFO - Starting attempt 1 of 1
[2024-08-27T01:19:21.763+0000] {taskinstance.py:2330} INFO - Executing <Task(_PythonDecoratedOperator): airflow> on 2024-02-13 00:00:00+00:00
[2024-08-27T01:19:22.175+0000] {warnings.py:112} WARNING - /home/***/.local/lib/python3.12/site-packages/***/task/task_runner/standard_task_runner.py:61: DeprecationWarning: This process (pid=376) is multi-threaded, use of fork() may lead to deadlocks in the child.
  pid = os.fork()

[2024-08-27T01:19:22.197+0000] {standard_task_runner.py:63} INFO - Started process 403 to run task
[2024-08-27T01:19:22.294+0000] {standard_task_runner.py:90} INFO - Running: ['***', 'tasks', 'run', 'microdesafio_semana_10', '***', 'scheduled__2024-02-13T00:00:00+00:00', '--job-id', '127', '--raw', '--subdir', 'DAGS_FOLDER/dag_test.py', '--cfg-path', '/tmp/tmpfj31h58h']
[2024-08-27T01:19:22.303+0000] {standard_task_runner.py:91} INFO - Job 127: Subtask ***
[2024-08-27T01:19:23.080+0000] {task_command.py:426} INFO - Running <TaskInstance: microdesafio_semana_10.airflow scheduled__2024-02-13T00:00:00+00:00 [running]> on host 6a900cf20cab
[2024-08-27T01:19:25.976+0000] {taskinstance.py:2648} INFO - Exporting env vars: AIRFLOW_CTX_DAG_OWNER='***' AIRFLOW_CTX_DAG_ID='microdesafio_semana_10' AIRFLOW_CTX_TASK_ID='***' AIRFLOW_CTX_EXECUTION_DATE='2024-02-13T00:00:00+00:00' AIRFLOW_CTX_TRY_NUMBER='1' AIRFLOW_CTX_DAG_RUN_ID='scheduled__2024-02-13T00:00:00+00:00'
[2024-08-27T01:19:26.024+0000] {taskinstance.py:430} INFO - ::endgroup::
[2024-08-27T01:19:26.049+0000] {logging_mixin.py:188} INFO - ***
[2024-08-27T01:19:26.075+0000] {python.py:237} INFO - Done. Returned value was: None
[2024-08-27T01:19:26.102+0000] {taskinstance.py:441} INFO - ::group::Post task execution logs
[2024-08-27T01:19:26.253+0000] {taskinstance.py:1206} INFO - Marking task as SUCCESS. dag_id=microdesafio_semana_10, task_id=***, run_id=scheduled__2024-02-13T00:00:00+00:00, execution_date=20240213T000000, start_date=20240827T011920, end_date=20240827T011926
[2024-08-27T01:19:26.631+0000] {local_task_job_runner.py:240} INFO - Task exited with return code 0
[2024-08-27T01:19:27.006+0000] {taskinstance.py:3503} INFO - 1 downstream tasks scheduled from follow-on schedule check
[2024-08-27T01:19:27.028+0000] {local_task_job_runner.py:222} INFO - ::endgroup::
